#
# There is insufficient memory for the Java Runtime Environment to continue.
# Native memory allocation (malloc) failed to allocate 958416 bytes. Error detail: Chunk::new
# Possible reasons:
#   The system is out of physical RAM or swap space
#   This process is running with CompressedOops enabled, and the Java Heap may be blocking the growth of the native heap
# Possible solutions:
#   Reduce memory load on the system
#   Increase physical memory or swap space
#   Check if swap backing store is full
#   Decrease Java heap size (-Xmx/-Xms)
#   Decrease number of Java threads
#   Decrease Java thread stack sizes (-Xss)
#   Set larger code cache with -XX:ReservedCodeCacheSize=
#   JVM is running with Unscaled Compressed Oops mode in which the Java heap is
#     placed in the first 4GB address space. The Java Heap base address is the
#     maximum limit for the native heap growth. Please use -XX:HeapBaseMinAddress
#     to set the Java Heap base and to place the Java Heap above 4GB virtual address.
# This output file may be truncated or incomplete.
#
#  Out of Memory Error (arena.cpp:150), pid=21804, tid=21116
#
# JRE version: Java(TM) SE Runtime Environment (22.0.1+8) (build 22.0.1+8-16)
# Java VM: Java HotSpot(TM) 64-Bit Server VM (22.0.1+8-16, mixed mode, sharing, tiered, compressed oops, compressed class ptrs, g1 gc, windows-amd64)
# No core dump will be written. Minidumps are not enabled by default on client versions of Windows
#

---------------  S U M M A R Y ------------

Command Line: --add-opens=java.base/java.util=ALL-UNNAMED --add-opens=java.base/java.lang=ALL-UNNAMED --add-opens=java.base/java.lang.invoke=ALL-UNNAMED --add-opens=java.prefs/java.util.prefs=ALL-UNNAMED --add-exports=jdk.compiler/com.sun.tools.javac.api=ALL-UNNAMED --add-exports=jdk.compiler/com.sun.tools.javac.util=ALL-UNNAMED --add-opens=java.base/java.nio.charset=ALL-UNNAMED --add-opens=java.base/java.net=ALL-UNNAMED --add-opens=java.base/java.util.concurrent.atomic=ALL-UNNAMED -XX:MaxMetaspaceSize=384m -XX:+HeapDumpOnOutOfMemoryError -Xms256m -Xmx512m -Dfile.encoding=UTF-8 -Duser.country=GB -Duser.language=en -Duser.variant -javaagent:C:\Users\LAPTOP\.gradle\wrapper\dists\gradle-8.10.1-bin\e90i968nv55tch01zkse4avv3\gradle-8.10.1\lib\agents\gradle-instrumentation-agent-8.10.1.jar org.gradle.launcher.daemon.bootstrap.GradleDaemon 8.10.1

Host: Intel(R) Core(TM) i5-8265U CPU @ 1.60GHz, 8 cores, 7G,  Windows 11 , 64 bit Build 22621 (10.0.22621.4391)
Time: Tue Nov 26 14:54:17 2024 SE Asia Standard Time elapsed time: 9.629021 seconds (0d 0h 0m 9s)

---------------  T H R E A D  ---------------

Current thread (0x000001ec5432eed0):  JavaThread "C2 CompilerThread1" daemon [_thread_in_native, id=21116, stack(0x0000007cab700000,0x0000007cab800000) (1024K)]


Current CompileTask:
C2:9629 3407   !   4       java.net.URL::<init> (543 bytes)

Stack: [0x0000007cab700000,0x0000007cab800000]
Native frames: (J=compiled Java code, j=interpreted, Vv=VM code, C=native code)
V  [jvm.dll+0x6e2279]  (no source info available)
V  [jvm.dll+0x874e33]  (no source info available)
V  [jvm.dll+0x87725e]  (no source info available)
V  [jvm.dll+0x877933]  (no source info available)
V  [jvm.dll+0x27fd76]  (no source info available)
V  [jvm.dll+0xc3d0f]  (no source info available)
V  [jvm.dll+0xc3f6b]  (no source info available)
V  [jvm.dll+0x3bb0d2]  (no source info available)
V  [jvm.dll+0x387b6b]  (no source info available)
V  [jvm.dll+0x386fda]  (no source info available)
V  [jvm.dll+0x247918]  (no source info available)
V  [jvm.dll+0x246fbf]  (no source info available)
V  [jvm.dll+0x1c4e90]  (no source info available)
V  [jvm.dll+0x2569fe]  (no source info available)
V  [jvm.dll+0x254cba]  (no source info available)
V  [jvm.dll+0x3f5336]  (no source info available)
V  [jvm.dll+0x81d44b]  (no source info available)
V  [jvm.dll+0x6e0915]  (no source info available)
C  [ucrtbase.dll+0x29333]  (no source info available)
C  [KERNEL32.DLL+0x1259d]  (no source info available)
C  [ntdll.dll+0x5af38]  (no source info available)


---------------  P R O C E S S  ---------------

Threads class SMR info:
_java_thread_list=0x000001ec55574cc0, length=32, elements={
0x000001ec1b301d10, 0x000001ec37fd48a0, 0x000001ec37fd5300, 0x000001ec37fd6640,
0x000001ec37fd7950, 0x000001ec51108090, 0x000001ec5112a6d0, 0x000001ec37fde6b0,
0x000001ec5112c760, 0x000001ec511ed710, 0x000001ec513edf40, 0x000001ec52b70ac0,
0x000001ec52d13880, 0x000001ec52ddfe20, 0x000001ec5302f0d0, 0x000001ec53022130,
0x000001ec53034240, 0x000001ec528ae270, 0x000001ec528ae900, 0x000001ec528acec0,
0x000001ec528adbe0, 0x000001ec528ac1a0, 0x000001ec528ad550, 0x000001ec528ab480,
0x000001ec5432eed0, 0x000001ec528ac830, 0x000001ec5500a440, 0x000001ec5500b7f0,
0x000001ec5500d8c0, 0x000001ec5500c510, 0x000001ec55007ce0, 0x000001ec5500cba0
}

Java Threads: ( => current thread )
  0x000001ec1b301d10 JavaThread "main"                              [_thread_blocked, id=16508, stack(0x0000007ca9100000,0x0000007ca9200000) (1024K)]
  0x000001ec37fd48a0 JavaThread "Reference Handler"          daemon [_thread_blocked, id=10892, stack(0x0000007ca9900000,0x0000007ca9a00000) (1024K)]
  0x000001ec37fd5300 JavaThread "Finalizer"                  daemon [_thread_blocked, id=2200, stack(0x0000007ca9a00000,0x0000007ca9b00000) (1024K)]
  0x000001ec37fd6640 JavaThread "Signal Dispatcher"          daemon [_thread_blocked, id=7560, stack(0x0000007ca9b00000,0x0000007ca9c00000) (1024K)]
  0x000001ec37fd7950 JavaThread "Attach Listener"            daemon [_thread_blocked, id=19640, stack(0x0000007ca9c00000,0x0000007ca9d00000) (1024K)]
  0x000001ec51108090 JavaThread "Service Thread"             daemon [_thread_blocked, id=20516, stack(0x0000007ca9d00000,0x0000007ca9e00000) (1024K)]
  0x000001ec5112a6d0 JavaThread "Monitor Deflation Thread"   daemon [_thread_blocked, id=4880, stack(0x0000007ca9e00000,0x0000007ca9f00000) (1024K)]
  0x000001ec37fde6b0 JavaThread "C2 CompilerThread0"         daemon [_thread_in_native, id=19248, stack(0x0000007ca9f00000,0x0000007caa000000) (1024K)]
  0x000001ec5112c760 JavaThread "C1 CompilerThread0"         daemon [_thread_blocked, id=9696, stack(0x0000007caa000000,0x0000007caa100000) (1024K)]
  0x000001ec511ed710 JavaThread "Common-Cleaner"             daemon [_thread_blocked, id=12008, stack(0x0000007caa100000,0x0000007caa200000) (1024K)]
  0x000001ec513edf40 JavaThread "Notification Thread"        daemon [_thread_blocked, id=6456, stack(0x0000007caa200000,0x0000007caa300000) (1024K)]
  0x000001ec52b70ac0 JavaThread "Daemon health stats"               [_thread_blocked, id=5212, stack(0x0000007caa800000,0x0000007caa900000) (1024K)]
  0x000001ec52d13880 JavaThread "Incoming local TCP Connector on port 58797"        [_thread_in_native, id=18968, stack(0x0000007caa900000,0x0000007caaa00000) (1024K)]
  0x000001ec52ddfe20 JavaThread "Daemon periodic checks"            [_thread_blocked, id=17592, stack(0x0000007caaa00000,0x0000007caab00000) (1024K)]
  0x000001ec5302f0d0 JavaThread "Daemon"                            [_thread_blocked, id=21924, stack(0x0000007caad00000,0x0000007caae00000) (1024K)]
  0x000001ec53022130 JavaThread "Handler for socket connection from /127.0.0.1:58797 to /127.0.0.1:58798"        [_thread_in_native, id=8624, stack(0x0000007caae00000,0x0000007caaf00000) (1024K)]
  0x000001ec53034240 JavaThread "Cancel handler"                    [_thread_blocked, id=9880, stack(0x0000007caaf00000,0x0000007cab000000) (1024K)]
  0x000001ec528ae270 JavaThread "Daemon worker"                     [_thread_in_vm, id=18464, stack(0x0000007cab000000,0x0000007cab100000) (1024K)]
  0x000001ec528ae900 JavaThread "Asynchronous log dispatcher for DefaultDaemonConnection: socket connection from /127.0.0.1:58797 to /127.0.0.1:58798"        [_thread_blocked, id=21468, stack(0x0000007cab100000,0x0000007cab200000) (1024K)]
  0x000001ec528acec0 JavaThread "Stdin handler"                     [_thread_blocked, id=14468, stack(0x0000007cab200000,0x0000007cab300000) (1024K)]
  0x000001ec528adbe0 JavaThread "Daemon client event forwarder"        [_thread_blocked, id=12880, stack(0x0000007cab300000,0x0000007cab400000) (1024K)]
  0x000001ec528ac1a0 JavaThread "Cache worker for journal cache (C:\Users\LAPTOP\.gradle\caches\journal-1)"        [_thread_blocked, id=14340, stack(0x0000007cab400000,0x0000007cab500000) (1024K)]
  0x000001ec528ad550 JavaThread "File lock request listener"        [_thread_in_native, id=2984, stack(0x0000007cab500000,0x0000007cab600000) (1024K)]
  0x000001ec528ab480 JavaThread "Cache worker for file hash cache (C:\Users\LAPTOP\.gradle\caches\8.10.1\fileHashes)"        [_thread_blocked, id=21596, stack(0x0000007cab600000,0x0000007cab700000) (1024K)]
=>0x000001ec5432eed0 JavaThread "C2 CompilerThread1"         daemon [_thread_in_native, id=21116, stack(0x0000007cab700000,0x0000007cab800000) (1024K)]
  0x000001ec528ac830 JavaThread "Cache worker for file hash cache (C:\Users\LAPTOP\IdeaProjects\Java_Web_2024_Nhom_12_BE\.gradle\8.10.1\fileHashes)"        [_thread_blocked, id=12852, stack(0x0000007cab900000,0x0000007caba00000) (1024K)]
  0x000001ec5500a440 JavaThread "Cache worker for Build Output Cleanup Cache (C:\Users\LAPTOP\IdeaProjects\Java_Web_2024_Nhom_12_BE\.gradle\buildOutputCleanup)"        [_thread_blocked, id=9640, stack(0x0000007caba00000,0x0000007cabb00000) (1024K)]
  0x000001ec5500b7f0 JavaThread "File watcher server"        daemon [_thread_in_native, id=20028, stack(0x0000007cabb00000,0x0000007cabc00000) (1024K)]
  0x000001ec5500d8c0 JavaThread "File watcher consumer"      daemon [_thread_blocked, id=1704, stack(0x0000007cabc00000,0x0000007cabd00000) (1024K)]
  0x000001ec5500c510 JavaThread "Cache worker for checksums cache (C:\Users\LAPTOP\IdeaProjects\Java_Web_2024_Nhom_12_BE\.gradle\8.10.1\checksums)"        [_thread_blocked, id=10624, stack(0x0000007cabd00000,0x0000007cabe00000) (1024K)]
  0x000001ec55007ce0 JavaThread "Cache worker for file content cache (C:\Users\LAPTOP\.gradle\caches\8.10.1\fileContent)"        [_thread_blocked, id=15564, stack(0x0000007cabe00000,0x0000007cabf00000) (1024K)]
  0x000001ec5500cba0 JavaThread "Cache worker for cache directory md-rule (C:\Users\LAPTOP\.gradle\caches\8.10.1\md-rule)"        [_thread_blocked, id=3948, stack(0x0000007cabf00000,0x0000007cac000000) (1024K)]
Total: 32

Other Threads:
  0x000001ec37fb79f0 VMThread "VM Thread"                           [id=8492, stack(0x0000007ca9800000,0x0000007ca9900000) (1024K)]
  0x000001ec1b5966a0 WatcherThread "VM Periodic Task Thread"        [id=8612, stack(0x0000007ca9700000,0x0000007ca9800000) (1024K)]
  0x000001ec1b5cc410 WorkerThread "GC Thread#0"                     [id=20504, stack(0x0000007ca9200000,0x0000007ca9300000) (1024K)]
  0x000001ec51c21c10 WorkerThread "GC Thread#1"                     [id=5460, stack(0x0000007caa300000,0x0000007caa400000) (1024K)]
  0x000001ec517392d0 WorkerThread "GC Thread#2"                     [id=13720, stack(0x0000007caa400000,0x0000007caa500000) (1024K)]
  0x000001ec51430130 WorkerThread "GC Thread#3"                     [id=14524, stack(0x0000007caa500000,0x0000007caa600000) (1024K)]
  0x000001ec513eefd0 WorkerThread "GC Thread#4"                     [id=12980, stack(0x0000007caa600000,0x0000007caa700000) (1024K)]
  0x000001ec513efba0 WorkerThread "GC Thread#5"                     [id=740, stack(0x0000007caa700000,0x0000007caa800000) (1024K)]
  0x000001ec53039090 WorkerThread "GC Thread#6"                     [id=21200, stack(0x0000007caab00000,0x0000007caac00000) (1024K)]
  0x000001ec53039440 WorkerThread "GC Thread#7"                     [id=8576, stack(0x0000007caac00000,0x0000007caad00000) (1024K)]
  0x000001ec1b5d11a0 ConcurrentGCThread "G1 Main Marker"            [id=21392, stack(0x0000007ca9300000,0x0000007ca9400000) (1024K)]
  0x000001ec1b5d1a50 WorkerThread "G1 Conc#0"                       [id=14912, stack(0x0000007ca9400000,0x0000007ca9500000) (1024K)]
  0x000001ec54cd4bd0 WorkerThread "G1 Conc#1"                       [id=20976, stack(0x0000007cab800000,0x0000007cab900000) (1024K)]
  0x000001ec37e78610 ConcurrentGCThread "G1 Refine#0"               [id=20240, stack(0x0000007ca9500000,0x0000007ca9600000) (1024K)]
  0x000001ec37e78e40 ConcurrentGCThread "G1 Service"                [id=17296, stack(0x0000007ca9600000,0x0000007ca9700000) (1024K)]
Total: 15

Threads with active compile tasks:
C2 CompilerThread0  9973 3489   !   4       java.net.URLClassLoader::findClass (47 bytes)
C2 CompilerThread1  9973 3407   !   4       java.net.URL::<init> (543 bytes)
Total: 2

VM state: not at safepoint (normal execution)

VM Mutex/Monitor currently owned by a thread: None

Heap address: 0x00000000e0000000, size: 512 MB, Compressed Oops mode: 32-bit

CDS archive(s) mapped at: [0x000001ec38000000-0x000001ec38c60000-0x000001ec38c60000), size 12976128, SharedBaseAddress: 0x000001ec38000000, ArchiveRelocationMode: 1.
Compressed class space mapped at: 0x000001ec39000000-0x000001ec4d000000, reserved size: 335544320
Narrow klass base: 0x000001ec38000000, Narrow klass shift: 0, Narrow klass range: 0x15000000

GC Precious Log:
 CardTable entry size: 512
 Card Set container configuration: InlinePtr #cards 5 size 8 Array Of Cards #cards 12 size 40 Howl #buckets 4 coarsen threshold 1843 Howl Bitmap #cards 512 size 80 coarsen threshold 460 Card regions per heap region 1 cards per card region 2048
 CPUs: 8 total, 8 available
 Memory: 8013M
 Large Page Support: Disabled
 NUMA Support: Disabled
 Compressed Oops: Enabled (32-bit)
 Heap Region Size: 1M
 Heap Min Capacity: 256M
 Heap Initial Capacity: 256M
 Heap Max Capacity: 512M
 Pre-touch: Disabled
 Parallel Workers: 8
 Concurrent Workers: 2
 Concurrent Refinement Workers: 8
 Periodic GC: Disabled

Heap:
 garbage-first heap   total reserved 524288K, committed 262144K, used 77112K [0x00000000e0000000, 0x0000000100000000)
  region size 1024K, 64 young (65536K), 14 survivors (14336K)
 Metaspace       used 26781K, committed 27968K, reserved 393216K
  class space    used 4122K, committed 4672K, reserved 327680K

Heap Regions: E=young(eden), S=young(survivor), O=old, HS=humongous(starts), HC=humongous(continues), CS=collection set, F=free, TAMS=top-at-mark-start, PB=parsable bottom
|   0|0x00000000e0000000, 0x00000000e0100000, 0x00000000e0100000|100%|HS|  |TAMS 0x00000000e0000000| PB 0x00000000e0000000| Complete |  0
|   1|0x00000000e0100000, 0x00000000e0200000, 0x00000000e0200000|100%|HC|  |TAMS 0x00000000e0100000| PB 0x00000000e0100000| Complete |  0
|   2|0x00000000e0200000, 0x00000000e0300000, 0x00000000e0300000|100%|HC|  |TAMS 0x00000000e0200000| PB 0x00000000e0200000| Complete |  0
|   3|0x00000000e0300000, 0x00000000e0400000, 0x00000000e0400000|100%|HC|  |TAMS 0x00000000e0300000| PB 0x00000000e0300000| Complete |  0
|   4|0x00000000e0400000, 0x00000000e0500000, 0x00000000e0500000|100%| O|  |TAMS 0x00000000e0400000| PB 0x00000000e0400000| Untracked |  0
|   5|0x00000000e0500000, 0x00000000e0600000, 0x00000000e0600000|100%| O|  |TAMS 0x00000000e0500000| PB 0x00000000e0500000| Untracked |  0
|   6|0x00000000e0600000, 0x00000000e0700000, 0x00000000e0700000|100%| O|Cm|TAMS 0x00000000e0600000| PB 0x00000000e0600000| Complete |  0
|   7|0x00000000e0700000, 0x00000000e0800000, 0x00000000e0800000|100%| O|  |TAMS 0x00000000e0700000| PB 0x00000000e0700000| Untracked |  0
|   8|0x00000000e0800000, 0x00000000e0900000, 0x00000000e0900000|100%| O|  |TAMS 0x00000000e0800000| PB 0x00000000e0800000| Untracked |  0
|   9|0x00000000e0900000, 0x00000000e0a00000, 0x00000000e0a00000|100%| O|  |TAMS 0x00000000e0900000| PB 0x00000000e0900000| Untracked |  0
|  10|0x00000000e0a00000, 0x00000000e0b00000, 0x00000000e0b00000|100%| O|  |TAMS 0x00000000e0a00000| PB 0x00000000e0a00000| Untracked |  0
|  11|0x00000000e0b00000, 0x00000000e0c00000, 0x00000000e0c00000|100%|HS|  |TAMS 0x00000000e0b00000| PB 0x00000000e0b00000| Complete |  0
|  12|0x00000000e0c00000, 0x00000000e0c00000, 0x00000000e0d00000|  0%| F|  |TAMS 0x00000000e0c00000| PB 0x00000000e0c00000| Untracked |  0
|  13|0x00000000e0d00000, 0x00000000e0d57940, 0x00000000e0e00000| 34%| O|  |TAMS 0x00000000e0d00000| PB 0x00000000e0d00000| Untracked |  0
|  14|0x00000000e0e00000, 0x00000000e0e00000, 0x00000000e0f00000|  0%| F|  |TAMS 0x00000000e0e00000| PB 0x00000000e0e00000| Untracked |  0
|  15|0x00000000e0f00000, 0x00000000e0f00000, 0x00000000e1000000|  0%| F|  |TAMS 0x00000000e0f00000| PB 0x00000000e0f00000| Untracked |  0
|  16|0x00000000e1000000, 0x00000000e1000000, 0x00000000e1100000|  0%| F|  |TAMS 0x00000000e1000000| PB 0x00000000e1000000| Untracked |  0
|  17|0x00000000e1100000, 0x00000000e1100000, 0x00000000e1200000|  0%| F|  |TAMS 0x00000000e1100000| PB 0x00000000e1100000| Untracked |  0
|  18|0x00000000e1200000, 0x00000000e1200000, 0x00000000e1300000|  0%| F|  |TAMS 0x00000000e1200000| PB 0x00000000e1200000| Untracked |  0
|  19|0x00000000e1300000, 0x00000000e1300000, 0x00000000e1400000|  0%| F|  |TAMS 0x00000000e1300000| PB 0x00000000e1300000| Untracked |  0
|  20|0x00000000e1400000, 0x00000000e1400000, 0x00000000e1500000|  0%| F|  |TAMS 0x00000000e1400000| PB 0x00000000e1400000| Untracked |  0
|  21|0x00000000e1500000, 0x00000000e1500000, 0x00000000e1600000|  0%| F|  |TAMS 0x00000000e1500000| PB 0x00000000e1500000| Untracked |  0
|  22|0x00000000e1600000, 0x00000000e1600000, 0x00000000e1700000|  0%| F|  |TAMS 0x00000000e1600000| PB 0x00000000e1600000| Untracked |  0
|  23|0x00000000e1700000, 0x00000000e1700000, 0x00000000e1800000|  0%| F|  |TAMS 0x00000000e1700000| PB 0x00000000e1700000| Untracked |  0
|  24|0x00000000e1800000, 0x00000000e1800000, 0x00000000e1900000|  0%| F|  |TAMS 0x00000000e1800000| PB 0x00000000e1800000| Untracked |  0
|  25|0x00000000e1900000, 0x00000000e1900000, 0x00000000e1a00000|  0%| F|  |TAMS 0x00000000e1900000| PB 0x00000000e1900000| Untracked |  0
|  26|0x00000000e1a00000, 0x00000000e1a00000, 0x00000000e1b00000|  0%| F|  |TAMS 0x00000000e1a00000| PB 0x00000000e1a00000| Untracked |  0
|  27|0x00000000e1b00000, 0x00000000e1b00000, 0x00000000e1c00000|  0%| F|  |TAMS 0x00000000e1b00000| PB 0x00000000e1b00000| Untracked |  0
|  28|0x00000000e1c00000, 0x00000000e1c00000, 0x00000000e1d00000|  0%| F|  |TAMS 0x00000000e1c00000| PB 0x00000000e1c00000| Untracked |  0
|  29|0x00000000e1d00000, 0x00000000e1d00000, 0x00000000e1e00000|  0%| F|  |TAMS 0x00000000e1d00000| PB 0x00000000e1d00000| Untracked |  0
|  30|0x00000000e1e00000, 0x00000000e1e00000, 0x00000000e1f00000|  0%| F|  |TAMS 0x00000000e1e00000| PB 0x00000000e1e00000| Untracked |  0
|  31|0x00000000e1f00000, 0x00000000e1f00000, 0x00000000e2000000|  0%| F|  |TAMS 0x00000000e1f00000| PB 0x00000000e1f00000| Untracked |  0
|  32|0x00000000e2000000, 0x00000000e2000000, 0x00000000e2100000|  0%| F|  |TAMS 0x00000000e2000000| PB 0x00000000e2000000| Untracked |  0
|  33|0x00000000e2100000, 0x00000000e2100000, 0x00000000e2200000|  0%| F|  |TAMS 0x00000000e2100000| PB 0x00000000e2100000| Untracked |  0
|  34|0x00000000e2200000, 0x00000000e2200000, 0x00000000e2300000|  0%| F|  |TAMS 0x00000000e2200000| PB 0x00000000e2200000| Untracked |  0
|  35|0x00000000e2300000, 0x00000000e2300000, 0x00000000e2400000|  0%| F|  |TAMS 0x00000000e2300000| PB 0x00000000e2300000| Untracked |  0
|  36|0x00000000e2400000, 0x00000000e2400000, 0x00000000e2500000|  0%| F|  |TAMS 0x00000000e2400000| PB 0x00000000e2400000| Untracked |  0
|  37|0x00000000e2500000, 0x00000000e2500000, 0x00000000e2600000|  0%| F|  |TAMS 0x00000000e2500000| PB 0x00000000e2500000| Untracked |  0
|  38|0x00000000e2600000, 0x00000000e2600000, 0x00000000e2700000|  0%| F|  |TAMS 0x00000000e2600000| PB 0x00000000e2600000| Untracked |  0
|  39|0x00000000e2700000, 0x00000000e2700000, 0x00000000e2800000|  0%| F|  |TAMS 0x00000000e2700000| PB 0x00000000e2700000| Untracked |  0
|  40|0x00000000e2800000, 0x00000000e2800000, 0x00000000e2900000|  0%| F|  |TAMS 0x00000000e2800000| PB 0x00000000e2800000| Untracked |  0
|  41|0x00000000e2900000, 0x00000000e2900000, 0x00000000e2a00000|  0%| F|  |TAMS 0x00000000e2900000| PB 0x00000000e2900000| Untracked |  0
|  42|0x00000000e2a00000, 0x00000000e2a00000, 0x00000000e2b00000|  0%| F|  |TAMS 0x00000000e2a00000| PB 0x00000000e2a00000| Untracked |  0
|  43|0x00000000e2b00000, 0x00000000e2b00000, 0x00000000e2c00000|  0%| F|  |TAMS 0x00000000e2b00000| PB 0x00000000e2b00000| Untracked |  0
|  44|0x00000000e2c00000, 0x00000000e2c00000, 0x00000000e2d00000|  0%| F|  |TAMS 0x00000000e2c00000| PB 0x00000000e2c00000| Untracked |  0
|  45|0x00000000e2d00000, 0x00000000e2d00000, 0x00000000e2e00000|  0%| F|  |TAMS 0x00000000e2d00000| PB 0x00000000e2d00000| Untracked |  0
|  46|0x00000000e2e00000, 0x00000000e2e00000, 0x00000000e2f00000|  0%| F|  |TAMS 0x00000000e2e00000| PB 0x00000000e2e00000| Untracked |  0
|  47|0x00000000e2f00000, 0x00000000e2f00000, 0x00000000e3000000|  0%| F|  |TAMS 0x00000000e2f00000| PB 0x00000000e2f00000| Untracked |  0
|  48|0x00000000e3000000, 0x00000000e3000000, 0x00000000e3100000|  0%| F|  |TAMS 0x00000000e3000000| PB 0x00000000e3000000| Untracked |  0
|  49|0x00000000e3100000, 0x00000000e3100000, 0x00000000e3200000|  0%| F|  |TAMS 0x00000000e3100000| PB 0x00000000e3100000| Untracked |  0
|  50|0x00000000e3200000, 0x00000000e3200000, 0x00000000e3300000|  0%| F|  |TAMS 0x00000000e3200000| PB 0x00000000e3200000| Untracked |  0
|  51|0x00000000e3300000, 0x00000000e3300000, 0x00000000e3400000|  0%| F|  |TAMS 0x00000000e3300000| PB 0x00000000e3300000| Untracked |  0
|  52|0x00000000e3400000, 0x00000000e3400000, 0x00000000e3500000|  0%| F|  |TAMS 0x00000000e3400000| PB 0x00000000e3400000| Untracked |  0
|  53|0x00000000e3500000, 0x00000000e3500000, 0x00000000e3600000|  0%| F|  |TAMS 0x00000000e3500000| PB 0x00000000e3500000| Untracked |  0
|  54|0x00000000e3600000, 0x00000000e3600000, 0x00000000e3700000|  0%| F|  |TAMS 0x00000000e3600000| PB 0x00000000e3600000| Untracked |  0
|  55|0x00000000e3700000, 0x00000000e3700000, 0x00000000e3800000|  0%| F|  |TAMS 0x00000000e3700000| PB 0x00000000e3700000| Untracked |  0
|  56|0x00000000e3800000, 0x00000000e3800000, 0x00000000e3900000|  0%| F|  |TAMS 0x00000000e3800000| PB 0x00000000e3800000| Untracked |  0
|  57|0x00000000e3900000, 0x00000000e3900000, 0x00000000e3a00000|  0%| F|  |TAMS 0x00000000e3900000| PB 0x00000000e3900000| Untracked |  0
|  58|0x00000000e3a00000, 0x00000000e3a00000, 0x00000000e3b00000|  0%| F|  |TAMS 0x00000000e3a00000| PB 0x00000000e3a00000| Untracked |  0
|  59|0x00000000e3b00000, 0x00000000e3b00000, 0x00000000e3c00000|  0%| F|  |TAMS 0x00000000e3b00000| PB 0x00000000e3b00000| Untracked |  0
|  60|0x00000000e3c00000, 0x00000000e3c00000, 0x00000000e3d00000|  0%| F|  |TAMS 0x00000000e3c00000| PB 0x00000000e3c00000| Untracked |  0
|  61|0x00000000e3d00000, 0x00000000e3d00000, 0x00000000e3e00000|  0%| F|  |TAMS 0x00000000e3d00000| PB 0x00000000e3d00000| Untracked |  0
|  62|0x00000000e3e00000, 0x00000000e3e00000, 0x00000000e3f00000|  0%| F|  |TAMS 0x00000000e3e00000| PB 0x00000000e3e00000| Untracked |  0
|  63|0x00000000e3f00000, 0x00000000e3f00000, 0x00000000e4000000|  0%| F|  |TAMS 0x00000000e3f00000| PB 0x00000000e3f00000| Untracked |  0
|  64|0x00000000e4000000, 0x00000000e4000000, 0x00000000e4100000|  0%| F|  |TAMS 0x00000000e4000000| PB 0x00000000e4000000| Untracked |  0
|  65|0x00000000e4100000, 0x00000000e4100000, 0x00000000e4200000|  0%| F|  |TAMS 0x00000000e4100000| PB 0x00000000e4100000| Untracked |  0
|  66|0x00000000e4200000, 0x00000000e4200000, 0x00000000e4300000|  0%| F|  |TAMS 0x00000000e4200000| PB 0x00000000e4200000| Untracked |  0
|  67|0x00000000e4300000, 0x00000000e4300000, 0x00000000e4400000|  0%| F|  |TAMS 0x00000000e4300000| PB 0x00000000e4300000| Untracked |  0
|  68|0x00000000e4400000, 0x00000000e4400000, 0x00000000e4500000|  0%| F|  |TAMS 0x00000000e4400000| PB 0x00000000e4400000| Untracked |  0
|  69|0x00000000e4500000, 0x00000000e4500000, 0x00000000e4600000|  0%| F|  |TAMS 0x00000000e4500000| PB 0x00000000e4500000| Untracked |  0
|  70|0x00000000e4600000, 0x00000000e4600000, 0x00000000e4700000|  0%| F|  |TAMS 0x00000000e4600000| PB 0x00000000e4600000| Untracked |  0
|  71|0x00000000e4700000, 0x00000000e4700000, 0x00000000e4800000|  0%| F|  |TAMS 0x00000000e4700000| PB 0x00000000e4700000| Untracked |  0
|  72|0x00000000e4800000, 0x00000000e4800000, 0x00000000e4900000|  0%| F|  |TAMS 0x00000000e4800000| PB 0x00000000e4800000| Untracked |  0
|  73|0x00000000e4900000, 0x00000000e4900000, 0x00000000e4a00000|  0%| F|  |TAMS 0x00000000e4900000| PB 0x00000000e4900000| Untracked |  0
|  74|0x00000000e4a00000, 0x00000000e4a00000, 0x00000000e4b00000|  0%| F|  |TAMS 0x00000000e4a00000| PB 0x00000000e4a00000| Untracked |  0
|  75|0x00000000e4b00000, 0x00000000e4b00000, 0x00000000e4c00000|  0%| F|  |TAMS 0x00000000e4b00000| PB 0x00000000e4b00000| Untracked |  0
|  76|0x00000000e4c00000, 0x00000000e4c00000, 0x00000000e4d00000|  0%| F|  |TAMS 0x00000000e4c00000| PB 0x00000000e4c00000| Untracked |  0
|  77|0x00000000e4d00000, 0x00000000e4d00000, 0x00000000e4e00000|  0%| F|  |TAMS 0x00000000e4d00000| PB 0x00000000e4d00000| Untracked |  0
|  78|0x00000000e4e00000, 0x00000000e4e00000, 0x00000000e4f00000|  0%| F|  |TAMS 0x00000000e4e00000| PB 0x00000000e4e00000| Untracked |  0
|  79|0x00000000e4f00000, 0x00000000e4f00000, 0x00000000e5000000|  0%| F|  |TAMS 0x00000000e4f00000| PB 0x00000000e4f00000| Untracked |  0
|  80|0x00000000e5000000, 0x00000000e5000000, 0x00000000e5100000|  0%| F|  |TAMS 0x00000000e5000000| PB 0x00000000e5000000| Untracked |  0
|  81|0x00000000e5100000, 0x00000000e5100000, 0x00000000e5200000|  0%| F|  |TAMS 0x00000000e5100000| PB 0x00000000e5100000| Untracked |  0
|  82|0x00000000e5200000, 0x00000000e5200000, 0x00000000e5300000|  0%| F|  |TAMS 0x00000000e5200000| PB 0x00000000e5200000| Untracked |  0
|  83|0x00000000e5300000, 0x00000000e5300000, 0x00000000e5400000|  0%| F|  |TAMS 0x00000000e5300000| PB 0x00000000e5300000| Untracked |  0
|  84|0x00000000e5400000, 0x00000000e5400000, 0x00000000e5500000|  0%| F|  |TAMS 0x00000000e5400000| PB 0x00000000e5400000| Untracked |  0
|  85|0x00000000e5500000, 0x00000000e5500000, 0x00000000e5600000|  0%| F|  |TAMS 0x00000000e5500000| PB 0x00000000e5500000| Untracked |  0
|  86|0x00000000e5600000, 0x00000000e5600000, 0x00000000e5700000|  0%| F|  |TAMS 0x00000000e5600000| PB 0x00000000e5600000| Untracked |  0
|  87|0x00000000e5700000, 0x00000000e5700000, 0x00000000e5800000|  0%| F|  |TAMS 0x00000000e5700000| PB 0x00000000e5700000| Untracked |  0
|  88|0x00000000e5800000, 0x00000000e5800000, 0x00000000e5900000|  0%| F|  |TAMS 0x00000000e5800000| PB 0x00000000e5800000| Untracked |  0
|  89|0x00000000e5900000, 0x00000000e5900000, 0x00000000e5a00000|  0%| F|  |TAMS 0x00000000e5900000| PB 0x00000000e5900000| Untracked |  0
|  90|0x00000000e5a00000, 0x00000000e5a00000, 0x00000000e5b00000|  0%| F|  |TAMS 0x00000000e5a00000| PB 0x00000000e5a00000| Untracked |  0
|  91|0x00000000e5b00000, 0x00000000e5b00000, 0x00000000e5c00000|  0%| F|  |TAMS 0x00000000e5b00000| PB 0x00000000e5b00000| Untracked |  0
|  92|0x00000000e5c00000, 0x00000000e5c00000, 0x00000000e5d00000|  0%| F|  |TAMS 0x00000000e5c00000| PB 0x00000000e5c00000| Untracked |  0
|  93|0x00000000e5d00000, 0x00000000e5d00000, 0x00000000e5e00000|  0%| F|  |TAMS 0x00000000e5d00000| PB 0x00000000e5d00000| Untracked |  0
|  94|0x00000000e5e00000, 0x00000000e5e00000, 0x00000000e5f00000|  0%| F|  |TAMS 0x00000000e5e00000| PB 0x00000000e5e00000| Untracked |  0
|  95|0x00000000e5f00000, 0x00000000e5f00000, 0x00000000e6000000|  0%| F|  |TAMS 0x00000000e5f00000| PB 0x00000000e5f00000| Untracked |  0
|  96|0x00000000e6000000, 0x00000000e6000000, 0x00000000e6100000|  0%| F|  |TAMS 0x00000000e6000000| PB 0x00000000e6000000| Untracked |  0
|  97|0x00000000e6100000, 0x00000000e6100000, 0x00000000e6200000|  0%| F|  |TAMS 0x00000000e6100000| PB 0x00000000e6100000| Untracked |  0
|  98|0x00000000e6200000, 0x00000000e6200000, 0x00000000e6300000|  0%| F|  |TAMS 0x00000000e6200000| PB 0x00000000e6200000| Untracked |  0
|  99|0x00000000e6300000, 0x00000000e6300000, 0x00000000e6400000|  0%| F|  |TAMS 0x00000000e6300000| PB 0x00000000e6300000| Untracked |  0
| 100|0x00000000e6400000, 0x00000000e6400000, 0x00000000e6500000|  0%| F|  |TAMS 0x00000000e6400000| PB 0x00000000e6400000| Untracked |  0
| 101|0x00000000e6500000, 0x00000000e6500000, 0x00000000e6600000|  0%| F|  |TAMS 0x00000000e6500000| PB 0x00000000e6500000| Untracked |  0
| 102|0x00000000e6600000, 0x00000000e6600000, 0x00000000e6700000|  0%| F|  |TAMS 0x00000000e6600000| PB 0x00000000e6600000| Untracked |  0
| 103|0x00000000e6700000, 0x00000000e6700000, 0x00000000e6800000|  0%| F|  |TAMS 0x00000000e6700000| PB 0x00000000e6700000| Untracked |  0
| 104|0x00000000e6800000, 0x00000000e6800000, 0x00000000e6900000|  0%| F|  |TAMS 0x00000000e6800000| PB 0x00000000e6800000| Untracked |  0
| 105|0x00000000e6900000, 0x00000000e6900000, 0x00000000e6a00000|  0%| F|  |TAMS 0x00000000e6900000| PB 0x00000000e6900000| Untracked |  0
| 106|0x00000000e6a00000, 0x00000000e6a00000, 0x00000000e6b00000|  0%| F|  |TAMS 0x00000000e6a00000| PB 0x00000000e6a00000| Untracked |  0
| 107|0x00000000e6b00000, 0x00000000e6b00000, 0x00000000e6c00000|  0%| F|  |TAMS 0x00000000e6b00000| PB 0x00000000e6b00000| Untracked |  0
| 108|0x00000000e6c00000, 0x00000000e6c00000, 0x00000000e6d00000|  0%| F|  |TAMS 0x00000000e6c00000| PB 0x00000000e6c00000| Untracked |  0
| 109|0x00000000e6d00000, 0x00000000e6d00000, 0x00000000e6e00000|  0%| F|  |TAMS 0x00000000e6d00000| PB 0x00000000e6d00000| Untracked |  0
| 110|0x00000000e6e00000, 0x00000000e6e00000, 0x00000000e6f00000|  0%| F|  |TAMS 0x00000000e6e00000| PB 0x00000000e6e00000| Untracked |  0
| 111|0x00000000e6f00000, 0x00000000e6f00000, 0x00000000e7000000|  0%| F|  |TAMS 0x00000000e6f00000| PB 0x00000000e6f00000| Untracked |  0
| 112|0x00000000e7000000, 0x00000000e7000000, 0x00000000e7100000|  0%| F|  |TAMS 0x00000000e7000000| PB 0x00000000e7000000| Untracked |  0
| 113|0x00000000e7100000, 0x00000000e7100000, 0x00000000e7200000|  0%| F|  |TAMS 0x00000000e7100000| PB 0x00000000e7100000| Untracked |  0
| 114|0x00000000e7200000, 0x00000000e7200000, 0x00000000e7300000|  0%| F|  |TAMS 0x00000000e7200000| PB 0x00000000e7200000| Untracked |  0
| 115|0x00000000e7300000, 0x00000000e7300000, 0x00000000e7400000|  0%| F|  |TAMS 0x00000000e7300000| PB 0x00000000e7300000| Untracked |  0
| 116|0x00000000e7400000, 0x00000000e7400000, 0x00000000e7500000|  0%| F|  |TAMS 0x00000000e7400000| PB 0x00000000e7400000| Untracked |  0
| 117|0x00000000e7500000, 0x00000000e7500000, 0x00000000e7600000|  0%| F|  |TAMS 0x00000000e7500000| PB 0x00000000e7500000| Untracked |  0
| 118|0x00000000e7600000, 0x00000000e7600000, 0x00000000e7700000|  0%| F|  |TAMS 0x00000000e7600000| PB 0x00000000e7600000| Untracked |  0
| 119|0x00000000e7700000, 0x00000000e7700000, 0x00000000e7800000|  0%| F|  |TAMS 0x00000000e7700000| PB 0x00000000e7700000| Untracked |  0
| 120|0x00000000e7800000, 0x00000000e7800000, 0x00000000e7900000|  0%| F|  |TAMS 0x00000000e7800000| PB 0x00000000e7800000| Untracked |  0
| 121|0x00000000e7900000, 0x00000000e7900000, 0x00000000e7a00000|  0%| F|  |TAMS 0x00000000e7900000| PB 0x00000000e7900000| Untracked |  0
| 122|0x00000000e7a00000, 0x00000000e7a00000, 0x00000000e7b00000|  0%| F|  |TAMS 0x00000000e7a00000| PB 0x00000000e7a00000| Untracked |  0
| 123|0x00000000e7b00000, 0x00000000e7b00000, 0x00000000e7c00000|  0%| F|  |TAMS 0x00000000e7b00000| PB 0x00000000e7b00000| Untracked |  0
| 124|0x00000000e7c00000, 0x00000000e7c00000, 0x00000000e7d00000|  0%| F|  |TAMS 0x00000000e7c00000| PB 0x00000000e7c00000| Untracked |  0
| 125|0x00000000e7d00000, 0x00000000e7d00000, 0x00000000e7e00000|  0%| F|  |TAMS 0x00000000e7d00000| PB 0x00000000e7d00000| Untracked |  0
| 126|0x00000000e7e00000, 0x00000000e7e00000, 0x00000000e7f00000|  0%| F|  |TAMS 0x00000000e7e00000| PB 0x00000000e7e00000| Untracked |  0
| 127|0x00000000e7f00000, 0x00000000e7f00000, 0x00000000e8000000|  0%| F|  |TAMS 0x00000000e7f00000| PB 0x00000000e7f00000| Untracked |  0
| 128|0x00000000e8000000, 0x00000000e8000000, 0x00000000e8100000|  0%| F|  |TAMS 0x00000000e8000000| PB 0x00000000e8000000| Untracked |  0
| 129|0x00000000e8100000, 0x00000000e8100000, 0x00000000e8200000|  0%| F|  |TAMS 0x00000000e8100000| PB 0x00000000e8100000| Untracked |  0
| 130|0x00000000e8200000, 0x00000000e8200000, 0x00000000e8300000|  0%| F|  |TAMS 0x00000000e8200000| PB 0x00000000e8200000| Untracked |  0
| 131|0x00000000e8300000, 0x00000000e8300000, 0x00000000e8400000|  0%| F|  |TAMS 0x00000000e8300000| PB 0x00000000e8300000| Untracked |  0
| 132|0x00000000e8400000, 0x00000000e8400000, 0x00000000e8500000|  0%| F|  |TAMS 0x00000000e8400000| PB 0x00000000e8400000| Untracked |  0
| 133|0x00000000e8500000, 0x00000000e8500000, 0x00000000e8600000|  0%| F|  |TAMS 0x00000000e8500000| PB 0x00000000e8500000| Untracked |  0
| 134|0x00000000e8600000, 0x00000000e8600000, 0x00000000e8700000|  0%| F|  |TAMS 0x00000000e8600000| PB 0x00000000e8600000| Untracked |  0
| 135|0x00000000e8700000, 0x00000000e8700000, 0x00000000e8800000|  0%| F|  |TAMS 0x00000000e8700000| PB 0x00000000e8700000| Untracked |  0
| 136|0x00000000e8800000, 0x00000000e8800000, 0x00000000e8900000|  0%| F|  |TAMS 0x00000000e8800000| PB 0x00000000e8800000| Untracked |  0
| 137|0x00000000e8900000, 0x00000000e8900000, 0x00000000e8a00000|  0%| F|  |TAMS 0x00000000e8900000| PB 0x00000000e8900000| Untracked |  0
| 138|0x00000000e8a00000, 0x00000000e8a00000, 0x00000000e8b00000|  0%| F|  |TAMS 0x00000000e8a00000| PB 0x00000000e8a00000| Untracked |  0
| 139|0x00000000e8b00000, 0x00000000e8b00000, 0x00000000e8c00000|  0%| F|  |TAMS 0x00000000e8b00000| PB 0x00000000e8b00000| Untracked |  0
| 140|0x00000000e8c00000, 0x00000000e8c00000, 0x00000000e8d00000|  0%| F|  |TAMS 0x00000000e8c00000| PB 0x00000000e8c00000| Untracked |  0
| 141|0x00000000e8d00000, 0x00000000e8d00000, 0x00000000e8e00000|  0%| F|  |TAMS 0x00000000e8d00000| PB 0x00000000e8d00000| Untracked |  0
| 142|0x00000000e8e00000, 0x00000000e8e00000, 0x00000000e8f00000|  0%| F|  |TAMS 0x00000000e8e00000| PB 0x00000000e8e00000| Untracked |  0
| 143|0x00000000e8f00000, 0x00000000e8f00000, 0x00000000e9000000|  0%| F|  |TAMS 0x00000000e8f00000| PB 0x00000000e8f00000| Untracked |  0
| 144|0x00000000e9000000, 0x00000000e9000000, 0x00000000e9100000|  0%| F|  |TAMS 0x00000000e9000000| PB 0x00000000e9000000| Untracked |  0
| 145|0x00000000e9100000, 0x00000000e9100000, 0x00000000e9200000|  0%| F|  |TAMS 0x00000000e9100000| PB 0x00000000e9100000| Untracked |  0
| 146|0x00000000e9200000, 0x00000000e9200000, 0x00000000e9300000|  0%| F|  |TAMS 0x00000000e9200000| PB 0x00000000e9200000| Untracked |  0
| 147|0x00000000e9300000, 0x00000000e9300000, 0x00000000e9400000|  0%| F|  |TAMS 0x00000000e9300000| PB 0x00000000e9300000| Untracked |  0
| 148|0x00000000e9400000, 0x00000000e9400000, 0x00000000e9500000|  0%| F|  |TAMS 0x00000000e9400000| PB 0x00000000e9400000| Untracked |  0
| 149|0x00000000e9500000, 0x00000000e9500000, 0x00000000e9600000|  0%| F|  |TAMS 0x00000000e9500000| PB 0x00000000e9500000| Untracked |  0
| 150|0x00000000e9600000, 0x00000000e9600000, 0x00000000e9700000|  0%| F|  |TAMS 0x00000000e9600000| PB 0x00000000e9600000| Untracked |  0
| 151|0x00000000e9700000, 0x00000000e9700000, 0x00000000e9800000|  0%| F|  |TAMS 0x00000000e9700000| PB 0x00000000e9700000| Untracked |  0
| 152|0x00000000e9800000, 0x00000000e9800000, 0x00000000e9900000|  0%| F|  |TAMS 0x00000000e9800000| PB 0x00000000e9800000| Untracked |  0
| 153|0x00000000e9900000, 0x00000000e9900000, 0x00000000e9a00000|  0%| F|  |TAMS 0x00000000e9900000| PB 0x00000000e9900000| Untracked |  0
| 154|0x00000000e9a00000, 0x00000000e9a00000, 0x00000000e9b00000|  0%| F|  |TAMS 0x00000000e9a00000| PB 0x00000000e9a00000| Untracked |  0
| 155|0x00000000e9b00000, 0x00000000e9b00000, 0x00000000e9c00000|  0%| F|  |TAMS 0x00000000e9b00000| PB 0x00000000e9b00000| Untracked |  0
| 156|0x00000000e9c00000, 0x00000000e9c00000, 0x00000000e9d00000|  0%| F|  |TAMS 0x00000000e9c00000| PB 0x00000000e9c00000| Untracked |  0
| 157|0x00000000e9d00000, 0x00000000e9d00000, 0x00000000e9e00000|  0%| F|  |TAMS 0x00000000e9d00000| PB 0x00000000e9d00000| Untracked |  0
| 158|0x00000000e9e00000, 0x00000000e9e00000, 0x00000000e9f00000|  0%| F|  |TAMS 0x00000000e9e00000| PB 0x00000000e9e00000| Untracked |  0
| 159|0x00000000e9f00000, 0x00000000e9f00000, 0x00000000ea000000|  0%| F|  |TAMS 0x00000000e9f00000| PB 0x00000000e9f00000| Untracked |  0
| 160|0x00000000ea000000, 0x00000000ea0f6a00, 0x00000000ea100000| 96%| S|CS|TAMS 0x00000000ea000000| PB 0x00000000ea000000| Complete |  0
| 161|0x00000000ea100000, 0x00000000ea200000, 0x00000000ea200000|100%| S|CS|TAMS 0x00000000ea100000| PB 0x00000000ea100000| Complete |  0
| 162|0x00000000ea200000, 0x00000000ea300000, 0x00000000ea300000|100%| S|CS|TAMS 0x00000000ea200000| PB 0x00000000ea200000| Complete |  0
| 163|0x00000000ea300000, 0x00000000ea400000, 0x00000000ea400000|100%| S|CS|TAMS 0x00000000ea300000| PB 0x00000000ea300000| Complete |  0
| 164|0x00000000ea400000, 0x00000000ea500000, 0x00000000ea500000|100%| S|CS|TAMS 0x00000000ea400000| PB 0x00000000ea400000| Complete |  0
| 165|0x00000000ea500000, 0x00000000ea600000, 0x00000000ea600000|100%| S|CS|TAMS 0x00000000ea500000| PB 0x00000000ea500000| Complete |  0
| 166|0x00000000ea600000, 0x00000000ea700000, 0x00000000ea700000|100%| S|CS|TAMS 0x00000000ea600000| PB 0x00000000ea600000| Complete |  0
| 167|0x00000000ea700000, 0x00000000ea800000, 0x00000000ea800000|100%| S|CS|TAMS 0x00000000ea700000| PB 0x00000000ea700000| Complete |  0
| 168|0x00000000ea800000, 0x00000000ea900000, 0x00000000ea900000|100%| S|CS|TAMS 0x00000000ea800000| PB 0x00000000ea800000| Complete |  0
| 169|0x00000000ea900000, 0x00000000eaa00000, 0x00000000eaa00000|100%| S|CS|TAMS 0x00000000ea900000| PB 0x00000000ea900000| Complete |  0
| 170|0x00000000eaa00000, 0x00000000eab00000, 0x00000000eab00000|100%| S|CS|TAMS 0x00000000eaa00000| PB 0x00000000eaa00000| Complete |  0
| 171|0x00000000eab00000, 0x00000000eac00000, 0x00000000eac00000|100%| S|CS|TAMS 0x00000000eab00000| PB 0x00000000eab00000| Complete |  0
| 172|0x00000000eac00000, 0x00000000ead00000, 0x00000000ead00000|100%| S|CS|TAMS 0x00000000eac00000| PB 0x00000000eac00000| Complete |  0
| 173|0x00000000ead00000, 0x00000000eae00000, 0x00000000eae00000|100%| S|CS|TAMS 0x00000000ead00000| PB 0x00000000ead00000| Complete |  0
| 174|0x00000000eae00000, 0x00000000eae00000, 0x00000000eaf00000|  0%| F|  |TAMS 0x00000000eae00000| PB 0x00000000eae00000| Untracked |  0
| 175|0x00000000eaf00000, 0x00000000eaf00000, 0x00000000eb000000|  0%| F|  |TAMS 0x00000000eaf00000| PB 0x00000000eaf00000| Untracked |  0
| 176|0x00000000eb000000, 0x00000000eb000000, 0x00000000eb100000|  0%| F|  |TAMS 0x00000000eb000000| PB 0x00000000eb000000| Untracked |  0
| 177|0x00000000eb100000, 0x00000000eb100000, 0x00000000eb200000|  0%| F|  |TAMS 0x00000000eb100000| PB 0x00000000eb100000| Untracked |  0
| 178|0x00000000eb200000, 0x00000000eb200000, 0x00000000eb300000|  0%| F|  |TAMS 0x00000000eb200000| PB 0x00000000eb200000| Untracked |  0
| 179|0x00000000eb300000, 0x00000000eb300000, 0x00000000eb400000|  0%| F|  |TAMS 0x00000000eb300000| PB 0x00000000eb300000| Untracked |  0
| 180|0x00000000eb400000, 0x00000000eb400000, 0x00000000eb500000|  0%| F|  |TAMS 0x00000000eb400000| PB 0x00000000eb400000| Untracked |  0
| 181|0x00000000eb500000, 0x00000000eb500000, 0x00000000eb600000|  0%| F|  |TAMS 0x00000000eb500000| PB 0x00000000eb500000| Untracked |  0
| 182|0x00000000eb600000, 0x00000000eb600000, 0x00000000eb700000|  0%| F|  |TAMS 0x00000000eb600000| PB 0x00000000eb600000| Untracked |  0
| 183|0x00000000eb700000, 0x00000000eb700000, 0x00000000eb800000|  0%| F|  |TAMS 0x00000000eb700000| PB 0x00000000eb700000| Untracked |  0
| 184|0x00000000eb800000, 0x00000000eb800000, 0x00000000eb900000|  0%| F|  |TAMS 0x00000000eb800000| PB 0x00000000eb800000| Untracked |  0
| 185|0x00000000eb900000, 0x00000000eb900000, 0x00000000eba00000|  0%| F|  |TAMS 0x00000000eb900000| PB 0x00000000eb900000| Untracked |  0
| 186|0x00000000eba00000, 0x00000000eba00000, 0x00000000ebb00000|  0%| F|  |TAMS 0x00000000eba00000| PB 0x00000000eba00000| Untracked |  0
| 187|0x00000000ebb00000, 0x00000000ebb00000, 0x00000000ebc00000|  0%| F|  |TAMS 0x00000000ebb00000| PB 0x00000000ebb00000| Untracked |  0
| 188|0x00000000ebc00000, 0x00000000ebc00000, 0x00000000ebd00000|  0%| F|  |TAMS 0x00000000ebc00000| PB 0x00000000ebc00000| Untracked |  0
| 189|0x00000000ebd00000, 0x00000000ebd00000, 0x00000000ebe00000|  0%| F|  |TAMS 0x00000000ebd00000| PB 0x00000000ebd00000| Untracked |  0
| 190|0x00000000ebe00000, 0x00000000ebe00000, 0x00000000ebf00000|  0%| F|  |TAMS 0x00000000ebe00000| PB 0x00000000ebe00000| Untracked |  0
| 191|0x00000000ebf00000, 0x00000000ebf00000, 0x00000000ec000000|  0%| F|  |TAMS 0x00000000ebf00000| PB 0x00000000ebf00000| Untracked |  0
| 192|0x00000000ec000000, 0x00000000ec000000, 0x00000000ec100000|  0%| F|  |TAMS 0x00000000ec000000| PB 0x00000000ec000000| Untracked |  0
| 193|0x00000000ec100000, 0x00000000ec100000, 0x00000000ec200000|  0%| F|  |TAMS 0x00000000ec100000| PB 0x00000000ec100000| Untracked |  0
| 194|0x00000000ec200000, 0x00000000ec200000, 0x00000000ec300000|  0%| F|  |TAMS 0x00000000ec200000| PB 0x00000000ec200000| Untracked |  0
| 195|0x00000000ec300000, 0x00000000ec300000, 0x00000000ec400000|  0%| F|  |TAMS 0x00000000ec300000| PB 0x00000000ec300000| Untracked |  0
| 196|0x00000000ec400000, 0x00000000ec400000, 0x00000000ec500000|  0%| F|  |TAMS 0x00000000ec400000| PB 0x00000000ec400000| Untracked |  0
| 197|0x00000000ec500000, 0x00000000ec500000, 0x00000000ec600000|  0%| F|  |TAMS 0x00000000ec500000| PB 0x00000000ec500000| Untracked |  0
| 198|0x00000000ec600000, 0x00000000ec600000, 0x00000000ec700000|  0%| F|  |TAMS 0x00000000ec600000| PB 0x00000000ec600000| Untracked |  0
| 199|0x00000000ec700000, 0x00000000ec700000, 0x00000000ec800000|  0%| F|  |TAMS 0x00000000ec700000| PB 0x00000000ec700000| Untracked |  0
| 200|0x00000000ec800000, 0x00000000ec800000, 0x00000000ec900000|  0%| F|  |TAMS 0x00000000ec800000| PB 0x00000000ec800000| Untracked |  0
| 201|0x00000000ec900000, 0x00000000ec900000, 0x00000000eca00000|  0%| F|  |TAMS 0x00000000ec900000| PB 0x00000000ec900000| Untracked |  0
| 202|0x00000000eca00000, 0x00000000eca00000, 0x00000000ecb00000|  0%| F|  |TAMS 0x00000000eca00000| PB 0x00000000eca00000| Untracked |  0
| 203|0x00000000ecb00000, 0x00000000ecb00000, 0x00000000ecc00000|  0%| F|  |TAMS 0x00000000ecb00000| PB 0x00000000ecb00000| Untracked |  0
| 204|0x00000000ecc00000, 0x00000000ecc00000, 0x00000000ecd00000|  0%| F|  |TAMS 0x00000000ecc00000| PB 0x00000000ecc00000| Untracked |  0
| 205|0x00000000ecd00000, 0x00000000ecd80000, 0x00000000ece00000| 50%| E|  |TAMS 0x00000000ecd00000| PB 0x00000000ecd00000| Complete |  0
| 206|0x00000000ece00000, 0x00000000ecf00000, 0x00000000ecf00000|100%| E|CS|TAMS 0x00000000ece00000| PB 0x00000000ece00000| Complete |  0
| 207|0x00000000ecf00000, 0x00000000ed000000, 0x00000000ed000000|100%| E|CS|TAMS 0x00000000ecf00000| PB 0x00000000ecf00000| Complete |  0
| 208|0x00000000ed000000, 0x00000000ed100000, 0x00000000ed100000|100%| E|CS|TAMS 0x00000000ed000000| PB 0x00000000ed000000| Complete |  0
| 209|0x00000000ed100000, 0x00000000ed200000, 0x00000000ed200000|100%| E|CS|TAMS 0x00000000ed100000| PB 0x00000000ed100000| Complete |  0
| 210|0x00000000ed200000, 0x00000000ed300000, 0x00000000ed300000|100%| E|CS|TAMS 0x00000000ed200000| PB 0x00000000ed200000| Complete |  0
| 211|0x00000000ed300000, 0x00000000ed400000, 0x00000000ed400000|100%| E|CS|TAMS 0x00000000ed300000| PB 0x00000000ed300000| Complete |  0
| 212|0x00000000ed400000, 0x00000000ed500000, 0x00000000ed500000|100%| E|CS|TAMS 0x00000000ed400000| PB 0x00000000ed400000| Complete |  0
| 213|0x00000000ed500000, 0x00000000ed600000, 0x00000000ed600000|100%| E|CS|TAMS 0x00000000ed500000| PB 0x00000000ed500000| Complete |  0
| 214|0x00000000ed600000, 0x00000000ed700000, 0x00000000ed700000|100%| E|CS|TAMS 0x00000000ed600000| PB 0x00000000ed600000| Complete |  0
| 215|0x00000000ed700000, 0x00000000ed800000, 0x00000000ed800000|100%| E|CS|TAMS 0x00000000ed700000| PB 0x00000000ed700000| Complete |  0
| 216|0x00000000ed800000, 0x00000000ed900000, 0x00000000ed900000|100%| E|CS|TAMS 0x00000000ed800000| PB 0x00000000ed800000| Complete |  0
| 217|0x00000000ed900000, 0x00000000eda00000, 0x00000000eda00000|100%| E|CS|TAMS 0x00000000ed900000| PB 0x00000000ed900000| Complete |  0
| 218|0x00000000eda00000, 0x00000000edb00000, 0x00000000edb00000|100%| E|CS|TAMS 0x00000000eda00000| PB 0x00000000eda00000| Complete |  0
| 219|0x00000000edb00000, 0x00000000edc00000, 0x00000000edc00000|100%| E|CS|TAMS 0x00000000edb00000| PB 0x00000000edb00000| Complete |  0
| 220|0x00000000edc00000, 0x00000000edd00000, 0x00000000edd00000|100%| E|CS|TAMS 0x00000000edc00000| PB 0x00000000edc00000| Complete |  0
| 221|0x00000000edd00000, 0x00000000ede00000, 0x00000000ede00000|100%| E|CS|TAMS 0x00000000edd00000| PB 0x00000000edd00000| Complete |  0
| 222|0x00000000ede00000, 0x00000000edf00000, 0x00000000edf00000|100%| E|CS|TAMS 0x00000000ede00000| PB 0x00000000ede00000| Complete |  0
| 223|0x00000000edf00000, 0x00000000ee000000, 0x00000000ee000000|100%| E|CS|TAMS 0x00000000edf00000| PB 0x00000000edf00000| Complete |  0
| 224|0x00000000ee000000, 0x00000000ee100000, 0x00000000ee100000|100%| E|CS|TAMS 0x00000000ee000000| PB 0x00000000ee000000| Complete |  0
| 225|0x00000000ee100000, 0x00000000ee200000, 0x00000000ee200000|100%| E|CS|TAMS 0x00000000ee100000| PB 0x00000000ee100000| Complete |  0
| 226|0x00000000ee200000, 0x00000000ee300000, 0x00000000ee300000|100%| E|CS|TAMS 0x00000000ee200000| PB 0x00000000ee200000| Complete |  0
| 227|0x00000000ee300000, 0x00000000ee400000, 0x00000000ee400000|100%| E|CS|TAMS 0x00000000ee300000| PB 0x00000000ee300000| Complete |  0
| 228|0x00000000ee400000, 0x00000000ee500000, 0x00000000ee500000|100%| E|CS|TAMS 0x00000000ee400000| PB 0x00000000ee400000| Complete |  0
| 229|0x00000000ee500000, 0x00000000ee600000, 0x00000000ee600000|100%| E|CS|TAMS 0x00000000ee500000| PB 0x00000000ee500000| Complete |  0
| 230|0x00000000ee600000, 0x00000000ee700000, 0x00000000ee700000|100%| E|CS|TAMS 0x00000000ee600000| PB 0x00000000ee600000| Complete |  0
| 231|0x00000000ee700000, 0x00000000ee800000, 0x00000000ee800000|100%| E|CS|TAMS 0x00000000ee700000| PB 0x00000000ee700000| Complete |  0
| 232|0x00000000ee800000, 0x00000000ee900000, 0x00000000ee900000|100%| E|CS|TAMS 0x00000000ee800000| PB 0x00000000ee800000| Complete |  0
| 233|0x00000000ee900000, 0x00000000eea00000, 0x00000000eea00000|100%| E|CS|TAMS 0x00000000ee900000| PB 0x00000000ee900000| Complete |  0
| 234|0x00000000eea00000, 0x00000000eeb00000, 0x00000000eeb00000|100%| E|CS|TAMS 0x00000000eea00000| PB 0x00000000eea00000| Complete |  0
| 235|0x00000000eeb00000, 0x00000000eec00000, 0x00000000eec00000|100%| E|CS|TAMS 0x00000000eeb00000| PB 0x00000000eeb00000| Complete |  0
| 236|0x00000000eec00000, 0x00000000eed00000, 0x00000000eed00000|100%| E|CS|TAMS 0x00000000eec00000| PB 0x00000000eec00000| Complete |  0
| 237|0x00000000eed00000, 0x00000000eee00000, 0x00000000eee00000|100%| E|CS|TAMS 0x00000000eed00000| PB 0x00000000eed00000| Complete |  0
| 238|0x00000000eee00000, 0x00000000eef00000, 0x00000000eef00000|100%| E|CS|TAMS 0x00000000eee00000| PB 0x00000000eee00000| Complete |  0
| 239|0x00000000eef00000, 0x00000000ef000000, 0x00000000ef000000|100%| E|CS|TAMS 0x00000000eef00000| PB 0x00000000eef00000| Complete |  0
| 240|0x00000000ef000000, 0x00000000ef100000, 0x00000000ef100000|100%| E|CS|TAMS 0x00000000ef000000| PB 0x00000000ef000000| Complete |  0
| 241|0x00000000ef100000, 0x00000000ef200000, 0x00000000ef200000|100%| E|CS|TAMS 0x00000000ef100000| PB 0x00000000ef100000| Complete |  0
| 242|0x00000000ef200000, 0x00000000ef300000, 0x00000000ef300000|100%| E|CS|TAMS 0x00000000ef200000| PB 0x00000000ef200000| Complete |  0
| 243|0x00000000ef300000, 0x00000000ef400000, 0x00000000ef400000|100%| E|CS|TAMS 0x00000000ef300000| PB 0x00000000ef300000| Complete |  0
| 244|0x00000000ef400000, 0x00000000ef500000, 0x00000000ef500000|100%| E|CS|TAMS 0x00000000ef400000| PB 0x00000000ef400000| Complete |  0
| 245|0x00000000ef500000, 0x00000000ef600000, 0x00000000ef600000|100%| E|CS|TAMS 0x00000000ef500000| PB 0x00000000ef500000| Complete |  0
| 246|0x00000000ef600000, 0x00000000ef700000, 0x00000000ef700000|100%| E|CS|TAMS 0x00000000ef600000| PB 0x00000000ef600000| Complete |  0
| 247|0x00000000ef700000, 0x00000000ef800000, 0x00000000ef800000|100%| E|CS|TAMS 0x00000000ef700000| PB 0x00000000ef700000| Complete |  0
| 248|0x00000000ef800000, 0x00000000ef900000, 0x00000000ef900000|100%| E|CS|TAMS 0x00000000ef800000| PB 0x00000000ef800000| Complete |  0
| 249|0x00000000ef900000, 0x00000000efa00000, 0x00000000efa00000|100%| E|CS|TAMS 0x00000000ef900000| PB 0x00000000ef900000| Complete |  0
| 250|0x00000000efa00000, 0x00000000efb00000, 0x00000000efb00000|100%| E|CS|TAMS 0x00000000efa00000| PB 0x00000000efa00000| Complete |  0
| 251|0x00000000efb00000, 0x00000000efc00000, 0x00000000efc00000|100%| E|CS|TAMS 0x00000000efb00000| PB 0x00000000efb00000| Complete |  0
| 252|0x00000000efc00000, 0x00000000efd00000, 0x00000000efd00000|100%| E|CS|TAMS 0x00000000efc00000| PB 0x00000000efc00000| Complete |  0
| 253|0x00000000efd00000, 0x00000000efe00000, 0x00000000efe00000|100%| E|CS|TAMS 0x00000000efd00000| PB 0x00000000efd00000| Complete |  0
| 254|0x00000000efe00000, 0x00000000eff00000, 0x00000000eff00000|100%| E|CS|TAMS 0x00000000efe00000| PB 0x00000000efe00000| Complete |  0
| 255|0x00000000eff00000, 0x00000000f0000000, 0x00000000f0000000|100%| E|CS|TAMS 0x00000000eff00000| PB 0x00000000eff00000| Complete |  0

Card table byte_map: [0x000001ec34c50000,0x000001ec34d50000] _byte_map_base: 0x000001ec34550000

Marking Bits: (CMBitMap*) 0x000001ec1b5cc8c0
 Bits: [0x000001ec34d50000, 0x000001ec35550000)

Polling page: 0x000001ec1b660000

Metaspace:

Usage:
  Non-class:     22.18 MB used.
      Class:      4.04 MB used.
       Both:     26.22 MB used.

Virtual space:
  Non-class space:       64.00 MB reserved,      22.75 MB ( 36%) committed,  1 nodes.
      Class space:      320.00 MB reserved,       4.62 MB (  1%) committed,  1 nodes.
             Both:      384.00 MB reserved,      27.38 MB (  7%) committed. 

Chunk freelists:
   Non-Class:  9.12 MB
       Class:  11.37 MB
        Both:  20.49 MB

MaxMetaspaceSize: 384.00 MB
CompressedClassSpaceSize: 320.00 MB
Initial GC threshold: 21.00 MB
Current GC threshold: 35.25 MB
CDS: on
 - commit_granule_bytes: 65536.
 - commit_granule_words: 8192.
 - virtual_space_node_default_size: 8388608.
 - enlarge_chunks_in_place: 1.
 - use_allocation_guard: 0.


Internal statistics:

num_allocs_failed_limit: 3.
num_arena_births: 1802.
num_arena_deaths: 0.
num_vsnodes_births: 2.
num_vsnodes_deaths: 0.
num_space_committed: 438.
num_space_uncommitted: 0.
num_chunks_returned_to_freelist: 3.
num_chunks_taken_from_freelist: 2974.
num_chunk_merges: 3.
num_chunk_splits: 1936.
num_chunks_enlarged: 1240.
num_inconsistent_stats: 0.

CodeHeap 'non-profiled nmethods': size=120000Kb used=1865Kb max_used=1865Kb free=118135Kb
 bounds [0x000001ec2cbc0000, 0x000001ec2ce30000, 0x000001ec340f0000]
CodeHeap 'profiled nmethods': size=120000Kb used=7161Kb max_used=7161Kb free=112838Kb
 bounds [0x000001ec250f0000, 0x000001ec257f0000, 0x000001ec2c620000]
CodeHeap 'non-nmethods': size=5760Kb used=1520Kb max_used=1595Kb free=4239Kb
 bounds [0x000001ec2c620000, 0x000001ec2c890000, 0x000001ec2cbc0000]
 total_blobs=4143 nmethods=3550 adapters=496
 compilation: enabled
              stopped_count=0, restarted_count=0
 full_count=0

Compilation events (20 events):
Event: 9.559 Thread 0x000001ec5112c760 3426       3       com.google.common.cache.LocalCache::usesAccessQueue (20 bytes)
Event: 9.559 Thread 0x000001ec5112c760 nmethod 3426 0x000001ec25794f90 code [0x000001ec25795140, 0x000001ec25795460]
Event: 9.561 Thread 0x000001ec5112c760 3427       3       java.util.HashMap::removeNode (291 bytes)
Event: 9.562 Thread 0x000001ec5112c760 nmethod 3427 0x000001ec25795590 code [0x000001ec25795820, 0x000001ec257969b8]
Event: 9.562 Thread 0x000001ec5112c760 3429       3       java.lang.Long::valueOf (40 bytes)
Event: 9.563 Thread 0x000001ec5112c760 nmethod 3429 0x000001ec25796e10 code [0x000001ec25796fc0, 0x000001ec257972f8]
Event: 9.583 Thread 0x000001ec5112c760 3431       3       java.util.StringJoiner::checkAddLength (50 bytes)
Event: 9.583 Thread 0x000001ec5112c760 nmethod 3431 0x000001ec25797490 code [0x000001ec25797660, 0x000001ec25797a68]
Event: 9.589 Thread 0x000001ec5112c760 3433       3       com.google.common.collect.ImmutableCollection$Builder::addAll (34 bytes)
Event: 9.590 Thread 0x000001ec5112c760 nmethod 3433 0x000001ec25797c90 code [0x000001ec25797e80, 0x000001ec25798358]
Event: 9.597 Thread 0x000001ec37fde6b0 nmethod 3424 0x000001ec2cd80310 code [0x000001ec2cd806c0, 0x000001ec2cd821e8]
Event: 9.597 Thread 0x000001ec5112c760 3434       3       java.util.ArrayList::addAll (76 bytes)
Event: 9.598 Thread 0x000001ec37fde6b0 3430       4       jdk.internal.org.objectweb.asm.Frame::accept (264 bytes)
Event: 9.598 Thread 0x000001ec5112c760 nmethod 3434 0x000001ec25798510 code [0x000001ec257986e0, 0x000001ec25798b70]
Event: 9.601 Thread 0x000001ec5112c760 3435       3       org.objectweb.asm.Type::getInternalName (12 bytes)
Event: 9.601 Thread 0x000001ec5112c760 nmethod 3435 0x000001ec25798d10 code [0x000001ec25798ee0, 0x000001ec257990f0]
Event: 9.603 Thread 0x000001ec5112c760 3437       3       jdk.internal.misc.CDS::isDumpingClassList (4 bytes)
Event: 9.604 Thread 0x000001ec5112c760 nmethod 3437 0x000001ec25799210 code [0x000001ec257993a0, 0x000001ec25799490]
Event: 9.613 Thread 0x000001ec5112c760 3439       3       java.util.ArrayList::<init> (65 bytes)
Event: 9.614 Thread 0x000001ec5112c760 nmethod 3439 0x000001ec25799510 code [0x000001ec25799720, 0x000001ec25799d50]

GC Heap History (8 events):
Event: 1.140 GC heap before
{Heap before GC invocations=0 (full 0):
 garbage-first heap   total reserved 524288K, committed 262144K, used 27648K [0x00000000e0000000, 0x0000000100000000)
  region size 1024K, 24 young (24576K), 0 survivors (0K)
 Metaspace       used 1106K, committed 1216K, reserved 393216K
  class space    used 77K, committed 128K, reserved 327680K
}
Event: 1.146 GC heap after
{Heap after GC invocations=1 (full 0):
 garbage-first heap   total reserved 524288K, committed 262144K, used 10240K [0x00000000e0000000, 0x0000000100000000)
  region size 1024K, 3 young (3072K), 3 survivors (3072K)
 Metaspace       used 1106K, committed 1216K, reserved 393216K
  class space    used 77K, committed 128K, reserved 327680K
}
Event: 2.468 GC heap before
{Heap before GC invocations=1 (full 0):
 garbage-first heap   total reserved 524288K, committed 262144K, used 43008K [0x00000000e0000000, 0x0000000100000000)
  region size 1024K, 35 young (35840K), 3 survivors (3072K)
 Metaspace       used 4300K, committed 4544K, reserved 393216K
  class space    used 540K, committed 640K, reserved 327680K
}
Event: 2.473 GC heap after
{Heap after GC invocations=2 (full 0):
 garbage-first heap   total reserved 524288K, committed 262144K, used 12811K [0x00000000e0000000, 0x0000000100000000)
  region size 1024K, 2 young (2048K), 2 survivors (2048K)
 Metaspace       used 4300K, committed 4544K, reserved 393216K
  class space    used 540K, committed 640K, reserved 327680K
}
Event: 5.149 GC heap before
{Heap before GC invocations=2 (full 0):
 garbage-first heap   total reserved 524288K, committed 262144K, used 73227K [0x00000000e0000000, 0x0000000100000000)
  region size 1024K, 59 young (60416K), 2 survivors (2048K)
 Metaspace       used 9758K, committed 10112K, reserved 393216K
  class space    used 1291K, committed 1472K, reserved 327680K
}
Event: 5.163 GC heap after
{Heap after GC invocations=3 (full 0):
 garbage-first heap   total reserved 524288K, committed 262144K, used 20830K [0x00000000e0000000, 0x0000000100000000)
  region size 1024K, 8 young (8192K), 8 survivors (8192K)
 Metaspace       used 9758K, committed 10112K, reserved 393216K
  class space    used 1291K, committed 1472K, reserved 327680K
}
Event: 8.447 GC heap before
{Heap before GC invocations=3 (full 0):
 garbage-first heap   total reserved 524288K, committed 262144K, used 95582K [0x00000000e0000000, 0x0000000100000000)
  region size 1024K, 82 young (83968K), 8 survivors (8192K)
 Metaspace       used 20867K, committed 21504K, reserved 393216K
  class space    used 3091K, committed 3392K, reserved 327680K
}
Event: 8.466 GC heap after
{Heap after GC invocations=4 (full 0):
 garbage-first heap   total reserved 524288K, committed 262144K, used 26936K [0x00000000e0000000, 0x0000000100000000)
  region size 1024K, 14 young (14336K), 14 survivors (14336K)
 Metaspace       used 20867K, committed 21504K, reserved 393216K
  class space    used 3091K, committed 3392K, reserved 327680K
}

Dll operation events (15 events):
Event: 0.033 Loaded shared library C:\Program Files\Java\jdk-22\bin\java.dll
Event: 0.103 Loaded shared library C:\Program Files\Java\jdk-22\bin\jsvml.dll
Event: 0.211 Loaded shared library C:\Program Files\Java\jdk-22\bin\zip.dll
Event: 0.221 Loaded shared library C:\Program Files\Java\jdk-22\bin\instrument.dll
Event: 0.232 Loaded shared library C:\Program Files\Java\jdk-22\bin\net.dll
Event: 0.238 Loaded shared library C:\Program Files\Java\jdk-22\bin\nio.dll
Event: 0.248 Loaded shared library C:\Program Files\Java\jdk-22\bin\zip.dll
Event: 0.911 Loaded shared library C:\Program Files\Java\jdk-22\bin\jimage.dll
Event: 1.169 Loaded shared library C:\Program Files\Java\jdk-22\bin\verify.dll
Event: 1.419 Loaded shared library C:\Users\LAPTOP\.gradle\native\c067742578af261105cb4f569cf0c3c89f3d7b1fecec35dd04571415982c5e48\windows-amd64\native-platform.dll
Event: 1.430 Loaded shared library C:\Users\LAPTOP\.gradle\native\100fb08df4bc3b14c8652ba06237920a3bd2aa13389f12d3474272988ae205f9\windows-amd64-min\native-platform-file-events.dll
Event: 4.027 Loaded shared library C:\Program Files\Java\jdk-22\bin\management.dll
Event: 4.033 Loaded shared library C:\Program Files\Java\jdk-22\bin\management_ext.dll
Event: 4.728 Loaded shared library C:\Program Files\Java\jdk-22\bin\extnet.dll
Event: 5.181 Loaded shared library C:\Program Files\Java\jdk-22\bin\sunmscapi.dll

Deoptimization events (20 events):
Event: 8.259 Thread 0x000001ec528ae270 DEOPT PACKING pc=0x000001ec2cc94964 sp=0x0000007cab0fa460
Event: 8.260 Thread 0x000001ec528ae270 DEOPT UNPACKING pc=0x000001ec2c6746a2 sp=0x0000007cab0fa3c0 mode 2
Event: 8.554 Thread 0x000001ec528ae270 Uncommon trap: trap_request=0xffffff45 fr.pc=0x000001ec2ccdb3a0 relative=0x00000000000003c0
Event: 8.554 Thread 0x000001ec528ae270 Uncommon trap: reason=unstable_if action=reinterpret pc=0x000001ec2ccdb3a0 method=jdk.internal.org.objectweb.asm.SymbolTable.addType(Ljava/lang/String;)I @ 33 c2
Event: 8.554 Thread 0x000001ec528ae270 DEOPT PACKING pc=0x000001ec2ccdb3a0 sp=0x0000007cab0fa440
Event: 8.554 Thread 0x000001ec528ae270 DEOPT UNPACKING pc=0x000001ec2c6746a2 sp=0x0000007cab0fa3c8 mode 2
Event: 8.667 Thread 0x000001ec528ae270 DEOPT PACKING pc=0x000001ec256ce2f6 sp=0x0000007cab0f51d0
Event: 8.667 Thread 0x000001ec528ae270 DEOPT UNPACKING pc=0x000001ec2c674e42 sp=0x0000007cab0f4620 mode 0
Event: 8.717 Thread 0x000001ec528ae270 DEOPT PACKING pc=0x000001ec2553c967 sp=0x0000007cab0faba0
Event: 8.717 Thread 0x000001ec528ae270 DEOPT UNPACKING pc=0x000001ec2c674e42 sp=0x0000007cab0fa088 mode 0
Event: 8.856 Thread 0x000001ec528ae270 Uncommon trap: trap_request=0xffffff45 fr.pc=0x000001ec2cd1a61c relative=0x0000000000000cdc
Event: 8.856 Thread 0x000001ec528ae270 Uncommon trap: reason=unstable_if action=reinterpret pc=0x000001ec2cd1a61c method=jdk.internal.org.objectweb.asm.SymbolTable.addType(Ljava/lang/String;)I @ 33 c2
Event: 8.856 Thread 0x000001ec528ae270 DEOPT PACKING pc=0x000001ec2cd1a61c sp=0x0000007cab0fc1d0
Event: 8.856 Thread 0x000001ec528ae270 DEOPT UNPACKING pc=0x000001ec2c6746a2 sp=0x0000007cab0fc108 mode 2
Event: 8.943 Thread 0x000001ec528ae270 Uncommon trap: trap_request=0xffffff76 fr.pc=0x000001ec2cd2d820 relative=0x00000000000001e0
Event: 8.943 Thread 0x000001ec528ae270 Uncommon trap: reason=predicate action=maybe_recompile pc=0x000001ec2cd2d820 method=com.google.common.base.CharMatcher.indexIn(Ljava/lang/CharSequence;I)I @ 19 c2
Event: 8.943 Thread 0x000001ec528ae270 DEOPT PACKING pc=0x000001ec2cd2d820 sp=0x0000007cab0fb4e0
Event: 8.943 Thread 0x000001ec528ae270 DEOPT UNPACKING pc=0x000001ec2c6746a2 sp=0x0000007cab0fb470 mode 2
Event: 9.481 Thread 0x000001ec528ae270 DEOPT PACKING pc=0x000001ec25559099 sp=0x0000007cab0f4c10
Event: 9.481 Thread 0x000001ec528ae270 DEOPT UNPACKING pc=0x000001ec2c674e42 sp=0x0000007cab0f4110 mode 0

Classes loaded (20 events):
Event: 8.479 Loading class java/util/zip/GZIPInputStream
Event: 8.479 Loading class java/util/zip/GZIPInputStream done
Event: 8.489 Loading class java/io/UnsupportedEncodingException
Event: 8.489 Loading class java/io/UnsupportedEncodingException done
Event: 8.913 Loading class java/util/function/UnaryOperator
Event: 8.913 Loading class java/util/function/UnaryOperator done
Event: 8.932 Loading class java/util/concurrent/TimeoutException
Event: 8.932 Loading class java/util/concurrent/TimeoutException done
Event: 8.932 Loading class java/util/concurrent/CancellationException
Event: 8.932 Loading class java/util/concurrent/CancellationException done
Event: 8.980 Loading class java/util/concurrent/locks/AbstractQueuedSynchronizer$SharedNode
Event: 8.980 Loading class java/util/concurrent/locks/AbstractQueuedSynchronizer$SharedNode done
Event: 8.988 Loading class java/io/InterruptedIOException
Event: 8.988 Loading class java/io/InterruptedIOException done
Event: 8.997 Loading class java/util/ArrayDeque$DeqSpliterator
Event: 8.997 Loading class java/util/ArrayDeque$DeqSpliterator done
Event: 9.332 Loading class jdk/internal/reflect/MethodHandleIntegerFieldAccessorImpl
Event: 9.333 Loading class jdk/internal/reflect/MethodHandleIntegerFieldAccessorImpl done
Event: 9.612 Loading class java/lang/invoke/BoundMethodHandle$Species_LLLLLLLLLLLLLLLLLLLLLLLL
Event: 9.612 Loading class java/lang/invoke/BoundMethodHandle$Species_LLLLLLLLLLLLLLLLLLLLLLLL done

Classes unloaded (0 events):
No events

Classes redefined (0 events):
No events

Internal exceptions (20 events):
Event: 8.058 Thread 0x000001ec528ae270 Exception <a 'java/lang/NoSuchMethodError'{0x00000000eb551708}: 'java.lang.Object java.lang.invoke.DirectMethodHandle$Holder.newInvokeSpecial(java.lang.Object, java.lang.Object, java.lang.Object, java.lang.Object, java.lang.Object, java.lang.Object, java.lang.Object)'> (0x00000000eb551708) 
thrown [s\open\src\hotspot\share\interpreter\linkResolver.cpp, line 774]
Event: 8.120 Thread 0x000001ec528ae270 Exception <a 'java/lang/NoSuchMethodError'{0x00000000eb30f5d0}: 'java.lang.Object java.lang.invoke.DirectMethodHandle$Holder.invokeVirtual(java.lang.Object, java.lang.Object, java.lang.Object, java.lang.Object, java.lang.Object, java.lang.Object, java.lang.Object, java.lang.Object, java.lang.Object, java.lang.Object, java.lang.Object)'> (0x00000000eb30f5d0) 
thrown [s\open\src\hotspot\share\interpreter\linkResolver.cpp, line 774]
Event: 8.536 Thread 0x000001ec528ae270 Exception <a 'java/lang/NoSuchMethodError'{0x00000000efed99b0}: 'java.lang.Object java.lang.invoke.DirectMethodHandle$Holder.invokeVirtual(java.lang.Object, java.lang.Object, java.lang.Object, java.lang.Object, java.lang.Object, java.lang.Object, java.lang.Object, java.lang.Object, java.lang.Object, java.lang.Object)'> (0x00000000efed99b0) 
thrown [s\open\src\hotspot\share\interpreter\linkResolver.cpp, line 774]
Event: 8.582 Thread 0x000001ec528ae270 Exception <a 'java/lang/NoSuchMethodError'{0x00000000efc40c58}: 'java.lang.Object java.lang.invoke.DelegatingMethodHandle$Holder.reinvoke_L(java.lang.Object, java.lang.Object, java.lang.Object, java.lang.Object, java.lang.Object, java.lang.Object, java.lang.Object, java.lang.Object, java.lang.Object, java.lang.Object, java.lang.Object, java.lang.Object, java.lang.Object, java.lang.Object, java.lang.Object, java.lang.Object, java.lang.Object, java.lang.Object, java.lang.Object, java.lang.Object, java.lang.O
Event: 8.583 Thread 0x000001ec528ae270 Exception <a 'java/lang/NoSuchMethodError'{0x00000000efc4c3a8}: 'java.lang.Object java.lang.invoke.DirectMethodHandle$Holder.invokeSpecial(java.lang.Object, java.lang.Object, java.lang.Object, java.lang.Object, java.lang.Object, java.lang.Object, java.lang.Object, java.lang.Object, java.lang.Object, java.lang.Object, java.lang.Object, java.lang.Object, java.lang.Object, java.lang.Object, java.lang.Object, java.lang.Object, java.lang.Object, java.lang.Object, java.lang.Object, java.lang.Object, java.lang.Ob
Event: 8.584 Thread 0x000001ec528ae270 Exception <a 'java/lang/NoSuchMethodError'{0x00000000efc51bb0}: 'java.lang.Object java.lang.invoke.Invokers$Holder.invoker(java.lang.Object, java.lang.Object, java.lang.Object, java.lang.Object, java.lang.Object, java.lang.Object, java.lang.Object, java.lang.Object, java.lang.Object, java.lang.Object, java.lang.Object, java.lang.Object, java.lang.Object, java.lang.Object, java.lang.Object, java.lang.Object, java.lang.Object, java.lang.Object, java.lang.Object, java.lang.Object, java.lang.Object, java.lang.
Event: 8.585 Thread 0x000001ec528ae270 Exception <a 'java/lang/NoSuchMethodError'{0x00000000efc57dc8}: 'java.lang.Object java.lang.invoke.DelegatingMethodHandle$Holder.delegate(java.lang.Object, java.lang.Object, java.lang.Object, java.lang.Object, java.lang.Object, java.lang.Object, java.lang.Object, java.lang.Object, java.lang.Object, java.lang.Object, java.lang.Object, java.lang.Object, java.lang.Object, java.lang.Object, java.lang.Object, java.lang.Object, java.lang.Object, java.lang.Object, java.lang.Object, java.lang.Object, java.lang.Obj
Event: 8.631 Thread 0x000001ec528ae270 Exception <a 'java/lang/NoSuchMethodError'{0x00000000efabd808}: 'java.lang.Object java.lang.invoke.DirectMethodHandle$Holder.invokeStaticInit(java.lang.Object, java.lang.Object, java.lang.Object, java.lang.Object)'> (0x00000000efabd808) 
thrown [s\open\src\hotspot\share\interpreter\linkResolver.cpp, line 774]
Event: 8.684 Thread 0x000001ec528ae270 Exception <a 'java/lang/NoSuchMethodError'{0x00000000ef888c40}: 'void java.lang.invoke.DirectMethodHandle$Holder.invokeStatic(java.lang.Object, java.lang.Object, java.lang.Object, java.lang.Object)'> (0x00000000ef888c40) 
thrown [s\open\src\hotspot\share\interpreter\linkResolver.cpp, line 774]
Event: 8.992 Thread 0x000001ec528ae270 Exception <a 'java/lang/NoSuchMethodError'{0x00000000eef8d9b0}: 'int java.lang.invoke.DirectMethodHandle$Holder.invokeVirtual(java.lang.Object, java.lang.Object)'> (0x00000000eef8d9b0) 
thrown [s\open\src\hotspot\share\interpreter\linkResolver.cpp, line 774]
Event: 9.078 Thread 0x000001ec528ae270 Exception <a 'java/lang/NoSuchMethodError'{0x00000000eec70da0}: 'void java.lang.invoke.DirectMethodHandle$Holder.invokeInterface(java.lang.Object, java.lang.Object, java.lang.Object, java.lang.Object, java.lang.Object)'> (0x00000000eec70da0) 
thrown [s\open\src\hotspot\share\interpreter\linkResolver.cpp, line 774]
Event: 9.082 Thread 0x000001ec528ae270 Exception <a 'java/lang/NoSuchMethodError'{0x00000000eeccf428}: 'void java.lang.invoke.DirectMethodHandle$Holder.invokeStatic(java.lang.Object, java.lang.Object, java.lang.Object, java.lang.Object, java.lang.Object, java.lang.Object, java.lang.Object)'> (0x00000000eeccf428) 
thrown [s\open\src\hotspot\share\interpreter\linkResolver.cpp, line 774]
Event: 9.323 Thread 0x000001ec528ae270 Exception <a 'java/lang/NoSuchMethodError'{0x00000000ee5ea628}: 'java.lang.Object java.lang.invoke.DirectMethodHandle$Holder.newInvokeSpecial(java.lang.Object, java.lang.Object, int, int)'> (0x00000000ee5ea628) 
thrown [s\open\src\hotspot\share\interpreter\linkResolver.cpp, line 774]
Event: 9.333 Thread 0x000001ec528ae270 Exception <a 'java/lang/NoSuchMethodError'{0x00000000ee4245c8}: 'void java.lang.invoke.DirectMethodHandle$Holder.invokeSpecial(java.lang.Object, java.lang.Object, int)'> (0x00000000ee4245c8) 
thrown [s\open\src\hotspot\share\interpreter\linkResolver.cpp, line 774]
Event: 9.334 Thread 0x000001ec528ae270 Exception <a 'java/lang/NoSuchMethodError'{0x00000000ee4288a8}: 'void java.lang.invoke.Invokers$Holder.invokeExact_MT(java.lang.Object, int, java.lang.Object)'> (0x00000000ee4288a8) 
thrown [s\open\src\hotspot\share\interpreter\linkResolver.cpp, line 774]
Event: 9.508 Thread 0x000001ec528ae270 Exception <a 'java/lang/NoSuchMethodError'{0x00000000edea00d0}: 'java.lang.Object java.lang.invoke.DirectMethodHandle$Holder.invokeSpecialIFC(java.lang.Object, java.lang.Object, java.lang.Object, java.lang.Object)'> (0x00000000edea00d0) 
thrown [s\open\src\hotspot\share\interpreter\linkResolver.cpp, line 774]
Event: 9.603 Thread 0x000001ec528ae270 Exception <a 'java/lang/NoSuchMethodError'{0x00000000eda34600}: 'java.lang.Object java.lang.invoke.DirectMethodHandle$Holder.invokeVirtual(java.lang.Object, java.lang.Object, java.lang.Object, java.lang.Object, java.lang.Object, java.lang.Object, java.lang.Object, java.lang.Object, java.lang.Object, java.lang.Object, java.lang.Object, java.lang.Object, java.lang.Object, java.lang.Object, java.lang.Object, java.lang.Object, java.lang.Object, java.lang.Object, java.lang.Object, java.lang.Object, java.lang.Ob
Event: 9.604 Thread 0x000001ec528ae270 Exception <a 'java/lang/NoSuchMethodError'{0x00000000eda3b6a0}: 'java.lang.Object java.lang.invoke.DirectMethodHandle$Holder.invokeSpecial(java.lang.Object, java.lang.Object, java.lang.Object, java.lang.Object, java.lang.Object, java.lang.Object, java.lang.Object, java.lang.Object, java.lang.Object, java.lang.Object, java.lang.Object, java.lang.Object, java.lang.Object, java.lang.Object, java.lang.Object, java.lang.Object, java.lang.Object, java.lang.Object, java.lang.Object, java.lang.Object, java.lang.Ob
Event: 9.605 Thread 0x000001ec528ae270 Exception <a 'java/lang/NoSuchMethodError'{0x00000000eda418b8}: 'java.lang.Object java.lang.invoke.DelegatingMethodHandle$Holder.reinvoke_L(java.lang.Object, java.lang.Object, java.lang.Object, java.lang.Object, java.lang.Object, java.lang.Object, java.lang.Object, java.lang.Object, java.lang.Object, java.lang.Object, java.lang.Object, java.lang.Object, java.lang.Object, java.lang.Object, java.lang.Object, java.lang.Object, java.lang.Object, java.lang.Object, java.lang.Object, java.lang.Object, java.lang.O
Event: 9.614 Thread 0x000001ec528ae270 Exception <a 'java/lang/NoSuchMethodError'{0x00000000ed90fbb8}: 'java.lang.Object java.lang.invoke.DirectMethodHandle$Holder.invokeStatic(java.lang.Object, java.lang.Object, java.lang.Object, java.lang.Object, java.lang.Object, java.lang.Object, java.lang.Object, java.lang.Object, java.lang.Object, java.lang.Object, java.lang.Object, java.lang.Object, java.lang.Object, java.lang.Object, java.lang.Object, java.lang.Object, java.lang.Object, java.lang.Object, java.lang.Object, java.lang.Object, java.lang.Obj

ZGC Phase Switch (0 events):
No events

VM Operations (20 events):
Event: 6.176 Executing VM operation: Cleanup
Event: 6.176 Executing VM operation: Cleanup done
Event: 6.562 Executing VM operation: HandshakeAllThreads (Deoptimize)
Event: 6.562 Executing VM operation: HandshakeAllThreads (Deoptimize) done
Event: 7.205 Executing VM operation: HandshakeAllThreads (Deoptimize)
Event: 7.205 Executing VM operation: HandshakeAllThreads (Deoptimize) done
Event: 7.205 Executing VM operation: Cleanup
Event: 7.205 Executing VM operation: Cleanup done
Event: 7.206 Executing VM operation: HandshakeAllThreads (Deoptimize)
Event: 7.206 Executing VM operation: HandshakeAllThreads (Deoptimize) done
Event: 8.206 Executing VM operation: Cleanup
Event: 8.207 Executing VM operation: Cleanup done
Event: 8.447 Executing VM operation: CollectForMetadataAllocation (Metadata GC Threshold)
Event: 8.466 Executing VM operation: CollectForMetadataAllocation (Metadata GC Threshold) done
Event: 8.481 Executing VM operation: G1PauseRemark
Event: 8.485 Executing VM operation: G1PauseRemark done
Event: 8.487 Executing VM operation: G1PauseCleanup
Event: 8.488 Executing VM operation: G1PauseCleanup done
Event: 9.041 Executing VM operation: HandshakeAllThreads (Deoptimize)
Event: 9.041 Executing VM operation: HandshakeAllThreads (Deoptimize) done

Events (20 events):
Event: 4.130 Thread 0x000001ec52b70ac0 Thread added: 0x000001ec52b70ac0
Event: 4.840 Thread 0x000001ec52d13880 Thread added: 0x000001ec52d13880
Event: 5.109 Thread 0x000001ec52ddfe20 Thread added: 0x000001ec52ddfe20
Event: 5.246 Thread 0x000001ec5302f0d0 Thread added: 0x000001ec5302f0d0
Event: 5.256 Thread 0x000001ec53022130 Thread added: 0x000001ec53022130
Event: 5.347 Thread 0x000001ec53034240 Thread added: 0x000001ec53034240
Event: 5.374 Thread 0x000001ec528ae270 Thread added: 0x000001ec528ae270
Event: 5.408 Thread 0x000001ec528ae900 Thread added: 0x000001ec528ae900
Event: 5.418 Thread 0x000001ec528acec0 Thread added: 0x000001ec528acec0
Event: 5.425 Thread 0x000001ec528adbe0 Thread added: 0x000001ec528adbe0
Event: 6.563 Thread 0x000001ec528ac1a0 Thread added: 0x000001ec528ac1a0
Event: 6.602 Thread 0x000001ec528ad550 Thread added: 0x000001ec528ad550
Event: 6.715 Thread 0x000001ec528ab480 Thread added: 0x000001ec528ab480
Event: 8.365 Thread 0x000001ec5432eed0 Thread added: 0x000001ec5432eed0
Event: 8.541 Thread 0x000001ec528ac830 Thread added: 0x000001ec528ac830
Event: 8.571 Thread 0x000001ec5500a440 Thread added: 0x000001ec5500a440
Event: 8.980 Thread 0x000001ec5500b7f0 Thread added: 0x000001ec5500b7f0
Event: 8.991 Thread 0x000001ec5500d8c0 Thread added: 0x000001ec5500d8c0
Event: 9.492 Thread 0x000001ec5500c510 Thread added: 0x000001ec5500c510
Event: 9.559 Thread 0x000001ec55007ce0 Thread added: 0x000001ec55007ce0


Dynamic libraries:
0x00007ff77a750000 - 0x00007ff77a760000 	C:\Program Files\Java\jdk-22\bin\java.exe
0x00007ff918df0000 - 0x00007ff919007000 	C:\WINDOWS\SYSTEM32\ntdll.dll
0x00007ff916e70000 - 0x00007ff916f34000 	C:\WINDOWS\System32\KERNEL32.DLL
0x00007ff916160000 - 0x00007ff916519000 	C:\WINDOWS\System32\KERNELBASE.dll
0x00007ff916910000 - 0x00007ff916a21000 	C:\WINDOWS\System32\ucrtbase.dll
0x00007ff90d090000 - 0x00007ff90d0a7000 	C:\Program Files\Java\jdk-22\bin\jli.dll
0x00007ff90d0b0000 - 0x00007ff90d0cb000 	C:\Program Files\Java\jdk-22\bin\VCRUNTIME140.dll
0x00007ff9186e0000 - 0x00007ff918792000 	C:\WINDOWS\System32\ADVAPI32.dll
0x00007ff918500000 - 0x00007ff9185a7000 	C:\WINDOWS\System32\msvcrt.dll
0x00007ff9187a0000 - 0x00007ff918847000 	C:\WINDOWS\System32\sechost.dll
0x00007ff916ae0000 - 0x00007ff916b08000 	C:\WINDOWS\System32\bcrypt.dll
0x00007ff917860000 - 0x00007ff917974000 	C:\WINDOWS\System32\RPCRT4.dll
0x00007ff917040000 - 0x00007ff9171ee000 	C:\WINDOWS\System32\USER32.dll
0x00007ff916a30000 - 0x00007ff916a56000 	C:\WINDOWS\System32\win32u.dll
0x00007ff916b90000 - 0x00007ff916bb9000 	C:\WINDOWS\System32\GDI32.dll
0x00007ff8f2080000 - 0x00007ff8f2312000 	C:\WINDOWS\WinSxS\amd64_microsoft.windows.common-controls_6595b64144ccf1df_6.0.22621.4391_none_2715d37f73803e96\COMCTL32.dll
0x00007ff916690000 - 0x00007ff9167ab000 	C:\WINDOWS\System32\gdi32full.dll
0x00007ff9167b0000 - 0x00007ff91684a000 	C:\WINDOWS\System32\msvcp_win.dll
0x00007ff913c20000 - 0x00007ff913c2a000 	C:\WINDOWS\SYSTEM32\VERSION.dll
0x00007ff916ff0000 - 0x00007ff917021000 	C:\WINDOWS\System32\IMM32.DLL
0x00007ff90e720000 - 0x00007ff90e72c000 	C:\Program Files\Java\jdk-22\bin\vcruntime140_1.dll
0x00007ff8e45f0000 - 0x00007ff8e467e000 	C:\Program Files\Java\jdk-22\bin\msvcp140.dll
0x00007ff861790000 - 0x00007ff8624d7000 	C:\Program Files\Java\jdk-22\bin\server\jvm.dll
0x00007ff9171f0000 - 0x00007ff917261000 	C:\WINDOWS\System32\WS2_32.dll
0x00007ff915f10000 - 0x00007ff915f5d000 	C:\WINDOWS\SYSTEM32\POWRPROF.dll
0x00007ff910d00000 - 0x00007ff910d34000 	C:\WINDOWS\SYSTEM32\WINMM.dll
0x00007ff915df0000 - 0x00007ff915e03000 	C:\WINDOWS\SYSTEM32\UMPDC.dll
0x00007ff9150f0000 - 0x00007ff915108000 	C:\WINDOWS\SYSTEM32\kernel.appcore.dll
0x00007ff90e6a0000 - 0x00007ff90e6aa000 	C:\Program Files\Java\jdk-22\bin\jimage.dll
0x00007ff90ce50000 - 0x00007ff90d082000 	C:\WINDOWS\SYSTEM32\DBGHELP.DLL
0x00007ff917270000 - 0x00007ff9175ff000 	C:\WINDOWS\System32\combase.dll
0x00007ff917980000 - 0x00007ff917a57000 	C:\WINDOWS\System32\OLEAUT32.dll
0x00007ff90c6d0000 - 0x00007ff90c702000 	C:\WINDOWS\SYSTEM32\dbgcore.DLL
0x00007ff916a60000 - 0x00007ff916adb000 	C:\WINDOWS\System32\bcryptPrimitives.dll
0x00007ff90b940000 - 0x00007ff90b94f000 	C:\Program Files\Java\jdk-22\bin\instrument.dll
0x00007ff90b920000 - 0x00007ff90b93e000 	C:\Program Files\Java\jdk-22\bin\java.dll
0x00007ff917ac0000 - 0x00007ff918336000 	C:\WINDOWS\System32\SHELL32.dll
0x00007ff916ca0000 - 0x00007ff916e45000 	C:\WINDOWS\System32\ole32.dll
0x00007ff913fe0000 - 0x00007ff9148e3000 	C:\WINDOWS\SYSTEM32\windows.storage.dll
0x00007ff913ea0000 - 0x00007ff913fdf000 	C:\WINDOWS\SYSTEM32\wintypes.dll
0x00007ff9185b0000 - 0x00007ff9186a9000 	C:\WINDOWS\System32\SHCORE.dll
0x00007ff918850000 - 0x00007ff9188ae000 	C:\WINDOWS\System32\shlwapi.dll
0x00007ff916020000 - 0x00007ff91604b000 	C:\WINDOWS\SYSTEM32\profapi.dll
0x00007ff8e4510000 - 0x00007ff8e45e7000 	C:\Program Files\Java\jdk-22\bin\jsvml.dll
0x00007ff9066a0000 - 0x00007ff9066b7000 	C:\Program Files\Java\jdk-22\bin\zip.dll
0x00007ff906f80000 - 0x00007ff906f90000 	C:\Program Files\Java\jdk-22\bin\net.dll
0x00007ff915560000 - 0x00007ff9155c9000 	C:\WINDOWS\system32\mswsock.dll
0x00007ff8fb1e0000 - 0x00007ff8fb1f6000 	C:\Program Files\Java\jdk-22\bin\nio.dll
0x00007ff8f7b10000 - 0x00007ff8f7b20000 	C:\Program Files\Java\jdk-22\bin\verify.dll
0x00007ff910eb0000 - 0x00007ff910ed7000 	C:\Users\LAPTOP\.gradle\native\c067742578af261105cb4f569cf0c3c89f3d7b1fecec35dd04571415982c5e48\windows-amd64\native-platform.dll
0x00007ff8cb7a0000 - 0x00007ff8cb8e4000 	C:\Users\LAPTOP\.gradle\native\100fb08df4bc3b14c8652ba06237920a3bd2aa13389f12d3474272988ae205f9\windows-amd64-min\native-platform-file-events.dll
0x00007ff8f7b00000 - 0x00007ff8f7b0a000 	C:\Program Files\Java\jdk-22\bin\management.dll
0x00007ff8f7af0000 - 0x00007ff8f7afb000 	C:\Program Files\Java\jdk-22\bin\management_ext.dll
0x00007ff916b80000 - 0x00007ff916b88000 	C:\WINDOWS\System32\PSAPI.DLL
0x00007ff915770000 - 0x00007ff91578b000 	C:\WINDOWS\SYSTEM32\CRYPTSP.dll
0x00007ff915050000 - 0x00007ff915085000 	C:\WINDOWS\system32\rsaenh.dll
0x00007ff915610000 - 0x00007ff915638000 	C:\WINDOWS\SYSTEM32\USERENV.dll
0x00007ff915790000 - 0x00007ff91579c000 	C:\WINDOWS\SYSTEM32\CRYPTBASE.dll
0x00007ff914b50000 - 0x00007ff914b7d000 	C:\WINDOWS\SYSTEM32\IPHLPAPI.DLL
0x00007ff917030000 - 0x00007ff917039000 	C:\WINDOWS\System32\NSI.dll
0x00007ff8f7ae0000 - 0x00007ff8f7ae9000 	C:\Program Files\Java\jdk-22\bin\extnet.dll
0x00007ff8f7ad0000 - 0x00007ff8f7ade000 	C:\Program Files\Java\jdk-22\bin\sunmscapi.dll
0x00007ff916520000 - 0x00007ff916686000 	C:\WINDOWS\System32\CRYPT32.dll
0x00007ff9159a0000 - 0x00007ff9159cd000 	C:\WINDOWS\SYSTEM32\ncrypt.dll
0x00007ff915960000 - 0x00007ff915997000 	C:\WINDOWS\SYSTEM32\NTASN1.dll
0x00007ff8aba90000 - 0x00007ff8aba98000 	C:\WINDOWS\system32\wshunix.dll

dbghelp: loaded successfully - version: 4.0.5 - missing functions: none
symbol engine: initialized successfully - sym options: 0x614 - pdb path: .;C:\Program Files\Java\jdk-22\bin;C:\WINDOWS\SYSTEM32;C:\WINDOWS\WinSxS\amd64_microsoft.windows.common-controls_6595b64144ccf1df_6.0.22621.4391_none_2715d37f73803e96;C:\Program Files\Java\jdk-22\bin\server;C:\Users\LAPTOP\.gradle\native\c067742578af261105cb4f569cf0c3c89f3d7b1fecec35dd04571415982c5e48\windows-amd64;C:\Users\LAPTOP\.gradle\native\100fb08df4bc3b14c8652ba06237920a3bd2aa13389f12d3474272988ae205f9\windows-amd64-min

VM Arguments:
jvm_args: --add-opens=java.base/java.util=ALL-UNNAMED --add-opens=java.base/java.lang=ALL-UNNAMED --add-opens=java.base/java.lang.invoke=ALL-UNNAMED --add-opens=java.prefs/java.util.prefs=ALL-UNNAMED --add-exports=jdk.compiler/com.sun.tools.javac.api=ALL-UNNAMED --add-exports=jdk.compiler/com.sun.tools.javac.util=ALL-UNNAMED --add-opens=java.base/java.nio.charset=ALL-UNNAMED --add-opens=java.base/java.net=ALL-UNNAMED --add-opens=java.base/java.util.concurrent.atomic=ALL-UNNAMED -XX:MaxMetaspaceSize=384m -XX:+HeapDumpOnOutOfMemoryError -Xms256m -Xmx512m -Dfile.encoding=UTF-8 -Duser.country=GB -Duser.language=en -Duser.variant -javaagent:C:\Users\LAPTOP\.gradle\wrapper\dists\gradle-8.10.1-bin\e90i968nv55tch01zkse4avv3\gradle-8.10.1\lib\agents\gradle-instrumentation-agent-8.10.1.jar 
java_command: org.gradle.launcher.daemon.bootstrap.GradleDaemon 8.10.1
java_class_path (initial): C:\Users\LAPTOP\.gradle\wrapper\dists\gradle-8.10.1-bin\e90i968nv55tch01zkse4avv3\gradle-8.10.1\lib\gradle-daemon-main-8.10.1.jar
Launcher Type: SUN_STANDARD

[Global flags]
     intx CICompilerCount                          = 4                                         {product} {ergonomic}
   size_t CompressedClassSpaceSize                 = 335544320                                 {product} {ergonomic}
     uint ConcGCThreads                            = 2                                         {product} {ergonomic}
     uint G1ConcRefinementThreads                  = 8                                         {product} {ergonomic}
   size_t G1HeapRegionSize                         = 1048576                                   {product} {ergonomic}
     bool HeapDumpOnOutOfMemoryError               = true                                   {manageable} {command line}
   size_t InitialHeapSize                          = 268435456                                 {product} {command line}
   size_t MarkStackSize                            = 4194304                                   {product} {ergonomic}
   size_t MaxHeapSize                              = 536870912                                 {product} {command line}
   size_t MaxMetaspaceSize                         = 402653184                                 {product} {command line}
   size_t MaxNewSize                               = 321912832                                 {product} {ergonomic}
   size_t MinHeapDeltaBytes                        = 1048576                                   {product} {ergonomic}
   size_t MinHeapSize                              = 268435456                                 {product} {command line}
    uintx NonNMethodCodeHeapSize                   = 5839372                                {pd product} {ergonomic}
    uintx NonProfiledCodeHeapSize                  = 122909434                              {pd product} {ergonomic}
    uintx ProfiledCodeHeapSize                     = 122909434                              {pd product} {ergonomic}
    uintx ReservedCodeCacheSize                    = 251658240                              {pd product} {ergonomic}
     bool SegmentedCodeCache                       = true                                      {product} {ergonomic}
   size_t SoftMaxHeapSize                          = 536870912                              {manageable} {ergonomic}
     bool UseCompressedOops                        = true                           {product lp64_product} {ergonomic}
     bool UseG1GC                                  = true                                      {product} {ergonomic}
     bool UseLargePagesIndividualAllocation        = false                                  {pd product} {ergonomic}

Logging:
Log output configuration:
 #0: stdout all=warning uptime,level,tags foldmultilines=false
 #1: stderr all=off uptime,level,tags foldmultilines=false

Environment Variables:
PATH=C:\Program Files\Common Files\Oracle\Java\javapath;C:\WINDOWS\system32;C:\WINDOWS;C:\WINDOWS\System32\Wbem;C:\WINDOWS\System32\WindowsPowerShell\v1.0\;C:\WINDOWS\System32\OpenSSH\;C:\Program Files\Microsoft SQL Server\150\Tools\Binn\;C:\Program Files\Git\cmd;C:\Program Files\nodejs\;C:\Program Files (x86)\Rational\common;C:\Program Files\Docker\Docker\resources\bin;C:\Users\LAPTOP\AppData\Local\Microsoft\WindowsApps;C:\Users\LAPTOP\AppData\Local\Programs\Microsoft VS Code\bin;C:\Program Files\JetBrains\PyCharm 2024.1.4\bin;;C:\Users\LAPTOP\AppData\Roaming\npm;C:\Users\LAPTOP\AppData\Local\Programs\mongosh\;C:\Program Files\MongoDB\Server\8.0\bin;
USERNAME=LAPTOP
OS=Windows_NT
PROCESSOR_IDENTIFIER=Intel64 Family 6 Model 142 Stepping 11, GenuineIntel
TMP=C:\Users\LAPTOP\AppData\Local\Temp
TEMP=C:\Users\LAPTOP\AppData\Local\Temp




Periodic native trim disabled

---------------  S Y S T E M  ---------------

OS:
 Windows 11 , 64 bit Build 22621 (10.0.22621.4391)
OS uptime: 0 days 1:34 hours
Hyper-V role detected

CPU: total 8 (initial active 8) (4 cores per cpu, 2 threads per core) family 6 model 142 stepping 11 microcode 0xde, cx8, cmov, fxsr, ht, mmx, 3dnowpref, sse, sse2, sse3, ssse3, sse4.1, sse4.2, popcnt, lzcnt, tsc, tscinvbit, avx, avx2, aes, erms, clmul, bmi1, bmi2, adx, fma, vzeroupper, clflush, clflushopt, hv, rdtscp, f16c
Processor Information for all 8 processors :
  Max Mhz: 1800, Current Mhz: 1600, Mhz Limit: 1584

Memory: 4k page, system-wide physical 8013M (530M free)
TotalPageFile size 22089M (AvailPageFile size 0M)
current process WorkingSet (physical memory assigned to process): 246M, peak: 246M
current process commit charge ("private bytes"): 436M, peak: 437M

vm_info: Java HotSpot(TM) 64-Bit Server VM (22.0.1+8-16) for windows-amd64 JRE (22.0.1+8-16), built on 2024-03-12T10:33:16Z by "mach5one" with MS VC++ 17.6 (VS2022)

END.
