#
# There is insufficient memory for the Java Runtime Environment to continue.
# Native memory allocation (mmap) failed to map 3145728 bytes. Error detail: G1 virtual space
# Possible reasons:
#   The system is out of physical RAM or swap space
#   This process is running with CompressedOops enabled, and the Java Heap may be blocking the growth of the native heap
# Possible solutions:
#   Reduce memory load on the system
#   Increase physical memory or swap space
#   Check if swap backing store is full
#   Decrease Java heap size (-Xmx/-Xms)
#   Decrease number of Java threads
#   Decrease Java thread stack sizes (-Xss)
#   Set larger code cache with -XX:ReservedCodeCacheSize=
#   JVM is running with Unscaled Compressed Oops mode in which the Java heap is
#     placed in the first 4GB address space. The Java Heap base address is the
#     maximum limit for the native heap growth. Please use -XX:HeapBaseMinAddress
#     to set the Java Heap base and to place the Java Heap above 4GB virtual address.
# This output file may be truncated or incomplete.
#
#  Out of Memory Error (os_windows.cpp:3631), pid=19792, tid=20072
#
# JRE version: Java(TM) SE Runtime Environment (22.0.1+8) (build 22.0.1+8-16)
# Java VM: Java HotSpot(TM) 64-Bit Server VM (22.0.1+8-16, mixed mode, emulated-client, sharing, tiered, compressed oops, compressed class ptrs, g1 gc, windows-amd64)
# No core dump will be written. Minidumps are not enabled by default on client versions of Windows
#

---------------  S U M M A R Y ------------

Command Line: -XX:TieredStopAtLevel=1 -Dspring.output.ansi.enabled=always -Dcom.sun.management.jmxremote -Dspring.jmx.enabled=true -Dspring.liveBeansView.mbeanDomain -Dspring.application.admin.enabled=true -Dmanagement.endpoints.jmx.exposure.include=* -javaagent:C:\Users\LAPTOP\AppData\Local\Programs\IntelliJ IDEA Ultimate 2024.2.4\lib\idea_rt.jar=58742:C:\Users\LAPTOP\AppData\Local\Programs\IntelliJ IDEA Ultimate 2024.2.4\bin -Dfile.encoding=UTF-8 -Dsun.stdout.encoding=UTF-8 -Dsun.stderr.encoding=UTF-8 com.example.demo.DemoApplication

Host: Intel(R) Core(TM) i5-8265U CPU @ 1.60GHz, 8 cores, 7G,  Windows 11 , 64 bit Build 22621 (10.0.22621.4391)
Time: Tue Nov 26 14:54:17 2024 SE Asia Standard Time elapsed time: 17.215353 seconds (0d 0h 0m 17s)

---------------  T H R E A D  ---------------

Current thread (0x000002aa30224b00):  VMThread "VM Thread"          [id=20072, stack(0x000000edb7300000,0x000000edb7400000) (1024K)]

Stack: [0x000000edb7300000,0x000000edb7400000]
Native frames: (J=compiled Java code, j=interpreted, Vv=VM code, C=native code)
V  [jvm.dll+0x6e2279]  (no source info available)
V  [jvm.dll+0x874e33]  (no source info available)
V  [jvm.dll+0x87725e]  (no source info available)
V  [jvm.dll+0x877933]  (no source info available)
V  [jvm.dll+0x27fd76]  (no source info available)
V  [jvm.dll+0x6de915]  (no source info available)
V  [jvm.dll+0x6d341a]  (no source info available)
V  [jvm.dll+0x3589da]  (no source info available)
V  [jvm.dll+0x360f06]  (no source info available)
V  [jvm.dll+0x3b3e2e]  (no source info available)
V  [jvm.dll+0x3b40d8]  (no source info available)
V  [jvm.dll+0x32c59c]  (no source info available)
V  [jvm.dll+0x32eef6]  (no source info available)
V  [jvm.dll+0x3391c1]  (no source info available)
V  [jvm.dll+0x370365]  (no source info available)
V  [jvm.dll+0x87d7d0]  (no source info available)
V  [jvm.dll+0x87eb57]  (no source info available)
V  [jvm.dll+0x87f0d0]  (no source info available)
V  [jvm.dll+0x87f373]  (no source info available)
V  [jvm.dll+0x81d44b]  (no source info available)
V  [jvm.dll+0x6e0915]  (no source info available)
C  [ucrtbase.dll+0x29333]  (no source info available)
C  [KERNEL32.DLL+0x1259d]  (no source info available)
C  [ntdll.dll+0x5af38]  (no source info available)

VM_Operation (0x000000edb6eff6f0): G1PauseRemark, mode: safepoint, requested by thread 0x000002aa1fc6c150


---------------  P R O C E S S  ---------------

Threads class SMR info:
_java_thread_list=0x000002aa779dce60, length=24, elements={
0x000002aa1fc052d0, 0x000002aa3023f140, 0x000002aa30240110, 0x000002aa30243700,
0x000002aa302452d0, 0x000002aa30245d30, 0x000002aa30246790, 0x000002aa302471f0,
0x000002aa3020b5f0, 0x000002aa3020bc60, 0x000002aa3044c950, 0x000002aa30915330,
0x000002aa309159a0, 0x000002aa30accda0, 0x000002aa30b86310, 0x000002aa30bc4360,
0x000002aa76571290, 0x000002aa76571d80, 0x000002aa76b8a680, 0x000002aa774c5770,
0x000002aa774c5e00, 0x000002aa774c8560, 0x000002aa774c7840, 0x000002aa774c6b20
}

Java Threads: ( => current thread )
  0x000002aa1fc052d0 JavaThread "main"                              [_thread_blocked, id=21900, stack(0x000000edb6c00000,0x000000edb6d00000) (1024K)]
  0x000002aa3023f140 JavaThread "Reference Handler"          daemon [_thread_blocked, id=9332, stack(0x000000edb7400000,0x000000edb7500000) (1024K)]
  0x000002aa30240110 JavaThread "Finalizer"                  daemon [_thread_blocked, id=20384, stack(0x000000edb7500000,0x000000edb7600000) (1024K)]
  0x000002aa30243700 JavaThread "Signal Dispatcher"          daemon [_thread_blocked, id=404, stack(0x000000edb7600000,0x000000edb7700000) (1024K)]
  0x000002aa302452d0 JavaThread "Attach Listener"            daemon [_thread_blocked, id=17136, stack(0x000000edb7700000,0x000000edb7800000) (1024K)]
  0x000002aa30245d30 JavaThread "Service Thread"             daemon [_thread_blocked, id=22172, stack(0x000000edb7800000,0x000000edb7900000) (1024K)]
  0x000002aa30246790 JavaThread "Monitor Deflation Thread"   daemon [_thread_blocked, id=5100, stack(0x000000edb7900000,0x000000edb7a00000) (1024K)]
  0x000002aa302471f0 JavaThread "C1 CompilerThread0"         daemon [_thread_blocked, id=12436, stack(0x000000edb7a00000,0x000000edb7b00000) (1024K)]
  0x000002aa3020b5f0 JavaThread "Common-Cleaner"             daemon [_thread_blocked, id=4840, stack(0x000000edb7b00000,0x000000edb7c00000) (1024K)]
  0x000002aa3020bc60 JavaThread "C1 CompilerThread1"         daemon [_thread_blocked, id=2296, stack(0x000000edb7c00000,0x000000edb7d00000) (1024K)]
  0x000002aa3044c950 JavaThread "C1 CompilerThread2"         daemon [_thread_blocked, id=14892, stack(0x000000edb7d00000,0x000000edb7e00000) (1024K)]
  0x000002aa30915330 JavaThread "Monitor Ctrl-Break"         daemon [_thread_in_native, id=20044, stack(0x000000edb7e00000,0x000000edb7f00000) (1024K)]
  0x000002aa309159a0 JavaThread "Notification Thread"        daemon [_thread_blocked, id=21792, stack(0x000000edb7f00000,0x000000edb8000000) (1024K)]
  0x000002aa30accda0 JavaThread "RMI TCP Accept-0"           daemon [_thread_in_native, id=4412, stack(0x000000edb8000000,0x000000edb8100000) (1024K)]
  0x000002aa30b86310 JavaThread "RMI TCP Connection(1)-172.72.155.229" daemon [_thread_blocked, id=21304, stack(0x000000edb8100000,0x000000edb8200000) (1024K)]
  0x000002aa30bc4360 JavaThread "RMI Scheduler(0)"           daemon [_thread_blocked, id=13656, stack(0x000000edb8200000,0x000000edb8300000) (1024K)]
  0x000002aa76571290 JavaThread "Thread-0"                          [_thread_blocked, id=14976, stack(0x000000edb8a00000,0x000000edb8b00000) (1024K)]
  0x000002aa76571d80 JavaThread "restartedMain"                     [_thread_blocked, id=12680, stack(0x000000edb8b00000,0x000000edb8c00000) (1024K)]
  0x000002aa76b8a680 JavaThread "C1 CompilerThread3"         daemon [_thread_blocked, id=1280, stack(0x000000edb8d00000,0x000000edb8e00000) (1024K)]
  0x000002aa774c5770 JavaThread "mysql-cj-abandoned-connection-cleanup" daemon [_thread_blocked, id=21452, stack(0x000000edb8c00000,0x000000edb8d00000) (1024K)]
  0x000002aa774c5e00 JavaThread "HikariPool-1 housekeeper"   daemon [_thread_blocked, id=9908, stack(0x000000edb9000000,0x000000edb9100000) (1024K)]
  0x000002aa774c8560 JavaThread "Catalina-utility-1"                [_thread_blocked, id=8564, stack(0x000000edb9100000,0x000000edb9200000) (1024K)]
  0x000002aa774c7840 JavaThread "Catalina-utility-2"                [_thread_blocked, id=20536, stack(0x000000edb9200000,0x000000edb9300000) (1024K)]
  0x000002aa774c6b20 JavaThread "container-0"                       [_thread_blocked, id=12748, stack(0x000000edb9300000,0x000000edb9400000) (1024K)]
Total: 24

Other Threads:
=>0x000002aa30224b00 VMThread "VM Thread"                           [id=20072, stack(0x000000edb7300000,0x000000edb7400000) (1024K)]
  0x000002aa3020a850 WatcherThread "VM Periodic Task Thread"        [id=9312, stack(0x000000edb7200000,0x000000edb7300000) (1024K)]
  0x000002aa1fc5a520 WorkerThread "GC Thread#0"                     [id=21580, stack(0x000000edb6d00000,0x000000edb6e00000) (1024K)]
  0x000002aa30ee17c0 WorkerThread "GC Thread#1"                     [id=11088, stack(0x000000edb8300000,0x000000edb8400000) (1024K)]
  0x000002aa30ee1b70 WorkerThread "GC Thread#2"                     [id=20620, stack(0x000000edb8400000,0x000000edb8500000) (1024K)]
  0x000002aa30f1d870 WorkerThread "GC Thread#3"                     [id=22296, stack(0x000000edb8500000,0x000000edb8600000) (1024K)]
  0x000002aa30f1e030 WorkerThread "GC Thread#4"                     [id=10044, stack(0x000000edb8600000,0x000000edb8700000) (1024K)]
  0x000002aa30f1e3e0 WorkerThread "GC Thread#5"                     [id=2044, stack(0x000000edb8700000,0x000000edb8800000) (1024K)]
  0x000002aa30f1eda0 WorkerThread "GC Thread#6"                     [id=3576, stack(0x000000edb8800000,0x000000edb8900000) (1024K)]
  0x000002aa30f1f9e0 WorkerThread "GC Thread#7"                     [id=7236, stack(0x000000edb8900000,0x000000edb8a00000) (1024K)]
  0x000002aa1fc6c150 ConcurrentGCThread "G1 Main Marker"            [id=18128, stack(0x000000edb6e00000,0x000000edb6f00000) (1024K)]
  0x000002aa1fc6e810 WorkerThread "G1 Conc#0"                       [id=12200, stack(0x000000edb6f00000,0x000000edb7000000) (1024K)]
  0x000002aa76bec8e0 WorkerThread "G1 Conc#1"                       [id=120, stack(0x000000edb8e00000,0x000000edb8f00000) (1024K)]
  0x000002aa300da9d0 ConcurrentGCThread "G1 Refine#0"               [id=16512, stack(0x000000edb7000000,0x000000edb7100000) (1024K)]
  0x000002aa300db460 ConcurrentGCThread "G1 Service"                [id=19880, stack(0x000000edb7100000,0x000000edb7200000) (1024K)]
Total: 15

Threads with active compile tasks:
C1 CompilerThread0  17492 7538       1       org.springframework.beans.factory.support.RootBeanDefinition::cloneBeanDefinition (9 bytes)
C1 CompilerThread3  17492 7537       1       org.springframework.beans.factory.support.AbstractBeanDefinition::<init> (461 bytes)
Total: 2

VM state: at safepoint (normal execution)

VM Mutex/Monitor currently owned by a thread:  ([mutex/lock_event])
[0x00007ff8623fbbb8] Threads_lock - owner thread: 0x000002aa30224b00
[0x00007ff8623fbcb8] Heap_lock - owner thread: 0x000002aa1fc6c150

Heap address: 0x0000000082c00000, size: 2004 MB, Compressed Oops mode: 32-bit

CDS archive(s) mapped at: [0x000002aa31000000-0x000002aa31c60000-0x000002aa31c60000), size 12976128, SharedBaseAddress: 0x000002aa31000000, ArchiveRelocationMode: 1.
Compressed class space mapped at: 0x000002aa32000000-0x000002aa72000000, reserved size: 1073741824
Narrow klass base: 0x000002aa31000000, Narrow klass shift: 0, Narrow klass range: 0x41000000

GC Precious Log:
 CardTable entry size: 512
 Card Set container configuration: InlinePtr #cards 5 size 8 Array Of Cards #cards 12 size 40 Howl #buckets 4 coarsen threshold 1843 Howl Bitmap #cards 512 size 80 coarsen threshold 460 Card regions per heap region 1 cards per card region 2048
 CPUs: 8 total, 8 available
 Memory: 8013M
 Large Page Support: Disabled
 NUMA Support: Disabled
 Compressed Oops: Enabled (32-bit)
 Heap Region Size: 1M
 Heap Min Capacity: 8M
 Heap Initial Capacity: 126M
 Heap Max Capacity: 2004M
 Pre-touch: Disabled
 Parallel Workers: 8
 Concurrent Workers: 2
 Concurrent Refinement Workers: 8
 Periodic GC: Disabled

Heap:
 garbage-first heap   total reserved 2052096K, committed 58368K, used 36803K [0x0000000082c00000, 0x0000000100000000)
  region size 1024K, 3 young (3072K), 2 survivors (2048K)
 Metaspace       used 63573K, committed 64320K, reserved 1114112K
  class space    used 9190K, committed 9472K, reserved 1048576K

Heap Regions: E=young(eden), S=young(survivor), O=old, HS=humongous(starts), HC=humongous(continues), CS=collection set, F=free, TAMS=top-at-mark-start, PB=parsable bottom
|   0|0x0000000082c00000, 0x0000000082d00000, 0x0000000082d00000|100%|HS|  |TAMS 0x0000000082d00000| PB 0x0000000082c00000| Complete |  0
|   1|0x0000000082d00000, 0x0000000082e00000, 0x0000000082e00000|100%| O|  |TAMS 0x0000000082e00000| PB 0x0000000082e00000| Untracked |  0
|   2|0x0000000082e00000, 0x0000000082f00000, 0x0000000082f00000|100%| O|  |TAMS 0x0000000082f00000| PB 0x0000000082f00000| Untracked |  0
|   3|0x0000000082f00000, 0x0000000083000000, 0x0000000083000000|100%| O|  |TAMS 0x0000000083000000| PB 0x0000000083000000| Untracked |  0
|   4|0x0000000083000000, 0x0000000083100000, 0x0000000083100000|100%| O|  |TAMS 0x0000000083100000| PB 0x0000000083100000| Untracked |  0
|   5|0x0000000083100000, 0x0000000083200000, 0x0000000083200000|100%| O|  |TAMS 0x0000000083200000| PB 0x0000000083200000| Untracked |  0
|   6|0x0000000083200000, 0x0000000083300000, 0x0000000083300000|100%| O|  |TAMS 0x0000000083300000| PB 0x0000000083300000| Untracked |  0
|   7|0x0000000083300000, 0x0000000083400000, 0x0000000083400000|100%| O|  |TAMS 0x0000000083400000| PB 0x0000000083400000| Untracked |  0
|   8|0x0000000083400000, 0x0000000083500000, 0x0000000083500000|100%| O|  |TAMS 0x0000000083500000| PB 0x0000000083500000| Untracked |  0
|   9|0x0000000083500000, 0x0000000083600000, 0x0000000083600000|100%| O|  |TAMS 0x0000000083600000| PB 0x0000000083600000| Updating |  0
|  10|0x0000000083600000, 0x0000000083700000, 0x0000000083700000|100%| O|  |TAMS 0x0000000083700000| PB 0x0000000083700000| Untracked |  0
|  11|0x0000000083700000, 0x0000000083800000, 0x0000000083800000|100%| O|  |TAMS 0x0000000083800000| PB 0x0000000083800000| Untracked |  0
|  12|0x0000000083800000, 0x0000000083900000, 0x0000000083900000|100%| O|  |TAMS 0x0000000083900000| PB 0x0000000083900000| Untracked |  0
|  13|0x0000000083900000, 0x0000000083a00000, 0x0000000083a00000|100%| O|  |TAMS 0x0000000083a00000| PB 0x0000000083a00000| Untracked |  0
|  14|0x0000000083a00000, 0x0000000083b00000, 0x0000000083b00000|100%| O|  |TAMS 0x0000000083b00000| PB 0x0000000083b00000| Untracked |  0
|  15|0x0000000083b00000, 0x0000000083c00000, 0x0000000083c00000|100%| O|  |TAMS 0x0000000083c00000| PB 0x0000000083c00000| Updating |  0
|  16|0x0000000083c00000, 0x0000000083d00000, 0x0000000083d00000|100%| O|  |TAMS 0x0000000083d00000| PB 0x0000000083d00000| Untracked |  0
|  17|0x0000000083d00000, 0x0000000083e00000, 0x0000000083e00000|100%| O|  |TAMS 0x0000000083e00000| PB 0x0000000083e00000| Updating |  0
|  18|0x0000000083e00000, 0x0000000083f00000, 0x0000000083f00000|100%| O|  |TAMS 0x0000000083f00000| PB 0x0000000083f00000| Untracked |  0
|  19|0x0000000083f00000, 0x0000000084000000, 0x0000000084000000|100%| O|  |TAMS 0x0000000084000000| PB 0x0000000084000000| Untracked |  0
|  20|0x0000000084000000, 0x0000000084100000, 0x0000000084100000|100%| O|  |TAMS 0x0000000084100000| PB 0x0000000084100000| Untracked |  0
|  21|0x0000000084100000, 0x0000000084200000, 0x0000000084200000|100%| O|  |TAMS 0x0000000084100000| PB 0x0000000084100000| Untracked |  0
|  22|0x0000000084200000, 0x0000000084300000, 0x0000000084300000|100%| O|  |TAMS 0x0000000084300000| PB 0x0000000084300000| Untracked |  0
|  23|0x0000000084300000, 0x0000000084400000, 0x0000000084400000|100%| O|  |TAMS 0x0000000084400000| PB 0x0000000084400000| Untracked |  0
|  24|0x0000000084400000, 0x0000000084400000, 0x0000000084500000|  0%| F|  |TAMS 0x0000000084400000| PB 0x0000000084400000| Untracked |  0
|  25|0x0000000084500000, 0x0000000084600000, 0x0000000084600000|100%| O|  |TAMS 0x0000000084600000| PB 0x0000000084600000| Untracked |  0
|  26|0x0000000084600000, 0x0000000084700000, 0x0000000084700000|100%| O|  |TAMS 0x0000000084700000| PB 0x0000000084700000| Untracked |  0
|  27|0x0000000084700000, 0x0000000084800000, 0x0000000084800000|100%| O|  |TAMS 0x0000000084800000| PB 0x0000000084800000| Untracked |  0
|  28|0x0000000084800000, 0x0000000084900000, 0x0000000084900000|100%| O|  |TAMS 0x0000000084900000| PB 0x0000000084900000| Updating |  0
|  29|0x0000000084900000, 0x0000000084a00000, 0x0000000084a00000|100%| O|  |TAMS 0x0000000084a00000| PB 0x0000000084a00000| Untracked |  0
|  30|0x0000000084a00000, 0x0000000084b00000, 0x0000000084b00000|100%| O|  |TAMS 0x0000000084b00000| PB 0x0000000084b00000| Updating |  0
|  31|0x0000000084b00000, 0x0000000084c00000, 0x0000000084c00000|100%| O|  |TAMS 0x0000000084c00000| PB 0x0000000084c00000| Updating |  0
|  32|0x0000000084c00000, 0x0000000084d00000, 0x0000000084d00000|100%| O|  |TAMS 0x0000000084d00000| PB 0x0000000084d00000| Updating |  0
|  33|0x0000000084d00000, 0x0000000084e00000, 0x0000000084e00000|100%| O|  |TAMS 0x0000000084e00000| PB 0x0000000084e00000| Untracked |  0
|  34|0x0000000084e00000, 0x0000000084f00000, 0x0000000084f00000|100%| O|  |TAMS 0x0000000084e89f40| PB 0x0000000084e89f40| Untracked |  0
|  35|0x0000000084f00000, 0x0000000084f00000, 0x0000000085000000|  0%| F|  |TAMS 0x0000000084f00000| PB 0x0000000084f00000| Untracked |  0
|  36|0x0000000085000000, 0x0000000085000000, 0x0000000085100000|  0%| F|  |TAMS 0x0000000085000000| PB 0x0000000085000000| Untracked |  0
|  37|0x0000000085100000, 0x0000000085100000, 0x0000000085200000|  0%| F|  |TAMS 0x0000000085100000| PB 0x0000000085100000| Untracked |  0
|  38|0x0000000085200000, 0x00000000852f0ea0, 0x0000000085300000| 94%| S|CS|TAMS 0x0000000085200000| PB 0x0000000085200000| Complete |  0
|  39|0x0000000085300000, 0x0000000085300000, 0x0000000085400000|  0%| F|  |TAMS 0x0000000085300000| PB 0x0000000085300000| Untracked |  0
|  40|0x0000000085400000, 0x0000000085400000, 0x0000000085500000|  0%| F|  |TAMS 0x0000000085400000| PB 0x0000000085400000| Untracked |  0
|  41|0x0000000085500000, 0x0000000085500000, 0x0000000085600000|  0%| F|  |TAMS 0x0000000085500000| PB 0x0000000085500000| Untracked |  0
|  42|0x0000000085600000, 0x0000000085700000, 0x0000000085700000|100%| S|CS|TAMS 0x0000000085600000| PB 0x0000000085600000| Complete |  0
|  43|0x0000000085700000, 0x0000000085700000, 0x0000000085800000|  0%| F|  |TAMS 0x0000000085700000| PB 0x0000000085700000| Untracked |  0
|  44|0x0000000085800000, 0x0000000085800000, 0x0000000085900000|  0%| F|  |TAMS 0x0000000085800000| PB 0x0000000085800000| Untracked |  0
|  45|0x0000000085900000, 0x0000000085900000, 0x0000000085a00000|  0%| F|  |TAMS 0x0000000085900000| PB 0x0000000085900000| Untracked |  0
|  46|0x0000000085a00000, 0x0000000085a00000, 0x0000000085b00000|  0%| F|  |TAMS 0x0000000085a00000| PB 0x0000000085a00000| Untracked |  0
|  47|0x0000000085b00000, 0x0000000085b00000, 0x0000000085c00000|  0%| F|  |TAMS 0x0000000085b00000| PB 0x0000000085b00000| Untracked |  0
|  48|0x0000000085c00000, 0x0000000085c00000, 0x0000000085d00000|  0%| F|  |TAMS 0x0000000085c00000| PB 0x0000000085c00000| Untracked |  0
|  77|0x0000000087900000, 0x0000000087900000, 0x0000000087a00000|  0%| F|  |TAMS 0x0000000087900000| PB 0x0000000087900000| Untracked |  0
|  78|0x0000000087a00000, 0x0000000087a00000, 0x0000000087b00000|  0%| F|  |TAMS 0x0000000087a00000| PB 0x0000000087a00000| Untracked |  0
|  79|0x0000000087b00000, 0x0000000087b00000, 0x0000000087c00000|  0%| F|  |TAMS 0x0000000087b00000| PB 0x0000000087b00000| Untracked |  0
|  80|0x0000000087c00000, 0x0000000087c00000, 0x0000000087d00000|  0%| F|  |TAMS 0x0000000087c00000| PB 0x0000000087c00000| Untracked |  0
|  81|0x0000000087d00000, 0x0000000087d00000, 0x0000000087e00000|  0%| F|  |TAMS 0x0000000087d00000| PB 0x0000000087d00000| Untracked |  0
|  82|0x0000000087e00000, 0x0000000087e00000, 0x0000000087f00000|  0%| F|  |TAMS 0x0000000087e00000| PB 0x0000000087e00000| Untracked |  0
| 124|0x000000008a800000, 0x000000008a800000, 0x000000008a900000|  0%| F|  |TAMS 0x000000008a800000| PB 0x000000008a800000| Untracked |  0
| 125|0x000000008a900000, 0x000000008a9fdba0, 0x000000008aa00000| 99%| E|  |TAMS 0x000000008a900000| PB 0x000000008a900000| Complete |  0

Card table byte_map: [0x000002aa2b430000,0x000002aa2b820000] _byte_map_base: 0x000002aa2b01a000

Marking Bits: (CMBitMap*) 0x000002aa1fc5ac30
 Bits: [0x000002aa2b820000, 0x000002aa2d770000)

Polling page: 0x000002aa1dbb0000

Metaspace:

Usage:
  Non-class:     53.11 MB used.
      Class:      8.98 MB used.
       Both:     62.08 MB used.

Virtual space:
  Non-class space:       64.00 MB reserved,      53.56 MB ( 84%) committed,  1 nodes.
      Class space:        1.00 GB reserved,       9.25 MB ( <1%) committed,  1 nodes.
             Both:        1.06 GB reserved,      62.81 MB (  6%) committed. 

Chunk freelists:
   Non-Class:  9.91 MB
       Class:  6.76 MB
        Both:  16.67 MB

MaxMetaspaceSize: unlimited
CompressedClassSpaceSize: 1.00 GB
Initial GC threshold: 21.00 MB
Current GC threshold: 93.12 MB
CDS: on
 - commit_granule_bytes: 65536.
 - commit_granule_words: 8192.
 - virtual_space_node_default_size: 8388608.
 - enlarge_chunks_in_place: 1.
 - use_allocation_guard: 0.


Internal statistics:

num_allocs_failed_limit: 3.
num_arena_births: 978.
num_arena_deaths: 0.
num_vsnodes_births: 2.
num_vsnodes_deaths: 0.
num_space_committed: 1005.
num_space_uncommitted: 0.
num_chunks_returned_to_freelist: 3.
num_chunks_taken_from_freelist: 3178.
num_chunk_merges: 3.
num_chunk_splits: 2318.
num_chunks_enlarged: 1775.
num_inconsistent_stats: 0.

CodeCache: size=49152Kb used=14317Kb max_used=14349Kb free=34834Kb
 bounds [0x000002aa27f30000, 0x000002aa28d40000, 0x000002aa2af30000]
 total_blobs=8161 nmethods=7434 adapters=646
 compilation: enabled
              stopped_count=0, restarted_count=0
 full_count=0

Compilation events (20 events):
Event: 17.155 Thread 0x000002aa3044c950 7528       1       java.lang.invoke.LambdaFormEditor::buffer (12 bytes)
Event: 17.155 Thread 0x000002aa3044c950 nmethod 7528 0x000002aa28d2d710 code [0x000002aa28d2d8a0, 0x000002aa28d2d9f8]
Event: 17.155 Thread 0x000002aa3044c950 7529       1       java.lang.invoke.LambdaForm$Name::<init> (99 bytes)
Event: 17.156 Thread 0x000002aa3044c950 nmethod 7529 0x000002aa28d2da90 code [0x000002aa28d2dc20, 0x000002aa28d2de70]
Event: 17.157 Thread 0x000002aa3020bc60 7530       1       java.lang.invoke.LambdaFormEditor::foldArgumentsForm (95 bytes)
Event: 17.157 Thread 0x000002aa3020bc60 nmethod 7530 0x000002aa28d2df10 code [0x000002aa28d2e0e0, 0x000002aa28d2e2d8]
Event: 17.157 Thread 0x000002aa302471f0 7531       1       java.lang.invoke.LambdaFormBuffer::insertParameter (30 bytes)
Event: 17.157 Thread 0x000002aa302471f0 nmethod 7531 0x000002aa28d2e410 code [0x000002aa28d2e5a0, 0x000002aa28d2e698]
Event: 17.160 Thread 0x000002aa3020bc60 7532       1       javax.management.ObjectName::construct (1135 bytes)
Event: 17.161 Thread 0x000002aa302471f0 7533       1       java.util.EventObject::<init> (24 bytes)
Event: 17.161 Thread 0x000002aa302471f0 nmethod 7533 0x000002aa28d2e710 code [0x000002aa28d2e8c0, 0x000002aa28d2ea88]
Event: 17.164 Thread 0x000002aa3020bc60 nmethod 7532 0x000002aa28d2eb10 code [0x000002aa28d2efa0, 0x000002aa28d313a0]
Event: 17.179 Thread 0x000002aa302471f0 7534       1       java.util.ResourceBundle$CacheKey::getName (5 bytes)
Event: 17.180 Thread 0x000002aa302471f0 nmethod 7534 0x000002aa28d32610 code [0x000002aa28d327a0, 0x000002aa28d32868]
Event: 17.189 Thread 0x000002aa3044c950 7535   !   1       java.util.concurrent.ConcurrentHashMap::clear (176 bytes)
Event: 17.190 Thread 0x000002aa3044c950 nmethod 7535 0x000002aa28d32910 code [0x000002aa28d32ae0, 0x000002aa28d33058]
Event: 17.204 Thread 0x000002aa3044c950 7536       1       org.springframework.beans.factory.support.AbstractBeanDefinition::hasPropertyValues (23 bytes)
Event: 17.204 Thread 0x000002aa3044c950 nmethod 7536 0x000002aa28d33310 code [0x000002aa28d334a0, 0x000002aa28d335c0]
Event: 17.204 Thread 0x000002aa76b8a680 7537       1       org.springframework.beans.factory.support.AbstractBeanDefinition::<init> (461 bytes)
Event: 17.205 Thread 0x000002aa302471f0 7538       1       org.springframework.beans.factory.support.RootBeanDefinition::cloneBeanDefinition (9 bytes)

GC Heap History (20 events):
Event: 8.914 GC heap before
{Heap before GC invocations=12 (full 0):
 garbage-first heap   total reserved 2052096K, committed 55296K, used 46872K [0x0000000082c00000, 0x0000000100000000)
  region size 1024K, 19 young (19456K), 2 survivors (2048K)
 Metaspace       used 39459K, committed 40064K, reserved 1114112K
  class space    used 5507K, committed 5760K, reserved 1048576K
}
Event: 8.918 GC heap after
{Heap after GC invocations=13 (full 0):
 garbage-first heap   total reserved 2052096K, committed 55296K, used 30241K [0x0000000082c00000, 0x0000000100000000)
  region size 1024K, 2 young (2048K), 2 survivors (2048K)
 Metaspace       used 39459K, committed 40064K, reserved 1114112K
  class space    used 5507K, committed 5760K, reserved 1048576K
}
Event: 9.819 GC heap before
{Heap before GC invocations=14 (full 0):
 garbage-first heap   total reserved 2052096K, committed 55296K, used 46625K [0x0000000082c00000, 0x0000000100000000)
  region size 1024K, 19 young (19456K), 2 survivors (2048K)
 Metaspace       used 43365K, committed 44096K, reserved 1114112K
  class space    used 6063K, committed 6400K, reserved 1048576K
}
Event: 9.824 GC heap after
{Heap after GC invocations=15 (full 0):
 garbage-first heap   total reserved 2052096K, committed 55296K, used 31557K [0x0000000082c00000, 0x0000000100000000)
  region size 1024K, 3 young (3072K), 3 survivors (3072K)
 Metaspace       used 43365K, committed 44096K, reserved 1114112K
  class space    used 6063K, committed 6400K, reserved 1048576K
}
Event: 10.627 GC heap before
{Heap before GC invocations=15 (full 0):
 garbage-first heap   total reserved 2052096K, committed 55296K, used 45893K [0x0000000082c00000, 0x0000000100000000)
  region size 1024K, 18 young (18432K), 3 survivors (3072K)
 Metaspace       used 47016K, committed 47680K, reserved 1114112K
  class space    used 6589K, committed 6848K, reserved 1048576K
}
Event: 10.633 GC heap after
{Heap after GC invocations=16 (full 0):
 garbage-first heap   total reserved 2052096K, committed 55296K, used 32299K [0x0000000082c00000, 0x0000000100000000)
  region size 1024K, 3 young (3072K), 3 survivors (3072K)
 Metaspace       used 47016K, committed 47680K, reserved 1114112K
  class space    used 6589K, committed 6848K, reserved 1048576K
}
Event: 11.608 GC heap before
{Heap before GC invocations=16 (full 0):
 garbage-first heap   total reserved 2052096K, committed 55296K, used 47659K [0x0000000082c00000, 0x0000000100000000)
  region size 1024K, 18 young (18432K), 3 survivors (3072K)
 Metaspace       used 49461K, committed 50112K, reserved 1114112K
  class space    used 6928K, committed 7232K, reserved 1048576K
}
Event: 11.613 GC heap after
{Heap after GC invocations=17 (full 0):
 garbage-first heap   total reserved 2052096K, committed 55296K, used 33550K [0x0000000082c00000, 0x0000000100000000)
  region size 1024K, 2 young (2048K), 2 survivors (2048K)
 Metaspace       used 49461K, committed 50112K, reserved 1114112K
  class space    used 6928K, committed 7232K, reserved 1048576K
}
Event: 12.917 GC heap before
{Heap before GC invocations=18 (full 0):
 garbage-first heap   total reserved 2052096K, committed 58368K, used 46862K [0x0000000082c00000, 0x0000000100000000)
  region size 1024K, 16 young (16384K), 2 survivors (2048K)
 Metaspace       used 53964K, committed 54592K, reserved 1114112K
  class space    used 7680K, committed 7936K, reserved 1048576K
}
Event: 12.922 GC heap after
{Heap after GC invocations=19 (full 0):
 garbage-first heap   total reserved 2052096K, committed 58368K, used 34227K [0x0000000082c00000, 0x0000000100000000)
  region size 1024K, 1 young (1024K), 1 survivors (1024K)
 Metaspace       used 53964K, committed 54592K, reserved 1114112K
  class space    used 7680K, committed 7936K, reserved 1048576K
}
Event: 14.125 GC heap before
{Heap before GC invocations=19 (full 0):
 garbage-first heap   total reserved 2052096K, committed 58368K, used 52659K [0x0000000082c00000, 0x0000000100000000)
  region size 1024K, 19 young (19456K), 1 survivors (1024K)
 Metaspace       used 55841K, committed 56448K, reserved 1114112K
  class space    used 8042K, committed 8320K, reserved 1048576K
}
Event: 14.130 GC heap after
{Heap after GC invocations=20 (full 0):
 garbage-first heap   total reserved 2052096K, committed 58368K, used 33905K [0x0000000082c00000, 0x0000000100000000)
  region size 1024K, 2 young (2048K), 2 survivors (2048K)
 Metaspace       used 55841K, committed 56448K, reserved 1114112K
  class space    used 8042K, committed 8320K, reserved 1048576K
}
Event: 14.637 GC heap before
{Heap before GC invocations=20 (full 0):
 garbage-first heap   total reserved 2052096K, committed 58368K, used 51313K [0x0000000082c00000, 0x0000000100000000)
  region size 1024K, 19 young (19456K), 2 survivors (2048K)
 Metaspace       used 56316K, committed 56960K, reserved 1114112K
  class space    used 8105K, committed 8384K, reserved 1048576K
}
Event: 14.640 GC heap after
{Heap after GC invocations=21 (full 0):
 garbage-first heap   total reserved 2052096K, committed 58368K, used 34076K [0x0000000082c00000, 0x0000000100000000)
  region size 1024K, 2 young (2048K), 2 survivors (2048K)
 Metaspace       used 56316K, committed 56960K, reserved 1114112K
  class space    used 8105K, committed 8384K, reserved 1048576K
}
Event: 15.877 GC heap before
{Heap before GC invocations=22 (full 0):
 garbage-first heap   total reserved 2052096K, committed 58368K, used 51484K [0x0000000082c00000, 0x0000000100000000)
  region size 1024K, 19 young (19456K), 2 survivors (2048K)
 Metaspace       used 59593K, committed 60352K, reserved 1114112K
  class space    used 8657K, committed 8960K, reserved 1048576K
}
Event: 15.883 GC heap after
{Heap after GC invocations=23 (full 0):
 garbage-first heap   total reserved 2052096K, committed 58368K, used 35659K [0x0000000082c00000, 0x0000000100000000)
  region size 1024K, 3 young (3072K), 3 survivors (3072K)
 Metaspace       used 59593K, committed 60352K, reserved 1114112K
  class space    used 8657K, committed 8960K, reserved 1048576K
}
Event: 16.681 GC heap before
{Heap before GC invocations=23 (full 0):
 garbage-first heap   total reserved 2052096K, committed 58368K, used 49995K [0x0000000082c00000, 0x0000000100000000)
  region size 1024K, 18 young (18432K), 3 survivors (3072K)
 Metaspace       used 61909K, committed 62592K, reserved 1114112K
  class space    used 8940K, committed 9216K, reserved 1048576K
}
Event: 16.689 GC heap after
{Heap after GC invocations=24 (full 0):
 garbage-first heap   total reserved 2052096K, committed 58368K, used 36057K [0x0000000082c00000, 0x0000000100000000)
  region size 1024K, 3 young (3072K), 3 survivors (3072K)
 Metaspace       used 61909K, committed 62592K, reserved 1114112K
  class space    used 8940K, committed 9216K, reserved 1048576K
}
Event: 17.133 GC heap before
{Heap before GC invocations=24 (full 0):
 garbage-first heap   total reserved 2052096K, committed 58368K, used 50393K [0x0000000082c00000, 0x0000000100000000)
  region size 1024K, 17 young (17408K), 3 survivors (3072K)
 Metaspace       used 63487K, committed 64256K, reserved 1114112K
  class space    used 9174K, committed 9472K, reserved 1048576K
}
Event: 17.140 GC heap after
{Heap after GC invocations=25 (full 0):
 garbage-first heap   total reserved 2052096K, committed 58368K, used 36803K [0x0000000082c00000, 0x0000000100000000)
  region size 1024K, 2 young (2048K), 2 survivors (2048K)
 Metaspace       used 63487K, committed 64256K, reserved 1114112K
  class space    used 9174K, committed 9472K, reserved 1048576K
}

Dll operation events (14 events):
Event: 0.032 Loaded shared library C:\Program Files\Java\jdk-22\bin\java.dll
Event: 0.366 Loaded shared library C:\Program Files\Java\jdk-22\bin\zip.dll
Event: 0.373 Loaded shared library C:\Program Files\Java\jdk-22\bin\instrument.dll
Event: 0.380 Loaded shared library C:\Program Files\Java\jdk-22\bin\net.dll
Event: 0.384 Loaded shared library C:\Program Files\Java\jdk-22\bin\nio.dll
Event: 0.392 Loaded shared library C:\Program Files\Java\jdk-22\bin\zip.dll
Event: 0.557 Loaded shared library C:\Users\LAPTOP\AppData\Local\Programs\IntelliJ IDEA Ultimate 2024.2.4\bin\breakgen64.dll
Event: 0.566 Loaded shared library C:\Program Files\Java\jdk-22\bin\jimage.dll
Event: 0.577 Loaded shared library C:\Program Files\Java\jdk-22\bin\extnet.dll
Event: 0.600 Loaded shared library C:\Program Files\Java\jdk-22\bin\management.dll
Event: 0.628 Loaded shared library C:\Program Files\Java\jdk-22\bin\management_ext.dll
Event: 3.300 Loaded shared library C:\Program Files\Java\jdk-22\bin\sunmscapi.dll
Event: 5.478 Loaded shared library C:\Program Files\Java\jdk-22\bin\verify.dll
Event: 6.394 Loaded shared library C:\Program Files\Java\jdk-22\bin\le.dll

Deoptimization events (4 events):
Event: 16.567 Thread 0x000002aa76571d80 DEOPT PACKING pc=0x000002aa284f2a14 sp=0x000000edb8bfaf00
Event: 16.567 Thread 0x000002aa76571d80 DEOPT UNPACKING pc=0x000002aa27f84e42 sp=0x000000edb8bfa458 mode 0
Event: 17.048 Thread 0x000002aa76571d80 DEOPT PACKING pc=0x000002aa28502a39 sp=0x000000edb8bfbe40
Event: 17.048 Thread 0x000002aa76571d80 DEOPT UNPACKING pc=0x000002aa27f84e42 sp=0x000000edb8bfb348 mode 3

Classes loaded (20 events):
Event: 16.835 Loading class java/lang/Character$Subset done
Event: 16.837 Loading class java/lang/Character$UnicodeBlock done
Event: 16.925 Loading class java/util/regex/Pattern$Bound
Event: 16.926 Loading class java/util/regex/Pattern$Bound done
Event: 16.927 Loading class java/util/regex/Pattern$Behind
Event: 16.928 Loading class java/util/regex/Pattern$Behind done
Event: 17.009 Loading class java/lang/invoke/MethodHandleImpl$CountingWrapper$1
Event: 17.010 Loading class java/lang/invoke/MethodHandleImpl$CountingWrapper$1 done
Event: 17.034 Loading class sun/reflect/ReflectionFactory
Event: 17.034 Loading class sun/reflect/ReflectionFactory done
Event: 17.034 Loading class sun/reflect/ReflectionFactory$1
Event: 17.034 Loading class sun/reflect/ReflectionFactory$1 done
Event: 17.035 Loading class java/io/OptionalDataException
Event: 17.035 Loading class java/io/OptionalDataException done
Event: 17.080 Loading class java/util/stream/SortedOps$SizedRefSortingSink
Event: 17.081 Loading class java/util/stream/SortedOps$SizedRefSortingSink done
Event: 17.101 Loading class javax/net/ssl/SSLException
Event: 17.101 Loading class javax/net/ssl/SSLException done
Event: 17.123 Loading class java/nio/channels/CompletionHandler
Event: 17.123 Loading class java/nio/channels/CompletionHandler done

Classes unloaded (0 events):
No events

Classes redefined (0 events):
No events

Internal exceptions (20 events):
Event: 14.806 Thread 0x000002aa76571d80 Exception <a 'java/lang/NoSuchMethodError'{0x0000000087eb5678}: 'java.lang.Object java.lang.invoke.DirectMethodHandle$Holder.invokeStatic(java.lang.Object, java.lang.Object, int, int)'> (0x0000000087eb5678) 
thrown [s\open\src\hotspot\share\interpreter\linkResolver.cpp, line 774]
Event: 14.807 Thread 0x000002aa76571d80 Exception <a 'java/lang/NoSuchMethodError'{0x0000000087ebc4e8}: 'java.lang.Object java.lang.invoke.DirectMethodHandle$Holder.newInvokeSpecial(java.lang.Object, java.lang.Object, int)'> (0x0000000087ebc4e8) 
thrown [s\open\src\hotspot\share\interpreter\linkResolver.cpp, line 774]
Event: 14.818 Thread 0x000002aa76571d80 Exception <a 'java/lang/NoSuchMethodError'{0x0000000087eeefc8}: 'void java.lang.invoke.DirectMethodHandle$Holder.invokeInterface(java.lang.Object, java.lang.Object, int, java.lang.Object)'> (0x0000000087eeefc8) 
thrown [s\open\src\hotspot\share\interpreter\linkResolver.cpp, line 774]
Event: 14.826 Thread 0x000002aa76571d80 Exception <a 'java/lang/NoSuchMethodError'{0x0000000087d13328}: 'java.lang.Object java.lang.invoke.DirectMethodHandle$Holder.newInvokeSpecial(java.lang.Object, java.lang.Object, int, java.lang.Object)'> (0x0000000087d13328) 
thrown [s\open\src\hotspot\share\interpreter\linkResolver.cpp, line 774]
Event: 14.826 Thread 0x000002aa76571d80 Exception <a 'java/lang/NoSuchMethodError'{0x0000000087d17508}: 'java.lang.Object java.lang.invoke.Invokers$Holder.linkToTargetMethod(java.lang.Object, int, java.lang.Object, java.lang.Object)'> (0x0000000087d17508) 
thrown [s\open\src\hotspot\share\interpreter\linkResolver.cpp, line 774]
Event: 14.917 Thread 0x000002aa76571d80 Exception <a 'java/lang/NoSuchMethodError'{0x0000000087b1b8c8}: 'java.lang.Object java.lang.invoke.DirectMethodHandle$Holder.newInvokeSpecial(java.lang.Object, java.lang.Object, java.lang.Object, java.lang.Object, java.lang.Object, int, java.lang.Object)'> (0x0000000087b1b8c8) 
thrown [s\open\src\hotspot\share\interpreter\linkResolver.cpp, line 774]
Event: 15.023 Thread 0x000002aa76571d80 Exception <a 'java/lang/NoSuchMethodError'{0x0000000087939e58}: 'java.lang.Object java.lang.invoke.DirectMethodHandle$Holder.newInvokeSpecial(java.lang.Object, java.lang.Object, int, java.lang.Object, int, java.lang.Object, java.lang.Object)'> (0x0000000087939e58) 
thrown [s\open\src\hotspot\share\interpreter\linkResolver.cpp, line 774]
Event: 15.057 Thread 0x000002aa76571d80 Exception <a 'java/lang/NoSuchMethodError'{0x00000000879f8f20}: 'java.lang.Object java.lang.invoke.DirectMethodHandle$Holder.newInvokeSpecial(java.lang.Object, java.lang.Object, java.lang.Object, java.lang.Object, java.lang.Object, java.lang.Object, java.lang.Object, int)'> (0x00000000879f8f20) 
thrown [s\open\src\hotspot\share\interpreter\linkResolver.cpp, line 774]
Event: 15.058 Thread 0x000002aa76571d80 Exception <a 'java/lang/NoSuchMethodError'{0x00000000879fdd70}: 'java.lang.Object java.lang.invoke.DirectMethodHandle$Holder.invokeSpecial(java.lang.Object, java.lang.Object, java.lang.Object, java.lang.Object, java.lang.Object, java.lang.Object, java.lang.Object, java.lang.Object, int)'> (0x00000000879fdd70) 
thrown [s\open\src\hotspot\share\interpreter\linkResolver.cpp, line 774]
Event: 15.058 Thread 0x000002aa76571d80 Exception <a 'java/lang/NoSuchMethodError'{0x0000000085c025c8}: 'java.lang.Object java.lang.invoke.Invokers$Holder.linkToTargetMethod(java.lang.Object, java.lang.Object, java.lang.Object, java.lang.Object, java.lang.Object, java.lang.Object, int, java.lang.Object)'> (0x0000000085c025c8) 
thrown [s\open\src\hotspot\share\interpreter\linkResolver.cpp, line 774]
Event: 15.113 Thread 0x000002aa76571d80 Exception <a 'java/lang/IncompatibleClassChangeError'{0x0000000085cee7c0}: Found class java.lang.Object, but interface was expected> (0x0000000085cee7c0) 
thrown [s\open\src\hotspot\share\interpreter\linkResolver.cpp, line 841]
Event: 15.195 Thread 0x000002aa76571d80 Exception <a 'java/lang/NoSuchMethodError'{0x0000000085bfe7c0}: 'void java.lang.invoke.DirectMethodHandle$Holder.invokeSpecial(java.lang.Object, java.lang.Object, java.lang.Object, java.lang.Object, java.lang.Object, int, java.lang.Object)'> (0x0000000085bfe7c0) 
thrown [s\open\src\hotspot\share\interpreter\linkResolver.cpp, line 774]
Event: 15.495 Thread 0x000002aa76571d80 Exception <a 'java/lang/NoSuchMethodError'{0x00000000856eefe0}: 'java.lang.Object java.lang.invoke.DirectMethodHandle$Holder.invokeSpecial(java.lang.Object, java.lang.Object, int, java.lang.Object, int)'> (0x00000000856eefe0) 
thrown [s\open\src\hotspot\share\interpreter\linkResolver.cpp, line 774]
Event: 16.314 Thread 0x000002aa76571d80 Exception <a 'java/lang/IncompatibleClassChangeError'{0x0000000087b57398}: Found class java.lang.Object, but interface was expected> (0x0000000087b57398) 
thrown [s\open\src\hotspot\share\interpreter\linkResolver.cpp, line 841]
Event: 16.332 Thread 0x000002aa76571d80 Exception <a 'java/lang/IncompatibleClassChangeError'{0x0000000087be8ed0}: Found class java.lang.Object, but interface was expected> (0x0000000087be8ed0) 
thrown [s\open\src\hotspot\share\interpreter\linkResolver.cpp, line 841]
Event: 16.397 Thread 0x000002aa76571d80 Exception <a 'java/lang/IncompatibleClassChangeError'{0x00000000879a06d8}: Found class java.lang.Object, but interface was expected> (0x00000000879a06d8) 
thrown [s\open\src\hotspot\share\interpreter\linkResolver.cpp, line 841]
Event: 16.666 Thread 0x000002aa76571d80 Exception <a 'java/lang/IncompatibleClassChangeError'{0x0000000085698be0}: Found class java.lang.Object, but interface was expected> (0x0000000085698be0) 
thrown [s\open\src\hotspot\share\interpreter\linkResolver.cpp, line 841]
Event: 16.856 Thread 0x000002aa76571d80 Exception <a 'java/lang/NoSuchMethodError'{0x0000000087a89c18}: 'java.lang.Object java.lang.invoke.Invokers$Holder.invoke_MT(java.lang.Object, java.lang.Object, java.lang.Object, java.lang.Object, java.lang.Object, java.lang.Object, java.lang.Object, java.lang.Object, java.lang.Object)'> (0x0000000087a89c18) 
thrown [s\open\src\hotspot\share\interpreter\linkResolver.cpp, line 774]
Event: 16.860 Thread 0x000002aa76571d80 Exception <a 'java/lang/IncompatibleClassChangeError'{0x0000000087ab1140}: Found class java.lang.Object, but interface was expected> (0x0000000087ab1140) 
thrown [s\open\src\hotspot\share\interpreter\linkResolver.cpp, line 841]
Event: 17.133 Thread 0x000002aa76571d80 Exception <a 'java/io/FileNotFoundException'{0x00000000857fb5a8}> (0x00000000857fb5a8) 
thrown [s\open\src\hotspot\share\prims\jni.cpp, line 520]

ZGC Phase Switch (0 events):
No events

VM Operations (20 events):
Event: 15.413 Executing VM operation: HandshakeAllThreads (Deoptimize) done
Event: 15.877 Executing VM operation: G1CollectForAllocation (G1 Evacuation Pause)
Event: 15.883 Executing VM operation: G1CollectForAllocation (G1 Evacuation Pause) done
Event: 16.566 Executing VM operation: HandshakeAllThreads (Deoptimize)
Event: 16.566 Executing VM operation: HandshakeAllThreads (Deoptimize) done
Event: 16.681 Executing VM operation: G1CollectForAllocation (G1 Evacuation Pause)
Event: 16.689 Executing VM operation: G1CollectForAllocation (G1 Evacuation Pause) done
Event: 16.743 Executing VM operation: HandshakeAllThreads (Deoptimize)
Event: 16.743 Executing VM operation: HandshakeAllThreads (Deoptimize) done
Event: 16.745 Executing VM operation: HandshakeAllThreads (Deoptimize)
Event: 16.745 Executing VM operation: HandshakeAllThreads (Deoptimize) done
Event: 17.067 Executing VM operation: HandshakeAllThreads (Deoptimize)
Event: 17.067 Executing VM operation: HandshakeAllThreads (Deoptimize) done
Event: 17.068 Executing VM operation: HandshakeAllThreads (Deoptimize)
Event: 17.068 Executing VM operation: HandshakeAllThreads (Deoptimize) done
Event: 17.133 Executing VM operation: G1CollectForAllocation (G1 Evacuation Pause)
Event: 17.140 Executing VM operation: G1CollectForAllocation (G1 Evacuation Pause) done
Event: 17.151 Executing VM operation: HandshakeAllThreads (Deoptimize)
Event: 17.151 Executing VM operation: HandshakeAllThreads (Deoptimize) done
Event: 17.205 Executing VM operation: G1PauseRemark

Events (20 events):
Event: 16.916 Thread 0x000002aa774c8560 Thread added: 0x000002aa774c8560
Event: 16.922 Thread 0x000002aa774c8560 Thread exited: 0x000002aa774c8560
Event: 17.167 Thread 0x000002aa774c8560 Thread added: 0x000002aa774c8560
Event: 17.173 Thread 0x000002aa774c7840 Thread added: 0x000002aa774c7840
Event: 17.185 Thread 0x000002aa774c6b20 Thread added: 0x000002aa774c6b20
Event: 17.211 Thread 0x000002aa30224b00 flushing nmethod 0x000002aa2890af90
Event: 17.211 Thread 0x000002aa30224b00 flushing nmethod 0x000002aa2890b290
Event: 17.211 Thread 0x000002aa30224b00 flushing nmethod 0x000002aa28a79a10
Event: 17.211 Thread 0x000002aa30224b00 flushing nmethod 0x000002aa28aa8c90
Event: 17.211 Thread 0x000002aa30224b00 flushing nmethod 0x000002aa28a60110
Event: 17.211 Thread 0x000002aa30224b00 flushing nmethod 0x000002aa28a60610
Event: 17.211 Thread 0x000002aa30224b00 flushing nmethod 0x000002aa28a61510
Event: 17.211 Thread 0x000002aa30224b00 flushing nmethod 0x000002aa289c7990
Event: 17.211 Thread 0x000002aa30224b00 flushing nmethod 0x000002aa289ca490
Event: 17.211 Thread 0x000002aa30224b00 flushing nmethod 0x000002aa28235090
Event: 17.211 Thread 0x000002aa30224b00 flushing nmethod 0x000002aa28887e10
Event: 17.211 Thread 0x000002aa30224b00 flushing nmethod 0x000002aa28a24710
Event: 17.211 Thread 0x000002aa30224b00 flushing nmethod 0x000002aa28a66910
Event: 17.211 Thread 0x000002aa30224b00 flushing nmethod 0x000002aa28a74c90
Event: 17.211 Thread 0x000002aa30224b00 flushing nmethod 0x000002aa28bbf010


Dynamic libraries:
0x00007ff77a750000 - 0x00007ff77a760000 	C:\Program Files\Java\jdk-22\bin\java.exe
0x00007ff918df0000 - 0x00007ff919007000 	C:\WINDOWS\SYSTEM32\ntdll.dll
0x00007ff916e70000 - 0x00007ff916f34000 	C:\WINDOWS\System32\KERNEL32.DLL
0x00007ff916160000 - 0x00007ff916519000 	C:\WINDOWS\System32\KERNELBASE.dll
0x00007ff916910000 - 0x00007ff916a21000 	C:\WINDOWS\System32\ucrtbase.dll
0x00007ff90d090000 - 0x00007ff90d0a7000 	C:\Program Files\Java\jdk-22\bin\jli.dll
0x00007ff90d0b0000 - 0x00007ff90d0cb000 	C:\Program Files\Java\jdk-22\bin\VCRUNTIME140.dll
0x00007ff9186e0000 - 0x00007ff918792000 	C:\WINDOWS\System32\ADVAPI32.dll
0x00007ff918500000 - 0x00007ff9185a7000 	C:\WINDOWS\System32\msvcrt.dll
0x00007ff9187a0000 - 0x00007ff918847000 	C:\WINDOWS\System32\sechost.dll
0x00007ff916ae0000 - 0x00007ff916b08000 	C:\WINDOWS\System32\bcrypt.dll
0x00007ff917860000 - 0x00007ff917974000 	C:\WINDOWS\System32\RPCRT4.dll
0x00007ff917040000 - 0x00007ff9171ee000 	C:\WINDOWS\System32\USER32.dll
0x00007ff916a30000 - 0x00007ff916a56000 	C:\WINDOWS\System32\win32u.dll
0x00007ff8f2080000 - 0x00007ff8f2312000 	C:\WINDOWS\WinSxS\amd64_microsoft.windows.common-controls_6595b64144ccf1df_6.0.22621.4391_none_2715d37f73803e96\COMCTL32.dll
0x00007ff916b90000 - 0x00007ff916bb9000 	C:\WINDOWS\System32\GDI32.dll
0x00007ff916690000 - 0x00007ff9167ab000 	C:\WINDOWS\System32\gdi32full.dll
0x00007ff9167b0000 - 0x00007ff91684a000 	C:\WINDOWS\System32\msvcp_win.dll
0x00007ff913c20000 - 0x00007ff913c2a000 	C:\WINDOWS\SYSTEM32\VERSION.dll
0x00007ff916ff0000 - 0x00007ff917021000 	C:\WINDOWS\System32\IMM32.DLL
0x00007ff90e720000 - 0x00007ff90e72c000 	C:\Program Files\Java\jdk-22\bin\vcruntime140_1.dll
0x00007ff8e45f0000 - 0x00007ff8e467e000 	C:\Program Files\Java\jdk-22\bin\msvcp140.dll
0x00007ff861790000 - 0x00007ff8624d7000 	C:\Program Files\Java\jdk-22\bin\server\jvm.dll
0x00007ff9171f0000 - 0x00007ff917261000 	C:\WINDOWS\System32\WS2_32.dll
0x00007ff915f10000 - 0x00007ff915f5d000 	C:\WINDOWS\SYSTEM32\POWRPROF.dll
0x00007ff910d00000 - 0x00007ff910d34000 	C:\WINDOWS\SYSTEM32\WINMM.dll
0x00007ff915df0000 - 0x00007ff915e03000 	C:\WINDOWS\SYSTEM32\UMPDC.dll
0x00007ff9150f0000 - 0x00007ff915108000 	C:\WINDOWS\SYSTEM32\kernel.appcore.dll
0x00007ff90e6a0000 - 0x00007ff90e6aa000 	C:\Program Files\Java\jdk-22\bin\jimage.dll
0x00007ff90ce50000 - 0x00007ff90d082000 	C:\WINDOWS\SYSTEM32\DBGHELP.DLL
0x00007ff917270000 - 0x00007ff9175ff000 	C:\WINDOWS\System32\combase.dll
0x00007ff917980000 - 0x00007ff917a57000 	C:\WINDOWS\System32\OLEAUT32.dll
0x00007ff90c6d0000 - 0x00007ff90c702000 	C:\WINDOWS\SYSTEM32\dbgcore.DLL
0x00007ff916a60000 - 0x00007ff916adb000 	C:\WINDOWS\System32\bcryptPrimitives.dll
0x00007ff90b940000 - 0x00007ff90b94f000 	C:\Program Files\Java\jdk-22\bin\instrument.dll
0x00007ff90b920000 - 0x00007ff90b93e000 	C:\Program Files\Java\jdk-22\bin\java.dll
0x00007ff917ac0000 - 0x00007ff918336000 	C:\WINDOWS\System32\SHELL32.dll
0x00007ff916ca0000 - 0x00007ff916e45000 	C:\WINDOWS\System32\ole32.dll
0x00007ff913fe0000 - 0x00007ff9148e3000 	C:\WINDOWS\SYSTEM32\windows.storage.dll
0x00007ff913ea0000 - 0x00007ff913fdf000 	C:\WINDOWS\SYSTEM32\wintypes.dll
0x00007ff9185b0000 - 0x00007ff9186a9000 	C:\WINDOWS\System32\SHCORE.dll
0x00007ff918850000 - 0x00007ff9188ae000 	C:\WINDOWS\System32\shlwapi.dll
0x00007ff916020000 - 0x00007ff91604b000 	C:\WINDOWS\SYSTEM32\profapi.dll
0x00007ff9066a0000 - 0x00007ff9066b7000 	C:\Program Files\Java\jdk-22\bin\zip.dll
0x00007ff906f80000 - 0x00007ff906f90000 	C:\Program Files\Java\jdk-22\bin\net.dll
0x00007ff915560000 - 0x00007ff9155c9000 	C:\WINDOWS\system32\mswsock.dll
0x00007ff8fb1e0000 - 0x00007ff8fb1f6000 	C:\Program Files\Java\jdk-22\bin\nio.dll
0x00007ff8e46e0000 - 0x00007ff8e46fa000 	C:\Users\LAPTOP\AppData\Local\Programs\IntelliJ IDEA Ultimate 2024.2.4\bin\breakgen64.dll
0x00007ff8f7ae0000 - 0x00007ff8f7ae9000 	C:\Program Files\Java\jdk-22\bin\extnet.dll
0x00007ff914bc0000 - 0x00007ff914cc2000 	C:\WINDOWS\SYSTEM32\DNSAPI.dll
0x00007ff914b50000 - 0x00007ff914b7d000 	C:\WINDOWS\SYSTEM32\IPHLPAPI.DLL
0x00007ff917030000 - 0x00007ff917039000 	C:\WINDOWS\System32\NSI.dll
0x00007ff8f9050000 - 0x00007ff8f905a000 	C:\Windows\System32\rasadhlp.dll
0x00007ff90dbf0000 - 0x00007ff90dc73000 	C:\WINDOWS\System32\fwpuclnt.dll
0x00007ff8f7b00000 - 0x00007ff8f7b0a000 	C:\Program Files\Java\jdk-22\bin\management.dll
0x00007ff8f7af0000 - 0x00007ff8f7afb000 	C:\Program Files\Java\jdk-22\bin\management_ext.dll
0x00007ff916b80000 - 0x00007ff916b88000 	C:\WINDOWS\System32\PSAPI.DLL
0x00007ff915770000 - 0x00007ff91578b000 	C:\WINDOWS\SYSTEM32\CRYPTSP.dll
0x00007ff915050000 - 0x00007ff915085000 	C:\WINDOWS\system32\rsaenh.dll
0x00007ff915610000 - 0x00007ff915638000 	C:\WINDOWS\SYSTEM32\USERENV.dll
0x00007ff915790000 - 0x00007ff91579c000 	C:\WINDOWS\SYSTEM32\CRYPTBASE.dll
0x00007ff8f0110000 - 0x00007ff8f0127000 	C:\WINDOWS\system32\napinsp.dll
0x00007ff8f00f0000 - 0x00007ff8f010b000 	C:\WINDOWS\system32\pnrpnsp.dll
0x00007ff8f00d0000 - 0x00007ff8f00e1000 	C:\WINDOWS\System32\winrnr.dll
0x00007ff90c6b0000 - 0x00007ff90c6c5000 	C:\WINDOWS\system32\wshbth.dll
0x00007ff8f00a0000 - 0x00007ff8f00c7000 	C:\WINDOWS\system32\nlansp_c.dll
0x00007ff8f7ad0000 - 0x00007ff8f7ade000 	C:\Program Files\Java\jdk-22\bin\sunmscapi.dll
0x00007ff916520000 - 0x00007ff916686000 	C:\WINDOWS\System32\CRYPT32.dll
0x00007ff9159a0000 - 0x00007ff9159cd000 	C:\WINDOWS\SYSTEM32\ncrypt.dll
0x00007ff915960000 - 0x00007ff915997000 	C:\WINDOWS\SYSTEM32\NTASN1.dll
0x00007ff8f7b10000 - 0x00007ff8f7b20000 	C:\Program Files\Java\jdk-22\bin\verify.dll
0x00007ff90d9b0000 - 0x00007ff90d9bb000 	C:\Program Files\Java\jdk-22\bin\le.dll

dbghelp: loaded successfully - version: 4.0.5 - missing functions: none
symbol engine: initialized successfully - sym options: 0x614 - pdb path: .;C:\Program Files\Java\jdk-22\bin;C:\WINDOWS\SYSTEM32;C:\WINDOWS\WinSxS\amd64_microsoft.windows.common-controls_6595b64144ccf1df_6.0.22621.4391_none_2715d37f73803e96;C:\Program Files\Java\jdk-22\bin\server;C:\Users\LAPTOP\AppData\Local\Programs\IntelliJ IDEA Ultimate 2024.2.4\bin

VM Arguments:
jvm_args: -XX:TieredStopAtLevel=1 -Dspring.output.ansi.enabled=always -Dcom.sun.management.jmxremote -Dspring.jmx.enabled=true -Dspring.liveBeansView.mbeanDomain -Dspring.application.admin.enabled=true -Dmanagement.endpoints.jmx.exposure.include=* -javaagent:C:\Users\LAPTOP\AppData\Local\Programs\IntelliJ IDEA Ultimate 2024.2.4\lib\idea_rt.jar=58742:C:\Users\LAPTOP\AppData\Local\Programs\IntelliJ IDEA Ultimate 2024.2.4\bin -Dfile.encoding=UTF-8 -Dsun.stdout.encoding=UTF-8 -Dsun.stderr.encoding=UTF-8 
java_command: com.example.demo.DemoApplication
java_class_path (initial): C:\Users\LAPTOP\IdeaProjects\Java_Web_2024_Nhom_12_BE\build\classes\java\main;C:\Users\LAPTOP\IdeaProjects\Java_Web_2024_Nhom_12_BE\build\resources\main;C:\Users\LAPTOP\.gradle\caches\modules-2\files-2.1\org.projectlombok\lombok\1.18.30\f195ee86e6c896ea47a1d39defbe20eb59cd149d\lombok-1.18.30.jar;C:\Users\LAPTOP\.gradle\caches\modules-2\files-2.1\org.springframework.boot\spring-boot-starter-data-jdbc\3.2.0\774df22218cc0a9523043ec93e8709282a8a8dff\spring-boot-starter-data-jdbc-3.2.0.jar;C:\Users\LAPTOP\.gradle\caches\modules-2\files-2.1\org.springframework.boot\spring-boot-starter-data-jpa\3.2.0\6a8ad077a37f8a0cef6949dcfd91a9b2115cade\spring-boot-starter-data-jpa-3.2.0.jar;C:\Users\LAPTOP\.gradle\caches\modules-2\files-2.1\org.springframework.boot\spring-boot-starter-security\3.2.0\c692cc94ac3b5bfa9eb47fa04afa5b570a5b24b2\spring-boot-starter-security-3.2.0.jar;C:\Users\LAPTOP\.gradle\caches\modules-2\files-2.1\org.springframework.boot\spring-boot-starter-websocket\3.2.0\2565709914f89357face72875277532b077692b9\spring-boot-starter-websocket-3.2.0.jar;C:\Users\LAPTOP\.gradle\caches\modules-2\files-2.1\org.springframework.boot\spring-boot-starter-web\3.2.0\e609f839e7c2ff9c90bc75d7c05dbcbb19315319\spring-boot-starter-web-3.2.0.jar;C:\Users\LAPTOP\.gradle\caches\modules-2\files-2.1\org.springframework.security\spring-security-jwt\1.0.10.RELEASE\19a1ca7a83e9d263a31af5f529da460f8f863451\spring-security-jwt-1.0.10.RELEASE.jar;C:\Users\LAPTOP\.gradle\caches\modules-2\files-2.1\io.jsonwebtoken\jjwt-api\0.11.5\f742940045619d06383e7df37b21ac422b476cf1\jjwt-api-0.11.5.jar;C:\Users\LAPTOP\.gradle\caches\modules-2\files-2.1\javax.validation\validation-api\2.0.1.Final\cb855558e6271b1b32e716d24cb85c7f583ce09e\validation-api-2.0.1.Final.jar;C:\Users\LAPTOP\.gradle\caches\modules-2\files-2.1\org.springframework.boot\spring-boot-starter-mail\3.2.0\b0041b752da83b51d2de07d4e347897d07e66c6a\spring-boot-starter-mail-3.2.0.jar;C:\Users\LAPTOP\.gradle\caches\modules-2\files-2.1\org.springframework.kafka\spring-kafka\3.1.0\b32676a3b8b222d201a31434ed05eb049305cb54\spring-kafka-3.1.0.jar;C:\Users\LAPTOP\.gradle\caches\modules-2\files-2.1\org.springframework.boot\spring-boot-starter-jdbc\3.2.0\1ab4ef09c814142be2fafc6d40c9bc242921ca12\spring-boot-starter-jdbc-3.2.0.jar;C:\Users\LAPTOP\.gradle\caches\modules-2\files-2.1\org.springframework.data\spring-data-jdbc\3.2.0\445abce7694eaab526c4c3ad5707e620e1447b17\spring-data-jdbc-3.2.0.jar;C:\Users\LAPTOP\.gradle\caches\modules-2\files-2.1\org.springframework.boot\spring-boot-starter-aop\3.2.0\1c4e5498a0ae4c179d0c192e9b674ac656f3e0b9\spring-boot-starter-aop-3.2.0.jar;C:\Users\LAPTOP\.gradle\caches\modules-2\files-2.1\org.hibernate.orm\hibernate-core\6.3.1.Final\1101d7e09e4853a110fd27a6f35c906f5709ac4f\hibernate-core-6.3.1.Final.jar;C:\Users\LAPTOP\.gradle\caches\modules-2\files-2.1\org.springframework.data\spring-data-jpa\3.2.0\59e49a0eca3d02c3dc593e7a881c19b932641894\spring-data-jpa-3.2.0.jar;C:\Users\LAPTOP\.gradle\caches\modules-2\files-2.1\org.springframework\spring-aspects\6.1.1\bfcb6682e205b4ef6ae7986ac7ea35eae29f31f4\spring-aspects-6.1.1.jar;C:\Users\LAPTOP\.gradle\caches\modules-2\files-2.1\org.springframework.boot\spring-boot-starter\3.2.0\4d0cc70617a9febbbc6ad81562e930d93f7b2665\spring-boot-starter-3.2.0.jar;C:\Users\LAPTOP\.gradle\caches\modules-2\files-2.1\org.springframework.security\spring-security-config\6.2.0\bcfe1e3d9aaa2cdfc46e48ae6c22dccfca5d77da\spring-security-config-6.2.0.jar;C:\Users\LAPTOP\.gradle\caches\modules-2\files-2.1\org.springframework.security\spring-security-web\6.2.0\279f836f90d0b7d394abe115e5504b2ff4b66643\spring-security-web-6.2.0.jar;C:\Users\LAPTOP\.gradle\caches\modules-2\files-2.1\org.springframework\spring-aop\6.1.1\66cb0e08770d4523ae3976b0b791cde767466c61\spring-aop-6.1.1.jar;C:\Users\LAPTOP\.gradle\caches\modules-2\files-2.1\org.springframework\spring-websocket\6.1.1\2311543b6264393b65c0cc58fb0c332526629ef7\spring-websocket-6.1.1.jar;C:\Users\LAPTOP\.gradle\caches\modules-2\files-2.1\org.springframework\spring-messaging\6.1.1\bca2a80e797c8fcace3370d84fecc5892bf37996\spring-messaging-6.1.1.jar;C:\Users\LAPTOP\.gradle\caches\modules-2\files-2.1\org.springframework.boot\spring-boot-starter-json\3.2.0\e831483c03433b987cc9c72f8ea67757f9865191\spring-boot-starter-json-3.2.0.jar;C:\Users\LAPTOP\.gradle\caches\modules-2\files-2.1\org.springframework\spring-webmvc\6.1.1\76c4408b67828aa9656f5955dc2c1c4c0e1b6da3\spring-webmvc-6.1.1.jar;C:\Users\LAPTOP\.gradle\caches\modules-2\files-2.1\org.springframework.boot\spring-boot-starter-tomcat\3.2.0\fc758099e394fe5646d9e36883fab38da4b26e22\spring-boot-starter-tomcat-3.2.0.jar;C:\Users\LAPTOP\.gradle\caches\modules-2\files-2.1\org.springframework\spring-web\6.1.1\4eeb5f2edb9f04d00357edcc56b59d3874b3b453\spring-web-6.1.1.jar;C:\Users\LAPTOP\.gradle\caches\modules-2\files-2.1\org.bouncycastle\bcpkix-jdk15on\1.60\d0c46320fbc07be3a24eb13a56cee4e3d38e0c75\bcpkix-jdk15on-1.60.jar;C:\Users\LAPTOP\.gradle\caches\modules-2\files-2.1\org.hibernate.validator\hibernate-validator\8.0.1.Final\e49e116b3d3928060599b176b3538bb848718e95\hibernate-validator-8.0.1.Final.jar;C:\Users\LAPTOP\.gradle\caches\modules-2\files-2.1\org.springframework\spring-context-support\6.1.1\b24f79e495719e0a47affab13724bf7a6e1d8941\spring-context-support-6.1.1.jar;C:\Users\LAPTOP\.gradle\caches\modules-2\files-2.1\org.eclipse.angus\jakarta.mail\2.0.2\c73e4d70a62a1184eb01e989d6544082ee5e0362\jakarta.mail-2.0.2.jar;C:\Users\LAPTOP\.gradle\caches\modules-2\files-2.1\org.springframework\spring-context\6.1.1\610d7dd3f62d22d42b993a201e3110649b68e17\spring-context-6.1.1.jar;C:\Users\LAPTOP\.gradle\caches\modules-2\files-2.1\org.springframework\spring-tx\6.1.1\100cf99c3e41b12eab810d780c0e6e3905c51c12\spring-tx-6.1.1.jar;C:\Users\LAPTOP\.gradle\caches\modules-2\files-2.1\org.springframework.retry\spring-retry\2.0.4\20e833c9da7894383c3bfed0855ecbce6c6e586\spring-retry-2.0.4.jar;C:\Users\LAPTOP\.gradle\caches\modules-2\files-2.1\org.apache.kafka\kafka-clients\3.6.0\9ec088e4e8f59688c56f6b50a4af6c45df09f51e\kafka-clients-3.6.0.jar;C:\Users\LAPTOP\.gradle\caches\modules-2\files-2.1\io.micrometer\micrometer-observation\1.12.0\4f4981faa7968441d0092107df9b750e057374af\micrometer-observation-1.12.0.jar;C:\Users\LAPTOP\.gradle\caches\modules-2\files-2.1\org.springframework\spring-jdbc\6.1.1\92f1f65c3d8ccee4a86cd8f85a446d99f2915833\spring-jdbc-6.1.1.jar;C:\Users\LAPTOP\.gradle\caches\modules-2\files-2.1\com.zaxxer\HikariCP\5.0.1\a74c7f0a37046846e88d54f7cb6ea6d565c65f9c\HikariCP-5.0.1.jar;C:\Users\LAPTOP\.gradle\caches\modules-2\files-2.1\org.springframework.data\spring-data-relational\3.2.0\dbbd9b8550cc45c32483adfabdfe06f55a6dcd99\spring-data-relational-3.2.0.jar;C:\Users\LAPTOP\.gradle\caches\modules-2\files-2.1\org.springframework.data\spring-data-commons\3.2.0\1c98c48b9fde0624337e19f3577fce20d19b78ea\spring-data-commons-3.2.0.jar;C:\Users\LAPTOP\.gradle\caches\modules-2\files-2.1\org.springframework\spring-beans\6.1.1\6af88af13193acf2197bc0a42f0ec4e5c481bfe9\spring-beans-6.1.1.jar;C:\Users\LAPTOP\.gradle\caches\modules-2\files-2.1\org.springframework\spring-core\6.1.1\22d73bef97aff8a74a992716fe1aafc8f8a8a68d\spring-core-6.1.1.jar;C:\Users\LAPTOP\.gradle\caches\modules-2\files-2.1\org.slf4j\slf4j-api\2.0.9\7cf2726fdcfbc8610f9a71fb3ed639871f315340\slf4j-api-2.0.9.jar;C:\Users\LAPTOP\.gradle\caches\modules-2\files-2.1\org.aspectj\aspectjweaver\1.9.20.1\33b0e41476658229933eec7134678cf336e66dd4\aspectjweaver-1.9.20.1.jar;C:\Users\LAPTOP\.gradle\caches\modules-2\files-2.1\jakarta.persistence\jakarta.persistence-api\3.1.0\66901fa1c373c6aff65c13791cc11da72060a8d6\jakarta.persistence-api-3.1.0.jar;C:\Users\LAPTOP\.gradle\caches\modules-2\files-2.1\jakarta.transaction\jakarta.transaction-api\2.0.1\51a520e3fae406abb84e2e1148e6746ce3f80a1a\jakarta.transaction-api-2.0.1.jar;C:\Users\LAPTOP\.gradle\caches\modules-2\files-2.1\org.springframework\spring-orm\6.1.1\e9672bb788f74ed12f9ad9e2bf12eb9e4d7c8695\spring-orm-6.1.1.jar;C:\Users\LAPTOP\.gradle\caches\modules-2\files-2.1\org.antlr\antlr4-runtime\4.10.1\10839f875928f59c622d675091d51a43ea0dc5f7\antlr4-runtime-4.10.1.jar;C:\Users\LAPTOP\.gradle\caches\modules-2\files-2.1\jakarta.annotation\jakarta.annotation-api\2.1.1\48b9bda22b091b1f48b13af03fe36db3be6e1ae3\jakarta.annotation-api-2.1.1.jar;C:\Users\LAPTOP\.gradle\caches\modules-2\files-2.1\org.springframework.boot\spring-boot-autoconfigure\3.2.0\29b231378146bd6606e75389297f3a7d55476b87\spring-boot-autoconfigure-3.2.0.jar;C:\Users\LAPTOP\.gradle\caches\modules-2\files-2.1\org.springframework.boot\spring-boot\3.2.0\4088ad23df91481bc7415cbfa068c423ccb7e54e\spring-boot-3.2.0.jar;C:\Users\LAPTOP\.gradle\caches\modules-2\files-2.1\org.springframework.boot\spring-boot-starter-logging\3.2.0\54998ab18f16e8d3a6e46c3d326f2de41c0b1ce0\spring-boot-starter-logging-3.2.0.jar;C:\Users\LAPTOP\.gradle\caches\modules-2\files-2.1\org.yaml\snakeyaml\2.2\3af797a25458550a16bf89acc8e4ab2b7f2bfce0\snakeyaml-2.2.jar;C:\Users\LAPTOP\.gradle\caches\modules-2\files-2.1\org.springframework.security\spring-security-core\6.2.0\7542f0da00c7bbe5a3f32a8710490a62c396ff52\spring-security-core-6.2.0.jar;C:\Users\LAPTOP\.gradle\caches\modules-2\files-2.1\org.springframework\spring-expression\6.1.1\807700a64cb055ed85af189d1fa0702bc0d2efba\spring-expression-6.1.1.jar;C:\Users\LAPTOP\.gradle\caches\modules-2\files-2.1\com.fasterxml.jackson.datatype\jackson-datatype-jsr310\2.15.3\4a20a0e104931bfa72f24ef358c2eb63f1ef2aaf\jackson-datatype-jsr310-2.15.3.jar;C:\Users\LAPTOP\.gradle\caches\modules-2\files-2.1\com.fasterxml.jackson.module\jackson-module-parameter-names\2.15.3\8d251b90c5358677e7d8161e0c2488e6f84f49da\jackson-module-parameter-names-2.15.3.jar;C:\Users\LAPTOP\.gradle\caches\modules-2\files-2.1\com.fasterxml.jackson.datatype\jackson-datatype-jdk8\2.15.3\80158cb020c7bd4e4ba94d8d752a65729dc943b2\jackson-datatype-jdk8-2.15.3.jar;C:\Users\LAPTOP\.gradle\caches\modules-2\files-2.1\com.fasterxml.jackson.core\jackson-databind\2.15.3\a734bc2c47a9453c4efa772461a3aeb273c010d9\jackson-databind-2.15.3.jar;C:\Users\LAPTOP\.gradle\caches\modules-2\files-2.1\org.apache.tomcat.embed\tomcat-embed-websocket\10.1.16\5c372739ee9409b47c474d8d47d276a7cd9bc2b\tomcat-embed-websocket-10.1.16.jar;C:\Users\LAPTOP\.gradle\caches\modules-2\files-2.1\org.apache.tomcat.embed\tomcat-embed-core\10.1.16\176162fb3998856a90436826034ffe5d25beaeb9\tomcat-embed-core-10.1.16.jar;C:\Users\LAPTOP\.gradle\caches\modules-2\files-2.1\org.apache.tomcat.embed\tomcat-embed-el\10.1.16\f057e54bfffe99df7f0d04cd4e688e55bf8a0da5\tomcat-embed-el-10.1.16.jar;C:\Users\LAPTOP\.gradle\caches\modules-2\files-2.1\org.bouncycastle\bcprov-jdk15on\1.60\bd47ad3bd14b8e82595c7adaa143501e60842a84\bcprov-jdk15on-1.60.jar;C:\Users\LAPTOP\.gradle\caches\modules-2\files-2.1\jakarta.validation\jakarta.validation-api\3.0.2\92b6631659ba35ca09e44874d3eb936edfeee532\jakarta.validation-api-3.0.2.jar;C:\Users\LAPTOP\.gradle\caches\modules-2\files-2.1\org.jboss.logging\jboss-logging\3.5.3.Final\c88fc1d8a96d4c3491f55d4317458ccad53ca663\jboss-logging-3.5.3.Final.jar;C:\Users\LAPTOP\.gradle\caches\modules-2\files-2.1\com.fasterxml\classmate\1.6.0\91affab6f84a2182fce5dd72a8d01bc14346dddd\classmate-1.6.0.jar;C:\Users\LAPTOP\.gradle\caches\modules-2\files-2.1\jakarta.activation\jakarta.activation-api\2.1.2\640c0d5aff45dbff1e1a1bc09673ff3a02b1ba12\jakarta.activation-api-2.1.2.jar;C:\Users\LAPTOP\.gradle\caches\modules-2\files-2.1\io.micrometer\micrometer-commons\1.12.0\2436654d439bd4ff6aad6419519357be8ba4f0d\micrometer-commons-1.12.0.jar;C:\Users\LAPTOP\.gradle\caches\modules-2\files-2.1\com.github.jsqlparser\jsqlparser\4.6\a4d1bda17df913c8b3ff12d39e35e9efd3a4e01f\jsqlparser-4.6.jar;C:\Users\LAPTOP\.gradle\caches\modules-2\files-2.1\org.springframework\spring-jcl\6.1.1\69ebbf7bad707d34e81d00213c756bc6fcc31dd7\spring-jcl-6.1.1.jar;C:\Users\LAPTOP\.gradle\caches\modules-2\files-2.1\ch.qos.logback\logback-classic\1.4.11\54450c0c783e896a1a6d88c043bd2f1daba1c382\logback-classic-1.4.11.jar;C:\Users\LAPTOP\.gradle\caches\modules-2\files-2.1\org.apache.logging.log4j\log4j-to-slf4j\2.21.1\d77b2ba81711ed596cd797cc2b5b5bd7409d841c\log4j-to-slf4j-2.21.1.jar;C:\Users\LAPTOP\.gradle\caches\modules-2\files-2.1\org.slf4j\jul-to-slf4j\2.0.9\9ef7c70b248185845f013f49a33ff9ca65b7975\jul-to-slf4j-2.0.9.jar;C:\Users\LAPTOP\.gradle\caches\modules-2\files-2.1\org.springframework.security\spring-security-crypto\6.2.0\7cee6007ede44a19a3773912dbdac86ff53d0549\spring-security-crypto-6.2.0.jar;C:\Users\LAPTOP\.gradle\caches\modules-2\files-2.1\com.fasterxml.jackson.core\jackson-annotations\2.15.3\79baf4e605eb3bbb60b1c475d44a7aecceea1d60\jackson-annotations-2.15.3.jar;C:\Users\LAPTOP\.gradle\caches\modules-2\files-2.1\com.fasterxml.jackson.core\jackson-core\2.15.3\60d600567c1862840397bf9ff5a92398edc5797b\jackson-core-2.15.3.jar;C:\Users\LAPTOP\.gradle\caches\modules-2\files-2.1\ch.qos.logback\logback-core\1.4.11\2f9f280219a9922a74200eaf7138c4c17fb87c0f\logback-core-1.4.11.jar;C:\Users\LAPTOP\.gradle\caches\modules-2\files-2.1\org.apache.logging.log4j\log4j-api\2.21.1\74c65e87b9ce1694a01524e192d7be989ba70486\log4j-api-2.21.1.jar;C:\Users\LAPTOP\.gradle\caches\modules-2\files-2.1\org.springframework.boot\spring-boot-devtools\3.2.0\b8a547cba9b5ea40c1b2b0257bc0f19ebe4a0e17\spring-boot-devtools-3.2.0.jar;C:\Users\LAPTOP\.gradle\caches\modules-2\files-2.1\io.jsonwebtoken\jjwt-impl\0.11.5\40a599f0e8a8e4e0701596fbb15e67bfda64fdf0\jjwt-impl-0.11.5.jar;C:\Users\LAPTOP\.gradle\caches\modules-2\files-2.1\io.jsonwebtoken\jjwt-jackson\0.11.5\3b83a06809e98a69402d7333dcf67df6f6ea4579\jjwt-jackson-0.11.5.jar;C:\Users\LAPTOP\.gradle\caches\modules-2\files-2.1\com.mysql\mysql-connector-j\8.1.0\3f78d2963935f44a61edb3961a591cdc392c8941\mysql-connector-j-8.1.0.jar;C:\Users\LAPTOP\.gradle\caches\modules-2\files-2.1\com.google.code.findbugs\jsr305\3.0.2\25ea2e8b0c338a877313bd4672d3fe056ea78f0d\jsr305-3.0.2.jar;C:\Users\LAPTOP\.gradle\caches\modules-2\files-2.1\org.hibernate.common\hibernate-commons-annotations\6.0.6.Final\77a5f94b56d49508e0ee334751db5b78e5ccd50c\hibernate-commons-annotations-6.0.6.Final.jar;C:\Users\LAPTOP\.gradle\caches\modules-2\files-2.1\io.smallrye\jandex\3.1.2\a6c1c89925c7df06242b03dddb353116ceb9584c\jandex-3.1.2.jar;C:\Users\LAPTOP\.gradle\caches\modules-2\files-2.1\net.bytebuddy\byte-buddy\1.14.10\8117daf4a612122eb4f517f66adff778cb8b4737\byte-buddy-1.14.10.jar;C:\Users\LAPTOP\.gradle\caches\modules-2\files-2.1\org.glassfish.jaxb\jaxb-runtime\4.0.4\7180c50ef8bd127bb1dd645458b906cffcf6c2b5\jaxb-runtime-4.0.4.jar;C:\Users\LAPTOP\.gradle\caches\modules-2\files-2.1\jakarta.xml.bind\jakarta.xml.bind-api\4.0.1\ca2330866cbc624c7e5ce982e121db1125d23e15\jakarta.xml.bind-api-4.0.1.jar;C:\Users\LAPTOP\.gradle\caches\modules-2\files-2.1\jakarta.inject\jakarta.inject-api\2.0.1\4c28afe1991a941d7702fe1362c365f0a8641d1e\jakarta.inject-api-2.0.1.jar;C:\Users\LAPTOP\.gradle\caches\modules-2\files-2.1\org.eclipse.angus\angus-activation\2.0.1\eaafaf4eb71b400e4136fc3a286f50e34a68ecb7\angus-activation-2.0.1.jar;C:\Users\LAPTOP\.gradle\caches\modules-2\files-2.1\com.github.luben\zstd-jni\1.5.5-1\fda1d6278299af27484e1cc3c79a060e41b7ef7e\zstd-jni-1.5.5-1.jar;C:\Users\LAPTOP\.gradle\caches\modules-2\files-2.1\org.lz4\lz4-java\1.8.0\4b986a99445e49ea5fbf5d149c4b63f6ed6c6780\lz4-java-1.8.0.jar;C:\Users\LAPTOP\.gradle\caches\modules-2\files-2.1\org.xerial.snappy\snappy-java\1.1.10.4\50d0390056017158bdc75c063efd5c2a898d5f0c\snappy-java-1.1.10.4.jar;C:\Users\LAPTOP\.gradle\caches\modules-2\files-2.1\org.glassfish.jaxb\jaxb-core\4.0.4\2d5aadd02af86f1e9d8c6f7e8501673f915d4e25\jaxb-core-4.0.4.jar;C:\Users\LAPTOP\.gradle\caches\modules-2\files-2.1\org.glassfish.jaxb\txw2\4.0.4\cfd2bcf08782673ac370694fdf2cf76dbaa607ef\txw2-4.0.4.jar;C:\Users\LAPTOP\.gradle\caches\modules-2\files-2.1\com.sun.istack\istack-commons-runtime\4.1.2\18ec117c85f3ba0ac65409136afa8e42bc74e739\istack-commons-runtime-4.1.2.jar
Launcher Type: SUN_STANDARD

[Global flags]
     intx CICompilerCount                          = 4                                         {product} {ergonomic}
     uint ConcGCThreads                            = 2                                         {product} {ergonomic}
     uint G1ConcRefinementThreads                  = 8                                         {product} {ergonomic}
   size_t G1HeapRegionSize                         = 1048576                                   {product} {ergonomic}
   size_t InitialHeapSize                          = 132120576                                 {product} {ergonomic}
     bool ManagementServer                         = true                                      {product} {command line}
   size_t MarkStackSize                            = 4194304                                   {product} {ergonomic}
   size_t MaxHeapSize                              = 2101346304                                {product} {ergonomic}
   size_t MaxNewSize                               = 1260388352                                {product} {ergonomic}
   size_t MinHeapDeltaBytes                        = 1048576                                   {product} {ergonomic}
   size_t MinHeapSize                              = 8388608                                   {product} {ergonomic}
    uintx NonNMethodCodeHeapSize                   = 4096                                   {pd product} {ergonomic}
    uintx NonProfiledCodeHeapSize                  = 0                                      {pd product} {ergonomic}
     bool ProfileInterpreter                       = false                                  {pd product} {command line}
    uintx ProfiledCodeHeapSize                     = 0                                      {pd product} {ergonomic}
   size_t SoftMaxHeapSize                          = 2101346304                             {manageable} {ergonomic}
     intx TieredStopAtLevel                        = 1                                         {product} {command line}
     bool UseCompressedOops                        = true                           {product lp64_product} {ergonomic}
     bool UseG1GC                                  = true                                      {product} {ergonomic}
     bool UseLargePagesIndividualAllocation        = false                                  {pd product} {ergonomic}

Logging:
Log output configuration:
 #0: stdout all=warning uptime,level,tags foldmultilines=false
 #1: stderr all=off uptime,level,tags foldmultilines=false

Environment Variables:
PATH=C:\Program Files\Common Files\Oracle\Java\javapath;C:\WINDOWS\system32;C:\WINDOWS;C:\WINDOWS\System32\Wbem;C:\WINDOWS\System32\WindowsPowerShell\v1.0\;C:\WINDOWS\System32\OpenSSH\;C:\Program Files\Microsoft SQL Server\150\Tools\Binn\;C:\Program Files\Git\cmd;C:\Program Files\nodejs\;C:\Program Files (x86)\Rational\common;C:\Program Files\Docker\Docker\resources\bin;C:\Users\LAPTOP\AppData\Local\Microsoft\WindowsApps;C:\Users\LAPTOP\AppData\Local\Programs\Microsoft VS Code\bin;C:\Program Files\JetBrains\PyCharm 2024.1.4\bin;;C:\Users\LAPTOP\AppData\Roaming\npm;C:\Users\LAPTOP\AppData\Local\Programs\mongosh\;C:\Program Files\MongoDB\Server\8.0\bin;
USERNAME=LAPTOP
OS=Windows_NT
PROCESSOR_IDENTIFIER=Intel64 Family 6 Model 142 Stepping 11, GenuineIntel
TMP=C:\Users\LAPTOP\AppData\Local\Temp
TEMP=C:\Users\LAPTOP\AppData\Local\Temp




Periodic native trim disabled

---------------  S Y S T E M  ---------------

OS:
 Windows 11 , 64 bit Build 22621 (10.0.22621.4391)
OS uptime: 0 days 1:34 hours
Hyper-V role detected

CPU: total 8 (initial active 8) (4 cores per cpu, 2 threads per core) family 6 model 142 stepping 11 microcode 0xde, cx8, cmov, fxsr, ht, mmx, 3dnowpref, sse, sse2, sse3, ssse3, sse4.1, sse4.2, popcnt, lzcnt, tsc, tscinvbit, avx, avx2, aes, erms, clmul, bmi1, bmi2, adx, fma, vzeroupper, clflush, clflushopt, hv, rdtscp, f16c
Processor Information for all 8 processors :
  Max Mhz: 1800, Current Mhz: 1600, Mhz Limit: 1584

Memory: 4k page, system-wide physical 8013M (529M free)
TotalPageFile size 22089M (AvailPageFile size 0M)
current process WorkingSet (physical memory assigned to process): 215M, peak: 215M
current process commit charge ("private bytes"): 255M, peak: 258M

vm_info: Java HotSpot(TM) 64-Bit Server VM (22.0.1+8-16) for windows-amd64 JRE (22.0.1+8-16), built on 2024-03-12T10:33:16Z by "mach5one" with MS VC++ 17.6 (VS2022)

END.
