#
# There is insufficient memory for the Java Runtime Environment to continue.
# Native memory allocation (malloc) failed to allocate 1068256 bytes. Error detail: Chunk::new
# Possible reasons:
#   The system is out of physical RAM or swap space
#   This process is running with CompressedOops enabled, and the Java Heap may be blocking the growth of the native heap
# Possible solutions:
#   Reduce memory load on the system
#   Increase physical memory or swap space
#   Check if swap backing store is full
#   Decrease Java heap size (-Xmx/-Xms)
#   Decrease number of Java threads
#   Decrease Java thread stack sizes (-Xss)
#   Set larger code cache with -XX:ReservedCodeCacheSize=
#   JVM is running with Unscaled Compressed Oops mode in which the Java heap is
#     placed in the first 4GB address space. The Java Heap base address is the
#     maximum limit for the native heap growth. Please use -XX:HeapBaseMinAddress
#     to set the Java Heap base and to place the Java Heap above 4GB virtual address.
# This output file may be truncated or incomplete.
#
#  Out of Memory Error (arena.cpp:150), pid=3772, tid=8676
#
# JRE version: Java(TM) SE Runtime Environment (22.0.1+8) (build 22.0.1+8-16)
# Java VM: Java HotSpot(TM) 64-Bit Server VM (22.0.1+8-16, mixed mode, sharing, tiered, compressed oops, compressed class ptrs, g1 gc, windows-amd64)
# No core dump will be written. Minidumps are not enabled by default on client versions of Windows
#

---------------  S U M M A R Y ------------

Command Line: --add-opens=java.base/java.util=ALL-UNNAMED --add-opens=java.base/java.lang=ALL-UNNAMED --add-opens=java.base/java.lang.invoke=ALL-UNNAMED --add-opens=java.prefs/java.util.prefs=ALL-UNNAMED --add-exports=jdk.compiler/com.sun.tools.javac.api=ALL-UNNAMED --add-exports=jdk.compiler/com.sun.tools.javac.util=ALL-UNNAMED --add-opens=java.base/java.nio.charset=ALL-UNNAMED --add-opens=java.base/java.net=ALL-UNNAMED --add-opens=java.base/java.util.concurrent.atomic=ALL-UNNAMED -XX:MaxMetaspaceSize=384m -XX:+HeapDumpOnOutOfMemoryError -Xms256m -Xmx512m -Dfile.encoding=UTF-8 -Duser.country=GB -Duser.language=en -Duser.variant -javaagent:C:\Users\LAPTOP\.gradle\wrapper\dists\gradle-8.10.1-bin\e90i968nv55tch01zkse4avv3\gradle-8.10.1\lib\agents\gradle-instrumentation-agent-8.10.1.jar org.gradle.launcher.daemon.bootstrap.GradleDaemon 8.10.1

Host: Intel(R) Core(TM) i5-8265U CPU @ 1.60GHz, 8 cores, 7G,  Windows 11 , 64 bit Build 22621 (10.0.22621.4391)
Time: Tue Nov 26 14:08:07 2024 SE Asia Standard Time elapsed time: 6.413075 seconds (0d 0h 0m 6s)

---------------  T H R E A D  ---------------

Current thread (0x00000170599fdec0):  JavaThread "C2 CompilerThread1" daemon [_thread_in_native, id=8676, stack(0x000000422a200000,0x000000422a300000) (1024K)]


Current CompileTask:
C2:6413 2792       4       java.lang.invoke.MethodType::makeImpl (109 bytes)

Stack: [0x000000422a200000,0x000000422a300000]
Native frames: (J=compiled Java code, j=interpreted, Vv=VM code, C=native code)
V  [jvm.dll+0x6e2279]  (no source info available)
V  [jvm.dll+0x874e33]  (no source info available)
V  [jvm.dll+0x87725e]  (no source info available)
V  [jvm.dll+0x877933]  (no source info available)
V  [jvm.dll+0x27fd76]  (no source info available)
V  [jvm.dll+0xc3d0f]  (no source info available)
V  [jvm.dll+0xc3f6b]  (no source info available)
V  [jvm.dll+0x2f3c2f]  (no source info available)
V  [jvm.dll+0x60bc9a]  (no source info available)
V  [jvm.dll+0x250db2]  (no source info available)
V  [jvm.dll+0x24949c]  (no source info available)
V  [jvm.dll+0x246ec6]  (no source info available)
V  [jvm.dll+0x1c4e90]  (no source info available)
V  [jvm.dll+0x2569fe]  (no source info available)
V  [jvm.dll+0x254cba]  (no source info available)
V  [jvm.dll+0x3f5336]  (no source info available)
V  [jvm.dll+0x81d44b]  (no source info available)
V  [jvm.dll+0x6e0915]  (no source info available)
C  [ucrtbase.dll+0x29333]  (no source info available)
C  [KERNEL32.DLL+0x1259d]  (no source info available)
C  [ntdll.dll+0x5af38]  (no source info available)


---------------  P R O C E S S  ---------------

Threads class SMR info:
_java_thread_list=0x0000017074a91bf0, length=25, elements={
0x000001703cbd3480, 0x00000170598e4440, 0x00000170598e50a0, 0x00000170598e6710,
0x00000170598e8730, 0x00000170598eb2a0, 0x00000170598ebd00, 0x00000170598edbd0,
0x00000170599fe590, 0x0000017059ac0b50, 0x0000017059cb32e0, 0x0000017074799090,
0x0000017074b8bda0, 0x0000017074b04290, 0x0000017074ac9050, 0x0000017074a996e0,
0x0000017074ae5c80, 0x0000017074ae6db0, 0x0000017074ae7440, 0x0000017074ae6720,
0x0000017074ae7ad0, 0x0000017074deb890, 0x0000017074debf20, 0x0000017074deab70,
0x00000170599fdec0
}

Java Threads: ( => current thread )
  0x000001703cbd3480 JavaThread "main"                              [_thread_blocked, id=4984, stack(0x0000004227b00000,0x0000004227c00000) (1024K)]
  0x00000170598e4440 JavaThread "Reference Handler"          daemon [_thread_blocked, id=4368, stack(0x0000004228400000,0x0000004228500000) (1024K)]
  0x00000170598e50a0 JavaThread "Finalizer"                  daemon [_thread_blocked, id=3816, stack(0x0000004228500000,0x0000004228600000) (1024K)]
  0x00000170598e6710 JavaThread "Signal Dispatcher"          daemon [_thread_blocked, id=10816, stack(0x0000004228600000,0x0000004228700000) (1024K)]
  0x00000170598e8730 JavaThread "Attach Listener"            daemon [_thread_blocked, id=3952, stack(0x0000004228700000,0x0000004228800000) (1024K)]
  0x00000170598eb2a0 JavaThread "Service Thread"             daemon [_thread_blocked, id=17088, stack(0x0000004228800000,0x0000004228900000) (1024K)]
  0x00000170598ebd00 JavaThread "Monitor Deflation Thread"   daemon [_thread_blocked, id=2780, stack(0x0000004228900000,0x0000004228a00000) (1024K)]
  0x00000170598edbd0 JavaThread "C2 CompilerThread0"         daemon [_thread_in_native, id=10508, stack(0x0000004228a00000,0x0000004228b00000) (1024K)]
  0x00000170599fe590 JavaThread "C1 CompilerThread0"         daemon [_thread_blocked, id=9192, stack(0x0000004228b00000,0x0000004228c00000) (1024K)]
  0x0000017059ac0b50 JavaThread "Common-Cleaner"             daemon [_thread_blocked, id=17280, stack(0x0000004228c00000,0x0000004228d00000) (1024K)]
  0x0000017059cb32e0 JavaThread "Notification Thread"        daemon [_thread_blocked, id=5036, stack(0x0000004228e00000,0x0000004228f00000) (1024K)]
  0x0000017074799090 JavaThread "Daemon health stats"               [_thread_blocked, id=13208, stack(0x0000004228f00000,0x0000004229000000) (1024K)]
  0x0000017074b8bda0 JavaThread "Incoming local TCP Connector on port 52285"        [_thread_in_native, id=13932, stack(0x0000004229500000,0x0000004229600000) (1024K)]
  0x0000017074b04290 JavaThread "Daemon periodic checks"            [_thread_blocked, id=11964, stack(0x0000004229600000,0x0000004229700000) (1024K)]
  0x0000017074ac9050 JavaThread "Daemon"                            [_thread_blocked, id=13948, stack(0x0000004229700000,0x0000004229800000) (1024K)]
  0x0000017074a996e0 JavaThread "Handler for socket connection from /127.0.0.1:52285 to /127.0.0.1:52286"        [_thread_in_native, id=3092, stack(0x0000004229800000,0x0000004229900000) (1024K)]
  0x0000017074ae5c80 JavaThread "Cancel handler"                    [_thread_blocked, id=11120, stack(0x0000004229b00000,0x0000004229c00000) (1024K)]
  0x0000017074ae6db0 JavaThread "Daemon worker"                     [_thread_in_vm, id=18408, stack(0x0000004229c00000,0x0000004229d00000) (1024K)]
  0x0000017074ae7440 JavaThread "Asynchronous log dispatcher for DefaultDaemonConnection: socket connection from /127.0.0.1:52285 to /127.0.0.1:52286"        [_thread_blocked, id=7188, stack(0x0000004229d00000,0x0000004229e00000) (1024K)]
  0x0000017074ae6720 JavaThread "Stdin handler"                     [_thread_blocked, id=10020, stack(0x0000004229e00000,0x0000004229f00000) (1024K)]
  0x0000017074ae7ad0 JavaThread "Daemon client event forwarder"        [_thread_blocked, id=18600, stack(0x0000004229f00000,0x000000422a000000) (1024K)]
  0x0000017074deb890 JavaThread "Cache worker for journal cache (C:\Users\LAPTOP\.gradle\caches\journal-1)"        [_thread_blocked, id=11956, stack(0x0000004228d00000,0x0000004228e00000) (1024K)]
  0x0000017074debf20 JavaThread "File lock request listener"        [_thread_in_native, id=10652, stack(0x000000422a000000,0x000000422a100000) (1024K)]
  0x0000017074deab70 JavaThread "Cache worker for file hash cache (C:\Users\LAPTOP\.gradle\caches\8.10.1\fileHashes)"        [_thread_blocked, id=11664, stack(0x000000422a100000,0x000000422a200000) (1024K)]
=>0x00000170599fdec0 JavaThread "C2 CompilerThread1"         daemon [_thread_in_native, id=8676, stack(0x000000422a200000,0x000000422a300000) (1024K)]
Total: 25

Other Threads:
  0x00000170598c4760 VMThread "VM Thread"                           [id=1656, stack(0x0000004228300000,0x0000004228400000) (1024K)]
  0x00000170598b4300 WatcherThread "VM Periodic Task Thread"        [id=19296, stack(0x0000004228200000,0x0000004228300000) (1024K)]
  0x000001703ee18250 WorkerThread "GC Thread#0"                     [id=16088, stack(0x0000004227d00000,0x0000004227e00000) (1024K)]
  0x00000170598c5d80 WorkerThread "GC Thread#1"                     [id=18132, stack(0x0000004229000000,0x0000004229100000) (1024K)]
  0x00000170598c4b10 WorkerThread "GC Thread#2"                     [id=688, stack(0x0000004229100000,0x0000004229200000) (1024K)]
  0x00000170598c5270 WorkerThread "GC Thread#3"                     [id=3948, stack(0x0000004229200000,0x0000004229300000) (1024K)]
  0x00000170598c5620 WorkerThread "GC Thread#4"                     [id=628, stack(0x0000004229300000,0x0000004229400000) (1024K)]
  0x00000170598c59d0 WorkerThread "GC Thread#5"                     [id=13732, stack(0x0000004229400000,0x0000004229500000) (1024K)]
  0x0000017073d8f7f0 WorkerThread "GC Thread#6"                     [id=19752, stack(0x0000004229900000,0x0000004229a00000) (1024K)]
  0x0000017073d8fba0 WorkerThread "GC Thread#7"                     [id=13360, stack(0x0000004229a00000,0x0000004229b00000) (1024K)]
  0x000001703ee1e0f0 ConcurrentGCThread "G1 Main Marker"            [id=5568, stack(0x0000004227e00000,0x0000004227f00000) (1024K)]
  0x000001703ee1ee00 WorkerThread "G1 Conc#0"                       [id=8224, stack(0x0000004227f00000,0x0000004228000000) (1024K)]
  0x000001703eeaea30 ConcurrentGCThread "G1 Refine#0"               [id=2232, stack(0x0000004228000000,0x0000004228100000) (1024K)]
  0x00000170597876f0 ConcurrentGCThread "G1 Service"                [id=9356, stack(0x0000004228100000,0x0000004228200000) (1024K)]
Total: 14

Threads with active compile tasks:
C2 CompilerThread0  6784 2713   !   4       java.lang.ClassLoader::loadClass (121 bytes)
C2 CompilerThread1  6784 2792       4       java.lang.invoke.MethodType::makeImpl (109 bytes)
Total: 2

VM state: not at safepoint (normal execution)

VM Mutex/Monitor currently owned by a thread: None

Heap address: 0x00000000e0000000, size: 512 MB, Compressed Oops mode: 32-bit

CDS archive(s) mapped at: [0x000001705a000000-0x000001705ac60000-0x000001705ac60000), size 12976128, SharedBaseAddress: 0x000001705a000000, ArchiveRelocationMode: 1.
Compressed class space mapped at: 0x000001705b000000-0x000001706f000000, reserved size: 335544320
Narrow klass base: 0x000001705a000000, Narrow klass shift: 0, Narrow klass range: 0x15000000

GC Precious Log:
 CardTable entry size: 512
 Card Set container configuration: InlinePtr #cards 5 size 8 Array Of Cards #cards 12 size 40 Howl #buckets 4 coarsen threshold 1843 Howl Bitmap #cards 512 size 80 coarsen threshold 460 Card regions per heap region 1 cards per card region 2048
 CPUs: 8 total, 8 available
 Memory: 8013M
 Large Page Support: Disabled
 NUMA Support: Disabled
 Compressed Oops: Enabled (32-bit)
 Heap Region Size: 1M
 Heap Min Capacity: 256M
 Heap Initial Capacity: 256M
 Heap Max Capacity: 512M
 Pre-touch: Disabled
 Parallel Workers: 8
 Concurrent Workers: 2
 Concurrent Refinement Workers: 8
 Periodic GC: Disabled

Heap:
 garbage-first heap   total reserved 524288K, committed 262144K, used 66207K [0x00000000e0000000, 0x0000000100000000)
  region size 1024K, 54 young (55296K), 8 survivors (8192K)
 Metaspace       used 17623K, committed 18112K, reserved 393216K
  class space    used 2536K, committed 2752K, reserved 327680K

Heap Regions: E=young(eden), S=young(survivor), O=old, HS=humongous(starts), HC=humongous(continues), CS=collection set, F=free, TAMS=top-at-mark-start, PB=parsable bottom
|   0|0x00000000e0000000, 0x00000000e0100000, 0x00000000e0100000|100%|HS|  |TAMS 0x00000000e0000000| PB 0x00000000e0000000| Complete |  0
|   1|0x00000000e0100000, 0x00000000e0200000, 0x00000000e0200000|100%|HC|  |TAMS 0x00000000e0100000| PB 0x00000000e0100000| Complete |  0
|   2|0x00000000e0200000, 0x00000000e0300000, 0x00000000e0300000|100%|HC|  |TAMS 0x00000000e0200000| PB 0x00000000e0200000| Complete |  0
|   3|0x00000000e0300000, 0x00000000e0400000, 0x00000000e0400000|100%|HC|  |TAMS 0x00000000e0300000| PB 0x00000000e0300000| Complete |  0
|   4|0x00000000e0400000, 0x00000000e0500000, 0x00000000e0500000|100%| O|  |TAMS 0x00000000e0400000| PB 0x00000000e0400000| Untracked |  0
|   5|0x00000000e0500000, 0x00000000e0600000, 0x00000000e0600000|100%| O|  |TAMS 0x00000000e0500000| PB 0x00000000e0500000| Untracked |  0
|   6|0x00000000e0600000, 0x00000000e0700000, 0x00000000e0700000|100%| O|  |TAMS 0x00000000e0600000| PB 0x00000000e0600000| Untracked |  0
|   7|0x00000000e0700000, 0x00000000e0800000, 0x00000000e0800000|100%| O|  |TAMS 0x00000000e0700000| PB 0x00000000e0700000| Untracked |  0
|   8|0x00000000e0800000, 0x00000000e0900000, 0x00000000e0900000|100%| O|  |TAMS 0x00000000e0800000| PB 0x00000000e0800000| Untracked |  0
|   9|0x00000000e0900000, 0x00000000e0a00000, 0x00000000e0a00000|100%| O|  |TAMS 0x00000000e0900000| PB 0x00000000e0900000| Untracked |  0
|  10|0x00000000e0a00000, 0x00000000e0b00000, 0x00000000e0b00000|100%| O|  |TAMS 0x00000000e0a00000| PB 0x00000000e0a00000| Untracked |  0
|  11|0x00000000e0b00000, 0x00000000e0c00000, 0x00000000e0c00000|100%|HS|  |TAMS 0x00000000e0b00000| PB 0x00000000e0b00000| Complete |  0
|  12|0x00000000e0c00000, 0x00000000e0c00000, 0x00000000e0d00000|  0%| F|  |TAMS 0x00000000e0c00000| PB 0x00000000e0c00000| Untracked |  0
|  13|0x00000000e0d00000, 0x00000000e0da7cd0, 0x00000000e0e00000| 65%| O|  |TAMS 0x00000000e0d00000| PB 0x00000000e0d00000| Untracked |  0
|  14|0x00000000e0e00000, 0x00000000e0e00000, 0x00000000e0f00000|  0%| F|  |TAMS 0x00000000e0e00000| PB 0x00000000e0e00000| Untracked |  0
|  15|0x00000000e0f00000, 0x00000000e0f00000, 0x00000000e1000000|  0%| F|  |TAMS 0x00000000e0f00000| PB 0x00000000e0f00000| Untracked |  0
|  16|0x00000000e1000000, 0x00000000e1000000, 0x00000000e1100000|  0%| F|  |TAMS 0x00000000e1000000| PB 0x00000000e1000000| Untracked |  0
|  17|0x00000000e1100000, 0x00000000e1100000, 0x00000000e1200000|  0%| F|  |TAMS 0x00000000e1100000| PB 0x00000000e1100000| Untracked |  0
|  18|0x00000000e1200000, 0x00000000e1200000, 0x00000000e1300000|  0%| F|  |TAMS 0x00000000e1200000| PB 0x00000000e1200000| Untracked |  0
|  19|0x00000000e1300000, 0x00000000e1300000, 0x00000000e1400000|  0%| F|  |TAMS 0x00000000e1300000| PB 0x00000000e1300000| Untracked |  0
|  20|0x00000000e1400000, 0x00000000e1400000, 0x00000000e1500000|  0%| F|  |TAMS 0x00000000e1400000| PB 0x00000000e1400000| Untracked |  0
|  21|0x00000000e1500000, 0x00000000e1500000, 0x00000000e1600000|  0%| F|  |TAMS 0x00000000e1500000| PB 0x00000000e1500000| Untracked |  0
|  22|0x00000000e1600000, 0x00000000e1600000, 0x00000000e1700000|  0%| F|  |TAMS 0x00000000e1600000| PB 0x00000000e1600000| Untracked |  0
|  23|0x00000000e1700000, 0x00000000e1700000, 0x00000000e1800000|  0%| F|  |TAMS 0x00000000e1700000| PB 0x00000000e1700000| Untracked |  0
|  24|0x00000000e1800000, 0x00000000e1800000, 0x00000000e1900000|  0%| F|  |TAMS 0x00000000e1800000| PB 0x00000000e1800000| Untracked |  0
|  25|0x00000000e1900000, 0x00000000e1900000, 0x00000000e1a00000|  0%| F|  |TAMS 0x00000000e1900000| PB 0x00000000e1900000| Untracked |  0
|  26|0x00000000e1a00000, 0x00000000e1a00000, 0x00000000e1b00000|  0%| F|  |TAMS 0x00000000e1a00000| PB 0x00000000e1a00000| Untracked |  0
|  27|0x00000000e1b00000, 0x00000000e1b00000, 0x00000000e1c00000|  0%| F|  |TAMS 0x00000000e1b00000| PB 0x00000000e1b00000| Untracked |  0
|  28|0x00000000e1c00000, 0x00000000e1c00000, 0x00000000e1d00000|  0%| F|  |TAMS 0x00000000e1c00000| PB 0x00000000e1c00000| Untracked |  0
|  29|0x00000000e1d00000, 0x00000000e1d00000, 0x00000000e1e00000|  0%| F|  |TAMS 0x00000000e1d00000| PB 0x00000000e1d00000| Untracked |  0
|  30|0x00000000e1e00000, 0x00000000e1e00000, 0x00000000e1f00000|  0%| F|  |TAMS 0x00000000e1e00000| PB 0x00000000e1e00000| Untracked |  0
|  31|0x00000000e1f00000, 0x00000000e1f00000, 0x00000000e2000000|  0%| F|  |TAMS 0x00000000e1f00000| PB 0x00000000e1f00000| Untracked |  0
|  32|0x00000000e2000000, 0x00000000e2000000, 0x00000000e2100000|  0%| F|  |TAMS 0x00000000e2000000| PB 0x00000000e2000000| Untracked |  0
|  33|0x00000000e2100000, 0x00000000e2100000, 0x00000000e2200000|  0%| F|  |TAMS 0x00000000e2100000| PB 0x00000000e2100000| Untracked |  0
|  34|0x00000000e2200000, 0x00000000e2200000, 0x00000000e2300000|  0%| F|  |TAMS 0x00000000e2200000| PB 0x00000000e2200000| Untracked |  0
|  35|0x00000000e2300000, 0x00000000e2300000, 0x00000000e2400000|  0%| F|  |TAMS 0x00000000e2300000| PB 0x00000000e2300000| Untracked |  0
|  36|0x00000000e2400000, 0x00000000e2400000, 0x00000000e2500000|  0%| F|  |TAMS 0x00000000e2400000| PB 0x00000000e2400000| Untracked |  0
|  37|0x00000000e2500000, 0x00000000e2500000, 0x00000000e2600000|  0%| F|  |TAMS 0x00000000e2500000| PB 0x00000000e2500000| Untracked |  0
|  38|0x00000000e2600000, 0x00000000e2600000, 0x00000000e2700000|  0%| F|  |TAMS 0x00000000e2600000| PB 0x00000000e2600000| Untracked |  0
|  39|0x00000000e2700000, 0x00000000e2700000, 0x00000000e2800000|  0%| F|  |TAMS 0x00000000e2700000| PB 0x00000000e2700000| Untracked |  0
|  40|0x00000000e2800000, 0x00000000e2800000, 0x00000000e2900000|  0%| F|  |TAMS 0x00000000e2800000| PB 0x00000000e2800000| Untracked |  0
|  41|0x00000000e2900000, 0x00000000e2900000, 0x00000000e2a00000|  0%| F|  |TAMS 0x00000000e2900000| PB 0x00000000e2900000| Untracked |  0
|  42|0x00000000e2a00000, 0x00000000e2a00000, 0x00000000e2b00000|  0%| F|  |TAMS 0x00000000e2a00000| PB 0x00000000e2a00000| Untracked |  0
|  43|0x00000000e2b00000, 0x00000000e2b00000, 0x00000000e2c00000|  0%| F|  |TAMS 0x00000000e2b00000| PB 0x00000000e2b00000| Untracked |  0
|  44|0x00000000e2c00000, 0x00000000e2c00000, 0x00000000e2d00000|  0%| F|  |TAMS 0x00000000e2c00000| PB 0x00000000e2c00000| Untracked |  0
|  45|0x00000000e2d00000, 0x00000000e2d00000, 0x00000000e2e00000|  0%| F|  |TAMS 0x00000000e2d00000| PB 0x00000000e2d00000| Untracked |  0
|  46|0x00000000e2e00000, 0x00000000e2e00000, 0x00000000e2f00000|  0%| F|  |TAMS 0x00000000e2e00000| PB 0x00000000e2e00000| Untracked |  0
|  47|0x00000000e2f00000, 0x00000000e2f00000, 0x00000000e3000000|  0%| F|  |TAMS 0x00000000e2f00000| PB 0x00000000e2f00000| Untracked |  0
|  48|0x00000000e3000000, 0x00000000e3000000, 0x00000000e3100000|  0%| F|  |TAMS 0x00000000e3000000| PB 0x00000000e3000000| Untracked |  0
|  49|0x00000000e3100000, 0x00000000e3100000, 0x00000000e3200000|  0%| F|  |TAMS 0x00000000e3100000| PB 0x00000000e3100000| Untracked |  0
|  50|0x00000000e3200000, 0x00000000e3200000, 0x00000000e3300000|  0%| F|  |TAMS 0x00000000e3200000| PB 0x00000000e3200000| Untracked |  0
|  51|0x00000000e3300000, 0x00000000e3300000, 0x00000000e3400000|  0%| F|  |TAMS 0x00000000e3300000| PB 0x00000000e3300000| Untracked |  0
|  52|0x00000000e3400000, 0x00000000e3400000, 0x00000000e3500000|  0%| F|  |TAMS 0x00000000e3400000| PB 0x00000000e3400000| Untracked |  0
|  53|0x00000000e3500000, 0x00000000e3500000, 0x00000000e3600000|  0%| F|  |TAMS 0x00000000e3500000| PB 0x00000000e3500000| Untracked |  0
|  54|0x00000000e3600000, 0x00000000e3600000, 0x00000000e3700000|  0%| F|  |TAMS 0x00000000e3600000| PB 0x00000000e3600000| Untracked |  0
|  55|0x00000000e3700000, 0x00000000e3700000, 0x00000000e3800000|  0%| F|  |TAMS 0x00000000e3700000| PB 0x00000000e3700000| Untracked |  0
|  56|0x00000000e3800000, 0x00000000e3800000, 0x00000000e3900000|  0%| F|  |TAMS 0x00000000e3800000| PB 0x00000000e3800000| Untracked |  0
|  57|0x00000000e3900000, 0x00000000e3900000, 0x00000000e3a00000|  0%| F|  |TAMS 0x00000000e3900000| PB 0x00000000e3900000| Untracked |  0
|  58|0x00000000e3a00000, 0x00000000e3a00000, 0x00000000e3b00000|  0%| F|  |TAMS 0x00000000e3a00000| PB 0x00000000e3a00000| Untracked |  0
|  59|0x00000000e3b00000, 0x00000000e3b00000, 0x00000000e3c00000|  0%| F|  |TAMS 0x00000000e3b00000| PB 0x00000000e3b00000| Untracked |  0
|  60|0x00000000e3c00000, 0x00000000e3c00000, 0x00000000e3d00000|  0%| F|  |TAMS 0x00000000e3c00000| PB 0x00000000e3c00000| Untracked |  0
|  61|0x00000000e3d00000, 0x00000000e3d00000, 0x00000000e3e00000|  0%| F|  |TAMS 0x00000000e3d00000| PB 0x00000000e3d00000| Untracked |  0
|  62|0x00000000e3e00000, 0x00000000e3e00000, 0x00000000e3f00000|  0%| F|  |TAMS 0x00000000e3e00000| PB 0x00000000e3e00000| Untracked |  0
|  63|0x00000000e3f00000, 0x00000000e3f00000, 0x00000000e4000000|  0%| F|  |TAMS 0x00000000e3f00000| PB 0x00000000e3f00000| Untracked |  0
|  64|0x00000000e4000000, 0x00000000e4000000, 0x00000000e4100000|  0%| F|  |TAMS 0x00000000e4000000| PB 0x00000000e4000000| Untracked |  0
|  65|0x00000000e4100000, 0x00000000e4100000, 0x00000000e4200000|  0%| F|  |TAMS 0x00000000e4100000| PB 0x00000000e4100000| Untracked |  0
|  66|0x00000000e4200000, 0x00000000e4200000, 0x00000000e4300000|  0%| F|  |TAMS 0x00000000e4200000| PB 0x00000000e4200000| Untracked |  0
|  67|0x00000000e4300000, 0x00000000e4300000, 0x00000000e4400000|  0%| F|  |TAMS 0x00000000e4300000| PB 0x00000000e4300000| Untracked |  0
|  68|0x00000000e4400000, 0x00000000e4400000, 0x00000000e4500000|  0%| F|  |TAMS 0x00000000e4400000| PB 0x00000000e4400000| Untracked |  0
|  69|0x00000000e4500000, 0x00000000e4500000, 0x00000000e4600000|  0%| F|  |TAMS 0x00000000e4500000| PB 0x00000000e4500000| Untracked |  0
|  70|0x00000000e4600000, 0x00000000e4600000, 0x00000000e4700000|  0%| F|  |TAMS 0x00000000e4600000| PB 0x00000000e4600000| Untracked |  0
|  71|0x00000000e4700000, 0x00000000e4700000, 0x00000000e4800000|  0%| F|  |TAMS 0x00000000e4700000| PB 0x00000000e4700000| Untracked |  0
|  72|0x00000000e4800000, 0x00000000e4800000, 0x00000000e4900000|  0%| F|  |TAMS 0x00000000e4800000| PB 0x00000000e4800000| Untracked |  0
|  73|0x00000000e4900000, 0x00000000e4900000, 0x00000000e4a00000|  0%| F|  |TAMS 0x00000000e4900000| PB 0x00000000e4900000| Untracked |  0
|  74|0x00000000e4a00000, 0x00000000e4a00000, 0x00000000e4b00000|  0%| F|  |TAMS 0x00000000e4a00000| PB 0x00000000e4a00000| Untracked |  0
|  75|0x00000000e4b00000, 0x00000000e4b00000, 0x00000000e4c00000|  0%| F|  |TAMS 0x00000000e4b00000| PB 0x00000000e4b00000| Untracked |  0
|  76|0x00000000e4c00000, 0x00000000e4c00000, 0x00000000e4d00000|  0%| F|  |TAMS 0x00000000e4c00000| PB 0x00000000e4c00000| Untracked |  0
|  77|0x00000000e4d00000, 0x00000000e4d00000, 0x00000000e4e00000|  0%| F|  |TAMS 0x00000000e4d00000| PB 0x00000000e4d00000| Untracked |  0
|  78|0x00000000e4e00000, 0x00000000e4e00000, 0x00000000e4f00000|  0%| F|  |TAMS 0x00000000e4e00000| PB 0x00000000e4e00000| Untracked |  0
|  79|0x00000000e4f00000, 0x00000000e4f00000, 0x00000000e5000000|  0%| F|  |TAMS 0x00000000e4f00000| PB 0x00000000e4f00000| Untracked |  0
|  80|0x00000000e5000000, 0x00000000e5000000, 0x00000000e5100000|  0%| F|  |TAMS 0x00000000e5000000| PB 0x00000000e5000000| Untracked |  0
|  81|0x00000000e5100000, 0x00000000e5100000, 0x00000000e5200000|  0%| F|  |TAMS 0x00000000e5100000| PB 0x00000000e5100000| Untracked |  0
|  82|0x00000000e5200000, 0x00000000e5200000, 0x00000000e5300000|  0%| F|  |TAMS 0x00000000e5200000| PB 0x00000000e5200000| Untracked |  0
|  83|0x00000000e5300000, 0x00000000e5300000, 0x00000000e5400000|  0%| F|  |TAMS 0x00000000e5300000| PB 0x00000000e5300000| Untracked |  0
|  84|0x00000000e5400000, 0x00000000e5400000, 0x00000000e5500000|  0%| F|  |TAMS 0x00000000e5400000| PB 0x00000000e5400000| Untracked |  0
|  85|0x00000000e5500000, 0x00000000e5500000, 0x00000000e5600000|  0%| F|  |TAMS 0x00000000e5500000| PB 0x00000000e5500000| Untracked |  0
|  86|0x00000000e5600000, 0x00000000e5600000, 0x00000000e5700000|  0%| F|  |TAMS 0x00000000e5600000| PB 0x00000000e5600000| Untracked |  0
|  87|0x00000000e5700000, 0x00000000e5700000, 0x00000000e5800000|  0%| F|  |TAMS 0x00000000e5700000| PB 0x00000000e5700000| Untracked |  0
|  88|0x00000000e5800000, 0x00000000e5800000, 0x00000000e5900000|  0%| F|  |TAMS 0x00000000e5800000| PB 0x00000000e5800000| Untracked |  0
|  89|0x00000000e5900000, 0x00000000e5900000, 0x00000000e5a00000|  0%| F|  |TAMS 0x00000000e5900000| PB 0x00000000e5900000| Untracked |  0
|  90|0x00000000e5a00000, 0x00000000e5a00000, 0x00000000e5b00000|  0%| F|  |TAMS 0x00000000e5a00000| PB 0x00000000e5a00000| Untracked |  0
|  91|0x00000000e5b00000, 0x00000000e5b00000, 0x00000000e5c00000|  0%| F|  |TAMS 0x00000000e5b00000| PB 0x00000000e5b00000| Untracked |  0
|  92|0x00000000e5c00000, 0x00000000e5c00000, 0x00000000e5d00000|  0%| F|  |TAMS 0x00000000e5c00000| PB 0x00000000e5c00000| Untracked |  0
|  93|0x00000000e5d00000, 0x00000000e5d00000, 0x00000000e5e00000|  0%| F|  |TAMS 0x00000000e5d00000| PB 0x00000000e5d00000| Untracked |  0
|  94|0x00000000e5e00000, 0x00000000e5e00000, 0x00000000e5f00000|  0%| F|  |TAMS 0x00000000e5e00000| PB 0x00000000e5e00000| Untracked |  0
|  95|0x00000000e5f00000, 0x00000000e5f00000, 0x00000000e6000000|  0%| F|  |TAMS 0x00000000e5f00000| PB 0x00000000e5f00000| Untracked |  0
|  96|0x00000000e6000000, 0x00000000e6000000, 0x00000000e6100000|  0%| F|  |TAMS 0x00000000e6000000| PB 0x00000000e6000000| Untracked |  0
|  97|0x00000000e6100000, 0x00000000e6100000, 0x00000000e6200000|  0%| F|  |TAMS 0x00000000e6100000| PB 0x00000000e6100000| Untracked |  0
|  98|0x00000000e6200000, 0x00000000e6200000, 0x00000000e6300000|  0%| F|  |TAMS 0x00000000e6200000| PB 0x00000000e6200000| Untracked |  0
|  99|0x00000000e6300000, 0x00000000e6300000, 0x00000000e6400000|  0%| F|  |TAMS 0x00000000e6300000| PB 0x00000000e6300000| Untracked |  0
| 100|0x00000000e6400000, 0x00000000e6400000, 0x00000000e6500000|  0%| F|  |TAMS 0x00000000e6400000| PB 0x00000000e6400000| Untracked |  0
| 101|0x00000000e6500000, 0x00000000e6500000, 0x00000000e6600000|  0%| F|  |TAMS 0x00000000e6500000| PB 0x00000000e6500000| Untracked |  0
| 102|0x00000000e6600000, 0x00000000e6600000, 0x00000000e6700000|  0%| F|  |TAMS 0x00000000e6600000| PB 0x00000000e6600000| Untracked |  0
| 103|0x00000000e6700000, 0x00000000e6700000, 0x00000000e6800000|  0%| F|  |TAMS 0x00000000e6700000| PB 0x00000000e6700000| Untracked |  0
| 104|0x00000000e6800000, 0x00000000e6800000, 0x00000000e6900000|  0%| F|  |TAMS 0x00000000e6800000| PB 0x00000000e6800000| Untracked |  0
| 105|0x00000000e6900000, 0x00000000e6900000, 0x00000000e6a00000|  0%| F|  |TAMS 0x00000000e6900000| PB 0x00000000e6900000| Untracked |  0
| 106|0x00000000e6a00000, 0x00000000e6a00000, 0x00000000e6b00000|  0%| F|  |TAMS 0x00000000e6a00000| PB 0x00000000e6a00000| Untracked |  0
| 107|0x00000000e6b00000, 0x00000000e6b00000, 0x00000000e6c00000|  0%| F|  |TAMS 0x00000000e6b00000| PB 0x00000000e6b00000| Untracked |  0
| 108|0x00000000e6c00000, 0x00000000e6c00000, 0x00000000e6d00000|  0%| F|  |TAMS 0x00000000e6c00000| PB 0x00000000e6c00000| Untracked |  0
| 109|0x00000000e6d00000, 0x00000000e6d00000, 0x00000000e6e00000|  0%| F|  |TAMS 0x00000000e6d00000| PB 0x00000000e6d00000| Untracked |  0
| 110|0x00000000e6e00000, 0x00000000e6e00000, 0x00000000e6f00000|  0%| F|  |TAMS 0x00000000e6e00000| PB 0x00000000e6e00000| Untracked |  0
| 111|0x00000000e6f00000, 0x00000000e6f00000, 0x00000000e7000000|  0%| F|  |TAMS 0x00000000e6f00000| PB 0x00000000e6f00000| Untracked |  0
| 112|0x00000000e7000000, 0x00000000e7000000, 0x00000000e7100000|  0%| F|  |TAMS 0x00000000e7000000| PB 0x00000000e7000000| Untracked |  0
| 113|0x00000000e7100000, 0x00000000e7100000, 0x00000000e7200000|  0%| F|  |TAMS 0x00000000e7100000| PB 0x00000000e7100000| Untracked |  0
| 114|0x00000000e7200000, 0x00000000e7200000, 0x00000000e7300000|  0%| F|  |TAMS 0x00000000e7200000| PB 0x00000000e7200000| Untracked |  0
| 115|0x00000000e7300000, 0x00000000e7300000, 0x00000000e7400000|  0%| F|  |TAMS 0x00000000e7300000| PB 0x00000000e7300000| Untracked |  0
| 116|0x00000000e7400000, 0x00000000e7400000, 0x00000000e7500000|  0%| F|  |TAMS 0x00000000e7400000| PB 0x00000000e7400000| Untracked |  0
| 117|0x00000000e7500000, 0x00000000e7500000, 0x00000000e7600000|  0%| F|  |TAMS 0x00000000e7500000| PB 0x00000000e7500000| Untracked |  0
| 118|0x00000000e7600000, 0x00000000e7600000, 0x00000000e7700000|  0%| F|  |TAMS 0x00000000e7600000| PB 0x00000000e7600000| Untracked |  0
| 119|0x00000000e7700000, 0x00000000e7700000, 0x00000000e7800000|  0%| F|  |TAMS 0x00000000e7700000| PB 0x00000000e7700000| Untracked |  0
| 120|0x00000000e7800000, 0x00000000e7800000, 0x00000000e7900000|  0%| F|  |TAMS 0x00000000e7800000| PB 0x00000000e7800000| Untracked |  0
| 121|0x00000000e7900000, 0x00000000e7900000, 0x00000000e7a00000|  0%| F|  |TAMS 0x00000000e7900000| PB 0x00000000e7900000| Untracked |  0
| 122|0x00000000e7a00000, 0x00000000e7a00000, 0x00000000e7b00000|  0%| F|  |TAMS 0x00000000e7a00000| PB 0x00000000e7a00000| Untracked |  0
| 123|0x00000000e7b00000, 0x00000000e7b00000, 0x00000000e7c00000|  0%| F|  |TAMS 0x00000000e7b00000| PB 0x00000000e7b00000| Untracked |  0
| 124|0x00000000e7c00000, 0x00000000e7c00000, 0x00000000e7d00000|  0%| F|  |TAMS 0x00000000e7c00000| PB 0x00000000e7c00000| Untracked |  0
| 125|0x00000000e7d00000, 0x00000000e7d00000, 0x00000000e7e00000|  0%| F|  |TAMS 0x00000000e7d00000| PB 0x00000000e7d00000| Untracked |  0
| 126|0x00000000e7e00000, 0x00000000e7e00000, 0x00000000e7f00000|  0%| F|  |TAMS 0x00000000e7e00000| PB 0x00000000e7e00000| Untracked |  0
| 127|0x00000000e7f00000, 0x00000000e7f00000, 0x00000000e8000000|  0%| F|  |TAMS 0x00000000e7f00000| PB 0x00000000e7f00000| Untracked |  0
| 128|0x00000000e8000000, 0x00000000e8000000, 0x00000000e8100000|  0%| F|  |TAMS 0x00000000e8000000| PB 0x00000000e8000000| Untracked |  0
| 129|0x00000000e8100000, 0x00000000e8100000, 0x00000000e8200000|  0%| F|  |TAMS 0x00000000e8100000| PB 0x00000000e8100000| Untracked |  0
| 130|0x00000000e8200000, 0x00000000e8200000, 0x00000000e8300000|  0%| F|  |TAMS 0x00000000e8200000| PB 0x00000000e8200000| Untracked |  0
| 131|0x00000000e8300000, 0x00000000e8300000, 0x00000000e8400000|  0%| F|  |TAMS 0x00000000e8300000| PB 0x00000000e8300000| Untracked |  0
| 132|0x00000000e8400000, 0x00000000e8400000, 0x00000000e8500000|  0%| F|  |TAMS 0x00000000e8400000| PB 0x00000000e8400000| Untracked |  0
| 133|0x00000000e8500000, 0x00000000e8500000, 0x00000000e8600000|  0%| F|  |TAMS 0x00000000e8500000| PB 0x00000000e8500000| Untracked |  0
| 134|0x00000000e8600000, 0x00000000e8600000, 0x00000000e8700000|  0%| F|  |TAMS 0x00000000e8600000| PB 0x00000000e8600000| Untracked |  0
| 135|0x00000000e8700000, 0x00000000e8700000, 0x00000000e8800000|  0%| F|  |TAMS 0x00000000e8700000| PB 0x00000000e8700000| Untracked |  0
| 136|0x00000000e8800000, 0x00000000e8800000, 0x00000000e8900000|  0%| F|  |TAMS 0x00000000e8800000| PB 0x00000000e8800000| Untracked |  0
| 137|0x00000000e8900000, 0x00000000e8900000, 0x00000000e8a00000|  0%| F|  |TAMS 0x00000000e8900000| PB 0x00000000e8900000| Untracked |  0
| 138|0x00000000e8a00000, 0x00000000e8a00000, 0x00000000e8b00000|  0%| F|  |TAMS 0x00000000e8a00000| PB 0x00000000e8a00000| Untracked |  0
| 139|0x00000000e8b00000, 0x00000000e8b00000, 0x00000000e8c00000|  0%| F|  |TAMS 0x00000000e8b00000| PB 0x00000000e8b00000| Untracked |  0
| 140|0x00000000e8c00000, 0x00000000e8c00000, 0x00000000e8d00000|  0%| F|  |TAMS 0x00000000e8c00000| PB 0x00000000e8c00000| Untracked |  0
| 141|0x00000000e8d00000, 0x00000000e8d00000, 0x00000000e8e00000|  0%| F|  |TAMS 0x00000000e8d00000| PB 0x00000000e8d00000| Untracked |  0
| 142|0x00000000e8e00000, 0x00000000e8e00000, 0x00000000e8f00000|  0%| F|  |TAMS 0x00000000e8e00000| PB 0x00000000e8e00000| Untracked |  0
| 143|0x00000000e8f00000, 0x00000000e8f00000, 0x00000000e9000000|  0%| F|  |TAMS 0x00000000e8f00000| PB 0x00000000e8f00000| Untracked |  0
| 144|0x00000000e9000000, 0x00000000e9000000, 0x00000000e9100000|  0%| F|  |TAMS 0x00000000e9000000| PB 0x00000000e9000000| Untracked |  0
| 145|0x00000000e9100000, 0x00000000e9100000, 0x00000000e9200000|  0%| F|  |TAMS 0x00000000e9100000| PB 0x00000000e9100000| Untracked |  0
| 146|0x00000000e9200000, 0x00000000e9200000, 0x00000000e9300000|  0%| F|  |TAMS 0x00000000e9200000| PB 0x00000000e9200000| Untracked |  0
| 147|0x00000000e9300000, 0x00000000e9300000, 0x00000000e9400000|  0%| F|  |TAMS 0x00000000e9300000| PB 0x00000000e9300000| Untracked |  0
| 148|0x00000000e9400000, 0x00000000e9400000, 0x00000000e9500000|  0%| F|  |TAMS 0x00000000e9400000| PB 0x00000000e9400000| Untracked |  0
| 149|0x00000000e9500000, 0x00000000e9500000, 0x00000000e9600000|  0%| F|  |TAMS 0x00000000e9500000| PB 0x00000000e9500000| Untracked |  0
| 150|0x00000000e9600000, 0x00000000e9600000, 0x00000000e9700000|  0%| F|  |TAMS 0x00000000e9600000| PB 0x00000000e9600000| Untracked |  0
| 151|0x00000000e9700000, 0x00000000e9700000, 0x00000000e9800000|  0%| F|  |TAMS 0x00000000e9700000| PB 0x00000000e9700000| Untracked |  0
| 152|0x00000000e9800000, 0x00000000e9800000, 0x00000000e9900000|  0%| F|  |TAMS 0x00000000e9800000| PB 0x00000000e9800000| Untracked |  0
| 153|0x00000000e9900000, 0x00000000e9900000, 0x00000000e9a00000|  0%| F|  |TAMS 0x00000000e9900000| PB 0x00000000e9900000| Untracked |  0
| 154|0x00000000e9a00000, 0x00000000e9a00000, 0x00000000e9b00000|  0%| F|  |TAMS 0x00000000e9a00000| PB 0x00000000e9a00000| Untracked |  0
| 155|0x00000000e9b00000, 0x00000000e9b00000, 0x00000000e9c00000|  0%| F|  |TAMS 0x00000000e9b00000| PB 0x00000000e9b00000| Untracked |  0
| 156|0x00000000e9c00000, 0x00000000e9c00000, 0x00000000e9d00000|  0%| F|  |TAMS 0x00000000e9c00000| PB 0x00000000e9c00000| Untracked |  0
| 157|0x00000000e9d00000, 0x00000000e9d00000, 0x00000000e9e00000|  0%| F|  |TAMS 0x00000000e9d00000| PB 0x00000000e9d00000| Untracked |  0
| 158|0x00000000e9e00000, 0x00000000e9e00000, 0x00000000e9f00000|  0%| F|  |TAMS 0x00000000e9e00000| PB 0x00000000e9e00000| Untracked |  0
| 159|0x00000000e9f00000, 0x00000000e9f00000, 0x00000000ea000000|  0%| F|  |TAMS 0x00000000e9f00000| PB 0x00000000e9f00000| Untracked |  0
| 160|0x00000000ea000000, 0x00000000ea000000, 0x00000000ea100000|  0%| F|  |TAMS 0x00000000ea000000| PB 0x00000000ea000000| Untracked |  0
| 161|0x00000000ea100000, 0x00000000ea100000, 0x00000000ea200000|  0%| F|  |TAMS 0x00000000ea100000| PB 0x00000000ea100000| Untracked |  0
| 162|0x00000000ea200000, 0x00000000ea200000, 0x00000000ea300000|  0%| F|  |TAMS 0x00000000ea200000| PB 0x00000000ea200000| Untracked |  0
| 163|0x00000000ea300000, 0x00000000ea300000, 0x00000000ea400000|  0%| F|  |TAMS 0x00000000ea300000| PB 0x00000000ea300000| Untracked |  0
| 164|0x00000000ea400000, 0x00000000ea400000, 0x00000000ea500000|  0%| F|  |TAMS 0x00000000ea400000| PB 0x00000000ea400000| Untracked |  0
| 165|0x00000000ea500000, 0x00000000ea500000, 0x00000000ea600000|  0%| F|  |TAMS 0x00000000ea500000| PB 0x00000000ea500000| Untracked |  0
| 166|0x00000000ea600000, 0x00000000ea600000, 0x00000000ea700000|  0%| F|  |TAMS 0x00000000ea600000| PB 0x00000000ea600000| Untracked |  0
| 167|0x00000000ea700000, 0x00000000ea700000, 0x00000000ea800000|  0%| F|  |TAMS 0x00000000ea700000| PB 0x00000000ea700000| Untracked |  0
| 168|0x00000000ea800000, 0x00000000ea800000, 0x00000000ea900000|  0%| F|  |TAMS 0x00000000ea800000| PB 0x00000000ea800000| Untracked |  0
| 169|0x00000000ea900000, 0x00000000ea900000, 0x00000000eaa00000|  0%| F|  |TAMS 0x00000000ea900000| PB 0x00000000ea900000| Untracked |  0
| 170|0x00000000eaa00000, 0x00000000eaa00000, 0x00000000eab00000|  0%| F|  |TAMS 0x00000000eaa00000| PB 0x00000000eaa00000| Untracked |  0
| 171|0x00000000eab00000, 0x00000000eab00000, 0x00000000eac00000|  0%| F|  |TAMS 0x00000000eab00000| PB 0x00000000eab00000| Untracked |  0
| 172|0x00000000eac00000, 0x00000000eac00000, 0x00000000ead00000|  0%| F|  |TAMS 0x00000000eac00000| PB 0x00000000eac00000| Untracked |  0
| 173|0x00000000ead00000, 0x00000000ead00000, 0x00000000eae00000|  0%| F|  |TAMS 0x00000000ead00000| PB 0x00000000ead00000| Untracked |  0
| 174|0x00000000eae00000, 0x00000000eae00000, 0x00000000eaf00000|  0%| F|  |TAMS 0x00000000eae00000| PB 0x00000000eae00000| Untracked |  0
| 175|0x00000000eaf00000, 0x00000000eaf00000, 0x00000000eb000000|  0%| F|  |TAMS 0x00000000eaf00000| PB 0x00000000eaf00000| Untracked |  0
| 176|0x00000000eb000000, 0x00000000eb000000, 0x00000000eb100000|  0%| F|  |TAMS 0x00000000eb000000| PB 0x00000000eb000000| Untracked |  0
| 177|0x00000000eb100000, 0x00000000eb100000, 0x00000000eb200000|  0%| F|  |TAMS 0x00000000eb100000| PB 0x00000000eb100000| Untracked |  0
| 178|0x00000000eb200000, 0x00000000eb200000, 0x00000000eb300000|  0%| F|  |TAMS 0x00000000eb200000| PB 0x00000000eb200000| Untracked |  0
| 179|0x00000000eb300000, 0x00000000eb300000, 0x00000000eb400000|  0%| F|  |TAMS 0x00000000eb300000| PB 0x00000000eb300000| Untracked |  0
| 180|0x00000000eb400000, 0x00000000eb400000, 0x00000000eb500000|  0%| F|  |TAMS 0x00000000eb400000| PB 0x00000000eb400000| Untracked |  0
| 181|0x00000000eb500000, 0x00000000eb500000, 0x00000000eb600000|  0%| F|  |TAMS 0x00000000eb500000| PB 0x00000000eb500000| Untracked |  0
| 182|0x00000000eb600000, 0x00000000eb600000, 0x00000000eb700000|  0%| F|  |TAMS 0x00000000eb600000| PB 0x00000000eb600000| Untracked |  0
| 183|0x00000000eb700000, 0x00000000eb700000, 0x00000000eb800000|  0%| F|  |TAMS 0x00000000eb700000| PB 0x00000000eb700000| Untracked |  0
| 184|0x00000000eb800000, 0x00000000eb800000, 0x00000000eb900000|  0%| F|  |TAMS 0x00000000eb800000| PB 0x00000000eb800000| Untracked |  0
| 185|0x00000000eb900000, 0x00000000eb900000, 0x00000000eba00000|  0%| F|  |TAMS 0x00000000eb900000| PB 0x00000000eb900000| Untracked |  0
| 186|0x00000000eba00000, 0x00000000eba00000, 0x00000000ebb00000|  0%| F|  |TAMS 0x00000000eba00000| PB 0x00000000eba00000| Untracked |  0
| 187|0x00000000ebb00000, 0x00000000ebc00000, 0x00000000ebc00000|100%| S|CS|TAMS 0x00000000ebb00000| PB 0x00000000ebb00000| Complete |  0
| 188|0x00000000ebc00000, 0x00000000ebd00000, 0x00000000ebd00000|100%| S|CS|TAMS 0x00000000ebc00000| PB 0x00000000ebc00000| Complete |  0
| 189|0x00000000ebd00000, 0x00000000ebe00000, 0x00000000ebe00000|100%| S|CS|TAMS 0x00000000ebd00000| PB 0x00000000ebd00000| Complete |  0
| 190|0x00000000ebe00000, 0x00000000ebf00000, 0x00000000ebf00000|100%| S|CS|TAMS 0x00000000ebe00000| PB 0x00000000ebe00000| Complete |  0
| 191|0x00000000ebf00000, 0x00000000ec000000, 0x00000000ec000000|100%| S|CS|TAMS 0x00000000ebf00000| PB 0x00000000ebf00000| Complete |  0
| 192|0x00000000ec000000, 0x00000000ec100000, 0x00000000ec100000|100%| S|CS|TAMS 0x00000000ec000000| PB 0x00000000ec000000| Complete |  0
| 193|0x00000000ec100000, 0x00000000ec200000, 0x00000000ec200000|100%| S|CS|TAMS 0x00000000ec100000| PB 0x00000000ec100000| Complete |  0
| 194|0x00000000ec200000, 0x00000000ec300000, 0x00000000ec300000|100%| S|CS|TAMS 0x00000000ec200000| PB 0x00000000ec200000| Complete |  0
| 195|0x00000000ec300000, 0x00000000ec300000, 0x00000000ec400000|  0%| F|  |TAMS 0x00000000ec300000| PB 0x00000000ec300000| Untracked |  0
| 196|0x00000000ec400000, 0x00000000ec400000, 0x00000000ec500000|  0%| F|  |TAMS 0x00000000ec400000| PB 0x00000000ec400000| Untracked |  0
| 197|0x00000000ec500000, 0x00000000ec500000, 0x00000000ec600000|  0%| F|  |TAMS 0x00000000ec500000| PB 0x00000000ec500000| Untracked |  0
| 198|0x00000000ec600000, 0x00000000ec600000, 0x00000000ec700000|  0%| F|  |TAMS 0x00000000ec600000| PB 0x00000000ec600000| Untracked |  0
| 199|0x00000000ec700000, 0x00000000ec700000, 0x00000000ec800000|  0%| F|  |TAMS 0x00000000ec700000| PB 0x00000000ec700000| Untracked |  0
| 200|0x00000000ec800000, 0x00000000ec800000, 0x00000000ec900000|  0%| F|  |TAMS 0x00000000ec800000| PB 0x00000000ec800000| Untracked |  0
| 201|0x00000000ec900000, 0x00000000ec900000, 0x00000000eca00000|  0%| F|  |TAMS 0x00000000ec900000| PB 0x00000000ec900000| Untracked |  0
| 202|0x00000000eca00000, 0x00000000eca00000, 0x00000000ecb00000|  0%| F|  |TAMS 0x00000000eca00000| PB 0x00000000eca00000| Untracked |  0
| 203|0x00000000ecb00000, 0x00000000ecb00000, 0x00000000ecc00000|  0%| F|  |TAMS 0x00000000ecb00000| PB 0x00000000ecb00000| Untracked |  0
| 204|0x00000000ecc00000, 0x00000000ecc00000, 0x00000000ecd00000|  0%| F|  |TAMS 0x00000000ecc00000| PB 0x00000000ecc00000| Untracked |  0
| 205|0x00000000ecd00000, 0x00000000ecd00000, 0x00000000ece00000|  0%| F|  |TAMS 0x00000000ecd00000| PB 0x00000000ecd00000| Untracked |  0
| 206|0x00000000ece00000, 0x00000000ece00000, 0x00000000ecf00000|  0%| F|  |TAMS 0x00000000ece00000| PB 0x00000000ece00000| Untracked |  0
| 207|0x00000000ecf00000, 0x00000000ecf00000, 0x00000000ed000000|  0%| F|  |TAMS 0x00000000ecf00000| PB 0x00000000ecf00000| Untracked |  0
| 208|0x00000000ed000000, 0x00000000ed000000, 0x00000000ed100000|  0%| F|  |TAMS 0x00000000ed000000| PB 0x00000000ed000000| Untracked |  0
| 209|0x00000000ed100000, 0x00000000ed100000, 0x00000000ed200000|  0%| F|  |TAMS 0x00000000ed100000| PB 0x00000000ed100000| Untracked |  0
| 210|0x00000000ed200000, 0x00000000ed2fa218, 0x00000000ed300000| 97%| E|  |TAMS 0x00000000ed200000| PB 0x00000000ed200000| Complete |  2
| 211|0x00000000ed300000, 0x00000000ed400000, 0x00000000ed400000|100%| E|CS|TAMS 0x00000000ed300000| PB 0x00000000ed300000| Complete |  0
| 212|0x00000000ed400000, 0x00000000ed500000, 0x00000000ed500000|100%| E|CS|TAMS 0x00000000ed400000| PB 0x00000000ed400000| Complete |  0
| 213|0x00000000ed500000, 0x00000000ed600000, 0x00000000ed600000|100%| E|CS|TAMS 0x00000000ed500000| PB 0x00000000ed500000| Complete |  0
| 214|0x00000000ed600000, 0x00000000ed700000, 0x00000000ed700000|100%| E|CS|TAMS 0x00000000ed600000| PB 0x00000000ed600000| Complete |  0
| 215|0x00000000ed700000, 0x00000000ed800000, 0x00000000ed800000|100%| E|CS|TAMS 0x00000000ed700000| PB 0x00000000ed700000| Complete |  0
| 216|0x00000000ed800000, 0x00000000ed900000, 0x00000000ed900000|100%| E|CS|TAMS 0x00000000ed800000| PB 0x00000000ed800000| Complete |  0
| 217|0x00000000ed900000, 0x00000000eda00000, 0x00000000eda00000|100%| E|CS|TAMS 0x00000000ed900000| PB 0x00000000ed900000| Complete |  0
| 218|0x00000000eda00000, 0x00000000edb00000, 0x00000000edb00000|100%| E|CS|TAMS 0x00000000eda00000| PB 0x00000000eda00000| Complete |  0
| 219|0x00000000edb00000, 0x00000000edc00000, 0x00000000edc00000|100%| E|CS|TAMS 0x00000000edb00000| PB 0x00000000edb00000| Complete |  0
| 220|0x00000000edc00000, 0x00000000edd00000, 0x00000000edd00000|100%| E|CS|TAMS 0x00000000edc00000| PB 0x00000000edc00000| Complete |  0
| 221|0x00000000edd00000, 0x00000000ede00000, 0x00000000ede00000|100%| E|CS|TAMS 0x00000000edd00000| PB 0x00000000edd00000| Complete |  0
| 222|0x00000000ede00000, 0x00000000edf00000, 0x00000000edf00000|100%| E|CS|TAMS 0x00000000ede00000| PB 0x00000000ede00000| Complete |  0
| 223|0x00000000edf00000, 0x00000000ee000000, 0x00000000ee000000|100%| E|CS|TAMS 0x00000000edf00000| PB 0x00000000edf00000| Complete |  0
| 224|0x00000000ee000000, 0x00000000ee100000, 0x00000000ee100000|100%| E|CS|TAMS 0x00000000ee000000| PB 0x00000000ee000000| Complete |  0
| 225|0x00000000ee100000, 0x00000000ee200000, 0x00000000ee200000|100%| E|CS|TAMS 0x00000000ee100000| PB 0x00000000ee100000| Complete |  0
| 226|0x00000000ee200000, 0x00000000ee300000, 0x00000000ee300000|100%| E|CS|TAMS 0x00000000ee200000| PB 0x00000000ee200000| Complete |  0
| 227|0x00000000ee300000, 0x00000000ee400000, 0x00000000ee400000|100%| E|CS|TAMS 0x00000000ee300000| PB 0x00000000ee300000| Complete |  0
| 228|0x00000000ee400000, 0x00000000ee500000, 0x00000000ee500000|100%| E|CS|TAMS 0x00000000ee400000| PB 0x00000000ee400000| Complete |  0
| 229|0x00000000ee500000, 0x00000000ee600000, 0x00000000ee600000|100%| E|CS|TAMS 0x00000000ee500000| PB 0x00000000ee500000| Complete |  0
| 230|0x00000000ee600000, 0x00000000ee700000, 0x00000000ee700000|100%| E|CS|TAMS 0x00000000ee600000| PB 0x00000000ee600000| Complete |  0
| 231|0x00000000ee700000, 0x00000000ee800000, 0x00000000ee800000|100%| E|CS|TAMS 0x00000000ee700000| PB 0x00000000ee700000| Complete |  0
| 232|0x00000000ee800000, 0x00000000ee900000, 0x00000000ee900000|100%| E|CS|TAMS 0x00000000ee800000| PB 0x00000000ee800000| Complete |  0
| 233|0x00000000ee900000, 0x00000000eea00000, 0x00000000eea00000|100%| E|CS|TAMS 0x00000000ee900000| PB 0x00000000ee900000| Complete |  0
| 234|0x00000000eea00000, 0x00000000eeb00000, 0x00000000eeb00000|100%| E|CS|TAMS 0x00000000eea00000| PB 0x00000000eea00000| Complete |  0
| 235|0x00000000eeb00000, 0x00000000eec00000, 0x00000000eec00000|100%| E|CS|TAMS 0x00000000eeb00000| PB 0x00000000eeb00000| Complete |  0
| 236|0x00000000eec00000, 0x00000000eed00000, 0x00000000eed00000|100%| E|CS|TAMS 0x00000000eec00000| PB 0x00000000eec00000| Complete |  0
| 237|0x00000000eed00000, 0x00000000eee00000, 0x00000000eee00000|100%| E|CS|TAMS 0x00000000eed00000| PB 0x00000000eed00000| Complete |  0
| 238|0x00000000eee00000, 0x00000000eef00000, 0x00000000eef00000|100%| E|CS|TAMS 0x00000000eee00000| PB 0x00000000eee00000| Complete |  0
| 239|0x00000000eef00000, 0x00000000ef000000, 0x00000000ef000000|100%| E|CS|TAMS 0x00000000eef00000| PB 0x00000000eef00000| Complete |  0
| 240|0x00000000ef000000, 0x00000000ef100000, 0x00000000ef100000|100%| E|CS|TAMS 0x00000000ef000000| PB 0x00000000ef000000| Complete |  0
| 241|0x00000000ef100000, 0x00000000ef200000, 0x00000000ef200000|100%| E|CS|TAMS 0x00000000ef100000| PB 0x00000000ef100000| Complete |  0
| 242|0x00000000ef200000, 0x00000000ef300000, 0x00000000ef300000|100%| E|CS|TAMS 0x00000000ef200000| PB 0x00000000ef200000| Complete |  0
| 243|0x00000000ef300000, 0x00000000ef400000, 0x00000000ef400000|100%| E|CS|TAMS 0x00000000ef300000| PB 0x00000000ef300000| Complete |  0
| 244|0x00000000ef400000, 0x00000000ef500000, 0x00000000ef500000|100%| E|  |TAMS 0x00000000ef400000| PB 0x00000000ef400000| Complete |  0
| 245|0x00000000ef500000, 0x00000000ef600000, 0x00000000ef600000|100%| E|CS|TAMS 0x00000000ef500000| PB 0x00000000ef500000| Complete |  0
| 246|0x00000000ef600000, 0x00000000ef700000, 0x00000000ef700000|100%| E|CS|TAMS 0x00000000ef600000| PB 0x00000000ef600000| Complete |  0
| 247|0x00000000ef700000, 0x00000000ef800000, 0x00000000ef800000|100%| E|CS|TAMS 0x00000000ef700000| PB 0x00000000ef700000| Complete |  0
| 248|0x00000000ef800000, 0x00000000ef900000, 0x00000000ef900000|100%| E|CS|TAMS 0x00000000ef800000| PB 0x00000000ef800000| Complete |  0
| 249|0x00000000ef900000, 0x00000000efa00000, 0x00000000efa00000|100%| E|CS|TAMS 0x00000000ef900000| PB 0x00000000ef900000| Complete |  0
| 250|0x00000000efa00000, 0x00000000efb00000, 0x00000000efb00000|100%| E|CS|TAMS 0x00000000efa00000| PB 0x00000000efa00000| Complete |  0
| 251|0x00000000efb00000, 0x00000000efc00000, 0x00000000efc00000|100%| E|CS|TAMS 0x00000000efb00000| PB 0x00000000efb00000| Complete |  0
| 252|0x00000000efc00000, 0x00000000efd00000, 0x00000000efd00000|100%| E|CS|TAMS 0x00000000efc00000| PB 0x00000000efc00000| Complete |  0
| 253|0x00000000efd00000, 0x00000000efe00000, 0x00000000efe00000|100%| E|CS|TAMS 0x00000000efd00000| PB 0x00000000efd00000| Complete |  0
| 254|0x00000000efe00000, 0x00000000eff00000, 0x00000000eff00000|100%| E|CS|TAMS 0x00000000efe00000| PB 0x00000000efe00000| Complete |  0
| 255|0x00000000eff00000, 0x00000000f0000000, 0x00000000f0000000|100%| E|CS|TAMS 0x00000000eff00000| PB 0x00000000eff00000| Complete |  0

Card table byte_map: [0x0000017056570000,0x0000017056670000] _byte_map_base: 0x0000017055e70000

Marking Bits: (CMBitMap*) 0x000001703ee18800
 Bits: [0x0000017056670000, 0x0000017056e70000)

Polling page: 0x000001703e5b0000

Metaspace:

Usage:
  Non-class:     14.75 MB used.
      Class:      2.48 MB used.
       Both:     17.23 MB used.

Virtual space:
  Non-class space:       64.00 MB reserved,      15.06 MB ( 24%) committed,  1 nodes.
      Class space:      320.00 MB reserved,       2.75 MB ( <1%) committed,  1 nodes.
             Both:      384.00 MB reserved,      17.81 MB (  5%) committed. 

Chunk freelists:
   Non-Class:  608.00 KB
       Class:  13.30 MB
        Both:  13.89 MB

MaxMetaspaceSize: 384.00 MB
CompressedClassSpaceSize: 320.00 MB
Initial GC threshold: 21.00 MB
Current GC threshold: 21.00 MB
CDS: on
 - commit_granule_bytes: 65536.
 - commit_granule_words: 8192.
 - virtual_space_node_default_size: 8388608.
 - enlarge_chunks_in_place: 1.
 - use_allocation_guard: 0.


Internal statistics:

num_allocs_failed_limit: 0.
num_arena_births: 684.
num_arena_deaths: 0.
num_vsnodes_births: 2.
num_vsnodes_deaths: 0.
num_space_committed: 285.
num_space_uncommitted: 0.
num_chunks_returned_to_freelist: 0.
num_chunks_taken_from_freelist: 1318.
num_chunk_merges: 0.
num_chunk_splits: 855.
num_chunks_enlarged: 588.
num_inconsistent_stats: 0.

CodeHeap 'non-profiled nmethods': size=120000Kb used=1300Kb max_used=1300Kb free=118699Kb
 bounds [0x000001704ec00000, 0x000001704ee70000, 0x0000017056130000]
CodeHeap 'profiled nmethods': size=120000Kb used=5641Kb max_used=5641Kb free=114358Kb
 bounds [0x0000017047130000, 0x00000170476c0000, 0x000001704e660000]
CodeHeap 'non-nmethods': size=5760Kb used=1508Kb max_used=1508Kb free=4251Kb
 bounds [0x000001704e660000, 0x000001704e8d0000, 0x000001704ec00000]
 total_blobs=3437 nmethods=2856 adapters=485
 compilation: enabled
              stopped_count=0, restarted_count=0
 full_count=0

Compilation events (20 events):
Event: 6.217 Thread 0x00000170599fe590 2817       3       java.util.ImmutableCollections$AbstractImmutableList::<init> (5 bytes)
Event: 6.217 Thread 0x00000170599fe590 nmethod 2817 0x000001704769bd10 code [0x000001704769bec0, 0x000001704769c0e8]
Event: 6.218 Thread 0x00000170599fe590 2819       3       java.lang.invoke.MethodHandles$Lookup::checkField (58 bytes)
Event: 6.219 Thread 0x00000170599fe590 nmethod 2819 0x000001704769c210 code [0x000001704769c400, 0x000001704769c840]
Event: 6.221 Thread 0x00000170599fe590 2822       3       java.lang.invoke.DirectMethodHandle::preparedFieldLambdaForm (180 bytes)
Event: 6.222 Thread 0x00000170599fe590 nmethod 2822 0x000001704769ca10 code [0x000001704769cc60, 0x000001704769d378]
Event: 6.222 Thread 0x00000170599fe590 2823       3       java.lang.invoke.DirectMethodHandle$Accessor::<init> (24 bytes)
Event: 6.222 Thread 0x00000170599fe590 nmethod 2823 0x000001704769d690 code [0x000001704769d840, 0x000001704769da38]
Event: 6.222 Thread 0x00000170599fe590 2824       3       java.lang.invoke.DirectMethodHandle::make (21 bytes)
Event: 6.223 Thread 0x00000170599fe590 nmethod 2824 0x000001704769db90 code [0x000001704769dd40, 0x000001704769df20]
Event: 6.223 Thread 0x00000170599fe590 2826       3       java.util.List::of (64 bytes)
Event: 6.224 Thread 0x00000170599fe590 nmethod 2826 0x000001704769e010 code [0x000001704769e2a0, 0x000001704769ef20]
Event: 6.229 Thread 0x00000170599fe590 2830       3       java.lang.invoke.DirectMethodHandle::afIndex (20 bytes)
Event: 6.229 Thread 0x00000170599fe590 nmethod 2830 0x000001704769f310 code [0x000001704769f4a0, 0x000001704769f5e8]
Event: 6.229 Thread 0x00000170599fe590 2831       3       java.lang.invoke.MethodHandles$Lookup::getDirectFieldCommon (67 bytes)
Event: 6.230 Thread 0x00000170599fe590 nmethod 2831 0x000001704769f690 code [0x000001704769f8a0, 0x000001704769fd10]
Event: 6.230 Thread 0x00000170599fe590 2832       3       java.lang.invoke.DirectMethodHandle::ftypeKind (38 bytes)
Event: 6.230 Thread 0x00000170599fe590 nmethod 2832 0x000001704769fe90 code [0x00000170476a0080, 0x00000170476a0358]
Event: 6.274 Thread 0x00000170599fe590 2836       3       java.lang.invoke.MethodType::methodType (44 bytes)
Event: 6.274 Thread 0x00000170599fe590 nmethod 2836 0x00000170476a0490 code [0x00000170476a0680, 0x00000170476a0b10]

GC Heap History (6 events):
Event: 0.739 GC heap before
{Heap before GC invocations=0 (full 0):
 garbage-first heap   total reserved 524288K, committed 262144K, used 27648K [0x00000000e0000000, 0x0000000100000000)
  region size 1024K, 24 young (24576K), 0 survivors (0K)
 Metaspace       used 1102K, committed 1216K, reserved 393216K
  class space    used 77K, committed 128K, reserved 327680K
}
Event: 0.743 GC heap after
{Heap after GC invocations=1 (full 0):
 garbage-first heap   total reserved 524288K, committed 262144K, used 10325K [0x00000000e0000000, 0x0000000100000000)
  region size 1024K, 3 young (3072K), 3 survivors (3072K)
 Metaspace       used 1102K, committed 1216K, reserved 393216K
  class space    used 77K, committed 128K, reserved 327680K
}
Event: 1.780 GC heap before
{Heap before GC invocations=1 (full 0):
 garbage-first heap   total reserved 524288K, committed 262144K, used 43093K [0x00000000e0000000, 0x0000000100000000)
  region size 1024K, 35 young (35840K), 3 survivors (3072K)
 Metaspace       used 4311K, committed 4544K, reserved 393216K
  class space    used 540K, committed 640K, reserved 327680K
}
Event: 1.784 GC heap after
{Heap after GC invocations=2 (full 0):
 garbage-first heap   total reserved 524288K, committed 262144K, used 12694K [0x00000000e0000000, 0x0000000100000000)
  region size 1024K, 2 young (2048K), 2 survivors (2048K)
 Metaspace       used 4311K, committed 4544K, reserved 393216K
  class space    used 540K, committed 640K, reserved 327680K
}
Event: 4.524 GC heap before
{Heap before GC invocations=2 (full 0):
 garbage-first heap   total reserved 524288K, committed 262144K, used 75158K [0x00000000e0000000, 0x0000000100000000)
  region size 1024K, 61 young (62464K), 2 survivors (2048K)
 Metaspace       used 10311K, committed 10624K, reserved 393216K
  class space    used 1388K, committed 1536K, reserved 327680K
}
Event: 4.534 GC heap after
{Heap after GC invocations=3 (full 0):
 garbage-first heap   total reserved 524288K, committed 262144K, used 21151K [0x00000000e0000000, 0x0000000100000000)
  region size 1024K, 8 young (8192K), 8 survivors (8192K)
 Metaspace       used 10311K, committed 10624K, reserved 393216K
  class space    used 1388K, committed 1536K, reserved 327680K
}

Dll operation events (15 events):
Event: 0.016 Loaded shared library C:\Program Files\Java\jdk-22\bin\java.dll
Event: 0.074 Loaded shared library C:\Program Files\Java\jdk-22\bin\jsvml.dll
Event: 0.182 Loaded shared library C:\Program Files\Java\jdk-22\bin\zip.dll
Event: 0.187 Loaded shared library C:\Program Files\Java\jdk-22\bin\instrument.dll
Event: 0.191 Loaded shared library C:\Program Files\Java\jdk-22\bin\net.dll
Event: 0.194 Loaded shared library C:\Program Files\Java\jdk-22\bin\nio.dll
Event: 0.200 Loaded shared library C:\Program Files\Java\jdk-22\bin\zip.dll
Event: 0.539 Loaded shared library C:\Program Files\Java\jdk-22\bin\jimage.dll
Event: 0.764 Loaded shared library C:\Program Files\Java\jdk-22\bin\verify.dll
Event: 0.954 Loaded shared library C:\Users\LAPTOP\.gradle\native\c067742578af261105cb4f569cf0c3c89f3d7b1fecec35dd04571415982c5e48\windows-amd64\native-platform.dll
Event: 0.962 Loaded shared library C:\Users\LAPTOP\.gradle\native\100fb08df4bc3b14c8652ba06237920a3bd2aa13389f12d3474272988ae205f9\windows-amd64-min\native-platform-file-events.dll
Event: 3.319 Loaded shared library C:\Program Files\Java\jdk-22\bin\management.dll
Event: 3.326 Loaded shared library C:\Program Files\Java\jdk-22\bin\management_ext.dll
Event: 3.992 Loaded shared library C:\Program Files\Java\jdk-22\bin\extnet.dll
Event: 4.400 Loaded shared library C:\Program Files\Java\jdk-22\bin\sunmscapi.dll

Deoptimization events (20 events):
Event: 5.014 Thread 0x0000017074ae6db0 DEOPT PACKING pc=0x000001704ed00e80 sp=0x0000004229cfc840
Event: 5.014 Thread 0x0000017074ae6db0 DEOPT UNPACKING pc=0x000001704e6b46a2 sp=0x0000004229cfc778 mode 2
Event: 5.014 Thread 0x0000017074ae6db0 Uncommon trap: trap_request=0xffffffde fr.pc=0x000001704ed00e80 relative=0x00000000000008c0
Event: 5.014 Thread 0x0000017074ae6db0 Uncommon trap: reason=class_check action=maybe_recompile pc=0x000001704ed00e80 method=java.util.regex.Pattern$BmpCharProperty.match(Ljava/util/regex/Matcher;ILjava/lang/CharSequence;)Z @ 36 c2
Event: 5.014 Thread 0x0000017074ae6db0 DEOPT PACKING pc=0x000001704ed00e80 sp=0x0000004229cfc840
Event: 5.014 Thread 0x0000017074ae6db0 DEOPT UNPACKING pc=0x000001704e6b46a2 sp=0x0000004229cfc778 mode 2
Event: 5.729 Thread 0x0000017074ae6db0 Uncommon trap: trap_request=0xffffff45 fr.pc=0x000001704ec93eb0 relative=0x0000000000000170
Event: 5.729 Thread 0x0000017074ae6db0 Uncommon trap: reason=unstable_if action=reinterpret pc=0x000001704ec93eb0 method=java.util.regex.Matcher.reset()Ljava/util/regex/Matcher; @ 47 c2
Event: 5.729 Thread 0x0000017074ae6db0 DEOPT PACKING pc=0x000001704ec93eb0 sp=0x0000004229cfae60
Event: 5.730 Thread 0x0000017074ae6db0 DEOPT UNPACKING pc=0x000001704e6b46a2 sp=0x0000004229cfade8 mode 2
Event: 5.759 Thread 0x0000017074ae6db0 DEOPT PACKING pc=0x00000170472139b9 sp=0x0000004229cfaab0
Event: 5.759 Thread 0x0000017074ae6db0 DEOPT UNPACKING pc=0x000001704e6b4e42 sp=0x0000004229cf9f48 mode 0
Event: 5.910 Thread 0x0000017074ae6db0 Uncommon trap: trap_request=0xffffff45 fr.pc=0x000001704ec219c0 relative=0x0000000000000be0
Event: 5.910 Thread 0x0000017074ae6db0 Uncommon trap: reason=unstable_if action=reinterpret pc=0x000001704ec219c0 method=java.io.WinNTFileSystem.resolve(Ljava/lang/String;Ljava/lang/String;)Ljava/lang/String; @ 42 c2
Event: 5.910 Thread 0x0000017074ae6db0 DEOPT PACKING pc=0x000001704ec219c0 sp=0x0000004229cfb6d0
Event: 5.910 Thread 0x0000017074ae6db0 DEOPT UNPACKING pc=0x000001704e6b46a2 sp=0x0000004229cfb668 mode 2
Event: 5.913 Thread 0x0000017074ae6db0 Uncommon trap: trap_request=0xffffff45 fr.pc=0x000001704ec9315c relative=0x000000000000061c
Event: 5.913 Thread 0x0000017074ae6db0 Uncommon trap: reason=unstable_if action=reinterpret pc=0x000001704ec9315c method=java.io.File.getName()Ljava/lang/String; @ 16 c2
Event: 5.913 Thread 0x0000017074ae6db0 DEOPT PACKING pc=0x000001704ec9315c sp=0x0000004229cfb690
Event: 5.913 Thread 0x0000017074ae6db0 DEOPT UNPACKING pc=0x000001704e6b46a2 sp=0x0000004229cfb660 mode 2

Classes loaded (20 events):
Event: 6.200 Loading class java/lang/invoke/BoundMethodHandle$Species_LLLLLLLLLLLLLLL
Event: 6.200 Loading class java/lang/invoke/BoundMethodHandle$Species_LLLLLLLLLLLLLLL done
Event: 6.204 Loading class java/lang/invoke/BoundMethodHandle$Species_LLLLLLLLLLLLLLLL
Event: 6.204 Loading class java/lang/invoke/BoundMethodHandle$Species_LLLLLLLLLLLLLLLL done
Event: 6.208 Loading class java/lang/invoke/BoundMethodHandle$Species_LLLLLLLLLLLLLLLLL
Event: 6.208 Loading class java/lang/invoke/BoundMethodHandle$Species_LLLLLLLLLLLLLLLLL done
Event: 6.212 Loading class java/lang/invoke/BoundMethodHandle$Species_LLLLLLLLLLLLLLLLLL
Event: 6.212 Loading class java/lang/invoke/BoundMethodHandle$Species_LLLLLLLLLLLLLLLLLL done
Event: 6.216 Loading class java/lang/invoke/BoundMethodHandle$Species_LLLLLLLLLLLLLLLLLLL
Event: 6.216 Loading class java/lang/invoke/BoundMethodHandle$Species_LLLLLLLLLLLLLLLLLLL done
Event: 6.219 Loading class java/lang/invoke/BoundMethodHandle$Species_LLLLLLLLLLLLLLLLLLLL
Event: 6.219 Loading class java/lang/invoke/BoundMethodHandle$Species_LLLLLLLLLLLLLLLLLLLL done
Event: 6.222 Loading class java/lang/invoke/BoundMethodHandle$Species_LLLLLLLLLLLLLLLLLLLLL
Event: 6.222 Loading class java/lang/invoke/BoundMethodHandle$Species_LLLLLLLLLLLLLLLLLLLLL done
Event: 6.226 Loading class java/lang/invoke/BoundMethodHandle$Species_LLLLLLLLLLLLLLLLLLLLLL
Event: 6.226 Loading class java/lang/invoke/BoundMethodHandle$Species_LLLLLLLLLLLLLLLLLLLLLL done
Event: 6.230 Loading class java/lang/invoke/BoundMethodHandle$Species_LLLLLLLLLLLLLLLLLLLLLLL
Event: 6.230 Loading class java/lang/invoke/BoundMethodHandle$Species_LLLLLLLLLLLLLLLLLLLLLLL done
Event: 6.320 Loading class java/util/Collections$2
Event: 6.320 Loading class java/util/Collections$2 done

Classes unloaded (0 events):
No events

Classes redefined (0 events):
No events

Internal exceptions (20 events):
Event: 5.615 Thread 0x0000017074ae6db0 Exception <a 'java/lang/NoSuchMethodError'{0x00000000ee96b300}: 'void java.lang.invoke.DirectMethodHandle$Holder.invokeInterface(java.lang.Object, java.lang.Object)'> (0x00000000ee96b300) 
thrown [s\open\src\hotspot\share\interpreter\linkResolver.cpp, line 774]
Event: 5.616 Thread 0x0000017074ae6db0 Exception <a 'java/lang/IncompatibleClassChangeError'{0x00000000ee96e870}: Found class java.lang.Object, but interface was expected> (0x00000000ee96e870) 
thrown [s\open\src\hotspot\share\interpreter\linkResolver.cpp, line 841]
Event: 5.674 Thread 0x0000017074ae6db0 Exception <a 'java/lang/NoSuchMethodError'{0x00000000ee70d0a0}: 'java.lang.Object java.lang.invoke.DirectMethodHandle$Holder.newInvokeSpecial(java.lang.Object, java.lang.Object, int)'> (0x00000000ee70d0a0) 
thrown [s\open\src\hotspot\share\interpreter\linkResolver.cpp, line 774]
Event: 5.716 Thread 0x0000017074ae6db0 Exception <a 'java/lang/NoSuchMethodError'{0x00000000ee617bc0}: 'java.lang.Object java.lang.invoke.DirectMethodHandle$Holder.invokeVirtual(java.lang.Object, java.lang.Object, java.lang.Object, java.lang.Object, java.lang.Object, java.lang.Object, java.lang.Object, java.lang.Object)'> (0x00000000ee617bc0) 
thrown [s\open\src\hotspot\share\interpreter\linkResolver.cpp, line 774]
Event: 5.990 Thread 0x0000017074ae6db0 Exception <a 'java/lang/NoSuchMethodError'{0x00000000ee2fc400}: 'int java.lang.invoke.DirectMethodHandle$Holder.invokeSpecialIFC(java.lang.Object, java.lang.Object, java.lang.Object, java.lang.Object)'> (0x00000000ee2fc400) 
thrown [s\open\src\hotspot\share\interpreter\linkResolver.cpp, line 774]
Event: 5.994 Thread 0x0000017074ae6db0 Exception <a 'java/lang/NoSuchMethodError'{0x00000000ee10a1e0}: 'java.lang.Object java.lang.invoke.DirectMethodHandle$Holder.invokeInterface(java.lang.Object, java.lang.Object, java.lang.Object)'> (0x00000000ee10a1e0) 
thrown [s\open\src\hotspot\share\interpreter\linkResolver.cpp, line 774]
Event: 5.995 Thread 0x0000017074ae6db0 Exception <a 'java/lang/IncompatibleClassChangeError'{0x00000000ee10dde8}: Found class java.lang.Object, but interface was expected> (0x00000000ee10dde8) 
thrown [s\open\src\hotspot\share\interpreter\linkResolver.cpp, line 841]
Event: 6.073 Thread 0x0000017074ae6db0 Exception <a 'java/lang/NoSuchMethodError'{0x00000000ee0fa5a0}: 'int java.lang.invoke.DirectMethodHandle$Holder.invokeStatic(java.lang.Object, java.lang.Object, java.lang.Object, java.lang.Object)'> (0x00000000ee0fa5a0) 
thrown [s\open\src\hotspot\share\interpreter\linkResolver.cpp, line 774]
Event: 6.185 Thread 0x0000017074ae6db0 Exception <a 'java/lang/NoSuchMethodError'{0x00000000eded3c28}: 'java.lang.Object java.lang.invoke.DelegatingMethodHandle$Holder.reinvoke_L(java.lang.Object, java.lang.Object, java.lang.Object, java.lang.Object, java.lang.Object, java.lang.Object, java.lang.Object, java.lang.Object, java.lang.Object, java.lang.Object, java.lang.Object, java.lang.Object, java.lang.Object, java.lang.Object, java.lang.Object, java.lang.Object, java.lang.Object, java.lang.Object, java.lang.Object, java.lang.Object, java.lang.O
Event: 6.197 Thread 0x0000017074ae6db0 Exception <a 'java/lang/NoSuchMethodError'{0x00000000edd41ad0}: 'java.lang.Object java.lang.invoke.DirectMethodHandle$Holder.invokeStatic(java.lang.Object, java.lang.Object, java.lang.Object, java.lang.Object, java.lang.Object, java.lang.Object, java.lang.Object, java.lang.Object, java.lang.Object, java.lang.Object, java.lang.Object, java.lang.Object, java.lang.Object, java.lang.Object, java.lang.Object, java.lang.Object, java.lang.Object)'> (0x00000000edd41ad0) 
thrown [s\open\src\hotspot\share\interprete
Event: 6.202 Thread 0x0000017074ae6db0 Exception <a 'java/lang/NoSuchMethodError'{0x00000000edd6a830}: 'java.lang.Object java.lang.invoke.DirectMethodHandle$Holder.invokeStatic(java.lang.Object, java.lang.Object, java.lang.Object, java.lang.Object, java.lang.Object, java.lang.Object, java.lang.Object, java.lang.Object, java.lang.Object, java.lang.Object, java.lang.Object, java.lang.Object, java.lang.Object, java.lang.Object, java.lang.Object, java.lang.Object, java.lang.Object, java.lang.Object)'> (0x00000000edd6a830) 
thrown [s\open\src\hotspo
Event: 6.206 Thread 0x0000017074ae6db0 Exception <a 'java/lang/NoSuchMethodError'{0x00000000edd94d38}: 'java.lang.Object java.lang.invoke.DirectMethodHandle$Holder.invokeStatic(java.lang.Object, java.lang.Object, java.lang.Object, java.lang.Object, java.lang.Object, java.lang.Object, java.lang.Object, java.lang.Object, java.lang.Object, java.lang.Object, java.lang.Object, java.lang.Object, java.lang.Object, java.lang.Object, java.lang.Object, java.lang.Object, java.lang.Object, java.lang.Object, java.lang.Object)'> (0x00000000edd94d38) 
thrown 
Event: 6.210 Thread 0x0000017074ae6db0 Exception <a 'java/lang/NoSuchMethodError'{0x00000000eddc0230}: 'java.lang.Object java.lang.invoke.DirectMethodHandle$Holder.invokeStatic(java.lang.Object, java.lang.Object, java.lang.Object, java.lang.Object, java.lang.Object, java.lang.Object, java.lang.Object, java.lang.Object, java.lang.Object, java.lang.Object, java.lang.Object, java.lang.Object, java.lang.Object, java.lang.Object, java.lang.Object, java.lang.Object, java.lang.Object, java.lang.Object, java.lang.Object, java.lang.Object)'> (0x00000000
Event: 6.214 Thread 0x0000017074ae6db0 Exception <a 'java/lang/NoSuchMethodError'{0x00000000eddec938}: 'java.lang.Object java.lang.invoke.DirectMethodHandle$Holder.invokeStatic(java.lang.Object, java.lang.Object, java.lang.Object, java.lang.Object, java.lang.Object, java.lang.Object, java.lang.Object, java.lang.Object, java.lang.Object, java.lang.Object, java.lang.Object, java.lang.Object, java.lang.Object, java.lang.Object, java.lang.Object, java.lang.Object, java.lang.Object, java.lang.Object, java.lang.Object, java.lang.Object, java.lang.Obj
Event: 6.217 Thread 0x0000017074ae6db0 Exception <a 'java/lang/NoSuchMethodError'{0x00000000edc1a5a8}: 'java.lang.Object java.lang.invoke.DirectMethodHandle$Holder.invokeStatic(java.lang.Object, java.lang.Object, java.lang.Object, java.lang.Object, java.lang.Object, java.lang.Object, java.lang.Object, java.lang.Object, java.lang.Object, java.lang.Object, java.lang.Object, java.lang.Object, java.lang.Object, java.lang.Object, java.lang.Object, java.lang.Object, java.lang.Object, java.lang.Object, java.lang.Object, java.lang.Object, java.lang.Obj
Event: 6.220 Thread 0x0000017074ae6db0 Exception <a 'java/lang/NoSuchMethodError'{0x00000000edc48870}: 'java.lang.Object java.lang.invoke.DirectMethodHandle$Holder.invokeStatic(java.lang.Object, java.lang.Object, java.lang.Object, java.lang.Object, java.lang.Object, java.lang.Object, java.lang.Object, java.lang.Object, java.lang.Object, java.lang.Object, java.lang.Object, java.lang.Object, java.lang.Object, java.lang.Object, java.lang.Object, java.lang.Object, java.lang.Object, java.lang.Object, java.lang.Object, java.lang.Object, java.lang.Obj
Event: 6.224 Thread 0x0000017074ae6db0 Exception <a 'java/lang/NoSuchMethodError'{0x00000000edc77aa8}: 'java.lang.Object java.lang.invoke.DirectMethodHandle$Holder.invokeStatic(java.lang.Object, java.lang.Object, java.lang.Object, java.lang.Object, java.lang.Object, java.lang.Object, java.lang.Object, java.lang.Object, java.lang.Object, java.lang.Object, java.lang.Object, java.lang.Object, java.lang.Object, java.lang.Object, java.lang.Object, java.lang.Object, java.lang.Object, java.lang.Object, java.lang.Object, java.lang.Object, java.lang.Obj
Event: 6.228 Thread 0x0000017074ae6db0 Exception <a 'java/lang/NoSuchMethodError'{0x00000000edca7b38}: 'java.lang.Object java.lang.invoke.DirectMethodHandle$Holder.invokeStatic(java.lang.Object, java.lang.Object, java.lang.Object, java.lang.Object, java.lang.Object, java.lang.Object, java.lang.Object, java.lang.Object, java.lang.Object, java.lang.Object, java.lang.Object, java.lang.Object, java.lang.Object, java.lang.Object, java.lang.Object, java.lang.Object, java.lang.Object, java.lang.Object, java.lang.Object, java.lang.Object, java.lang.Obj
Event: 6.231 Thread 0x0000017074ae6db0 Exception <a 'java/lang/NoSuchMethodError'{0x00000000edcd9248}: 'java.lang.Object java.lang.invoke.DirectMethodHandle$Holder.invokeStatic(java.lang.Object, java.lang.Object, java.lang.Object, java.lang.Object, java.lang.Object, java.lang.Object, java.lang.Object, java.lang.Object, java.lang.Object, java.lang.Object, java.lang.Object, java.lang.Object, java.lang.Object, java.lang.Object, java.lang.Object, java.lang.Object, java.lang.Object, java.lang.Object, java.lang.Object, java.lang.Object, java.lang.Obj
Event: 6.273 Thread 0x0000017074ae6db0 Exception <a 'java/lang/IncompatibleClassChangeError'{0x00000000edbcf848}: Found class java.lang.Object, but interface was expected> (0x00000000edbcf848) 
thrown [s\open\src\hotspot\share\interpreter\linkResolver.cpp, line 841]

ZGC Phase Switch (0 events):
No events

VM Operations (20 events):
Event: 3.670 Executing VM operation: HandshakeAllThreads (Deoptimize)
Event: 3.670 Executing VM operation: HandshakeAllThreads (Deoptimize) done
Event: 3.793 Executing VM operation: HandshakeAllThreads (Deoptimize)
Event: 3.793 Executing VM operation: HandshakeAllThreads (Deoptimize) done
Event: 3.932 Executing VM operation: HandshakeAllThreads (Deoptimize)
Event: 3.932 Executing VM operation: HandshakeAllThreads (Deoptimize) done
Event: 3.932 Executing VM operation: Cleanup
Event: 3.932 Executing VM operation: Cleanup done
Event: 4.359 Executing VM operation: HandshakeAllThreads (Deoptimize)
Event: 4.359 Executing VM operation: HandshakeAllThreads (Deoptimize) done
Event: 4.524 Executing VM operation: G1CollectForAllocation (G1 Evacuation Pause)
Event: 4.534 Executing VM operation: G1CollectForAllocation (G1 Evacuation Pause) done
Event: 5.541 Executing VM operation: Cleanup
Event: 5.542 Executing VM operation: Cleanup done
Event: 5.670 Executing VM operation: HandshakeAllThreads (Deoptimize)
Event: 5.671 Executing VM operation: HandshakeAllThreads (Deoptimize) done
Event: 6.247 Executing VM operation: HandshakeAllThreads (Deoptimize)
Event: 6.247 Executing VM operation: HandshakeAllThreads (Deoptimize) done
Event: 6.248 Executing VM operation: HandshakeAllThreads (Deoptimize)
Event: 6.248 Executing VM operation: HandshakeAllThreads (Deoptimize) done

Events (20 events):
Event: 1.316 Thread 0x00000170599fb5e0 Thread exited: 0x00000170599fb5e0
Event: 1.725 Thread 0x00000170599fec60 Thread exited: 0x00000170599fec60
Event: 2.463 Thread 0x00000170599fb5e0 Thread added: 0x00000170599fb5e0
Event: 2.693 Thread 0x00000170599fb5e0 Thread exited: 0x00000170599fb5e0
Event: 3.187 Thread 0x00000170599fb5e0 Thread added: 0x00000170599fb5e0
Event: 3.458 Thread 0x0000017074799090 Thread added: 0x0000017074799090
Event: 4.145 Thread 0x0000017074b8bda0 Thread added: 0x0000017074b8bda0
Event: 4.358 Thread 0x0000017074b04290 Thread added: 0x0000017074b04290
Event: 4.454 Thread 0x0000017074ac9050 Thread added: 0x0000017074ac9050
Event: 4.462 Thread 0x0000017074a996e0 Thread added: 0x0000017074a996e0
Event: 4.550 Thread 0x0000017074ae5c80 Thread added: 0x0000017074ae5c80
Event: 4.567 Thread 0x0000017074ae6db0 Thread added: 0x0000017074ae6db0
Event: 4.586 Thread 0x0000017074ae7440 Thread added: 0x0000017074ae7440
Event: 4.594 Thread 0x0000017074ae6720 Thread added: 0x0000017074ae6720
Event: 4.599 Thread 0x0000017074ae7ad0 Thread added: 0x0000017074ae7ad0
Event: 5.278 Thread 0x00000170599fb5e0 Thread exited: 0x00000170599fb5e0
Event: 5.671 Thread 0x0000017074deb890 Thread added: 0x0000017074deb890
Event: 5.695 Thread 0x0000017074debf20 Thread added: 0x0000017074debf20
Event: 5.787 Thread 0x0000017074deab70 Thread added: 0x0000017074deab70
Event: 6.184 Thread 0x00000170599fdec0 Thread added: 0x00000170599fdec0


Dynamic libraries:
0x00007ff77a750000 - 0x00007ff77a760000 	C:\Program Files\Java\jdk-22\bin\java.exe
0x00007ff918df0000 - 0x00007ff919007000 	C:\WINDOWS\SYSTEM32\ntdll.dll
0x00007ff916e70000 - 0x00007ff916f34000 	C:\WINDOWS\System32\KERNEL32.DLL
0x00007ff916160000 - 0x00007ff916519000 	C:\WINDOWS\System32\KERNELBASE.dll
0x00007ff916910000 - 0x00007ff916a21000 	C:\WINDOWS\System32\ucrtbase.dll
0x00007ff90d090000 - 0x00007ff90d0a7000 	C:\Program Files\Java\jdk-22\bin\jli.dll
0x00007ff9186e0000 - 0x00007ff918792000 	C:\WINDOWS\System32\ADVAPI32.dll
0x00007ff918500000 - 0x00007ff9185a7000 	C:\WINDOWS\System32\msvcrt.dll
0x00007ff9187a0000 - 0x00007ff918847000 	C:\WINDOWS\System32\sechost.dll
0x00007ff916ae0000 - 0x00007ff916b08000 	C:\WINDOWS\System32\bcrypt.dll
0x00007ff917860000 - 0x00007ff917974000 	C:\WINDOWS\System32\RPCRT4.dll
0x00007ff917040000 - 0x00007ff9171ee000 	C:\WINDOWS\System32\USER32.dll
0x00007ff916a30000 - 0x00007ff916a56000 	C:\WINDOWS\System32\win32u.dll
0x00007ff916b90000 - 0x00007ff916bb9000 	C:\WINDOWS\System32\GDI32.dll
0x00007ff916690000 - 0x00007ff9167ab000 	C:\WINDOWS\System32\gdi32full.dll
0x00007ff9167b0000 - 0x00007ff91684a000 	C:\WINDOWS\System32\msvcp_win.dll
0x00007ff90d0b0000 - 0x00007ff90d0cb000 	C:\Program Files\Java\jdk-22\bin\VCRUNTIME140.dll
0x00007ff8f2080000 - 0x00007ff8f2312000 	C:\WINDOWS\WinSxS\amd64_microsoft.windows.common-controls_6595b64144ccf1df_6.0.22621.4391_none_2715d37f73803e96\COMCTL32.dll
0x00007ff913c20000 - 0x00007ff913c2a000 	C:\WINDOWS\SYSTEM32\VERSION.dll
0x00007ff916ff0000 - 0x00007ff917021000 	C:\WINDOWS\System32\IMM32.DLL
0x00007ff90e720000 - 0x00007ff90e72c000 	C:\Program Files\Java\jdk-22\bin\vcruntime140_1.dll
0x00007ff8e45f0000 - 0x00007ff8e467e000 	C:\Program Files\Java\jdk-22\bin\msvcp140.dll
0x00007ff861790000 - 0x00007ff8624d7000 	C:\Program Files\Java\jdk-22\bin\server\jvm.dll
0x00007ff9171f0000 - 0x00007ff917261000 	C:\WINDOWS\System32\WS2_32.dll
0x00007ff915f10000 - 0x00007ff915f5d000 	C:\WINDOWS\SYSTEM32\POWRPROF.dll
0x00007ff910d00000 - 0x00007ff910d34000 	C:\WINDOWS\SYSTEM32\WINMM.dll
0x00007ff915df0000 - 0x00007ff915e03000 	C:\WINDOWS\SYSTEM32\UMPDC.dll
0x00007ff9150f0000 - 0x00007ff915108000 	C:\WINDOWS\SYSTEM32\kernel.appcore.dll
0x00007ff90e6a0000 - 0x00007ff90e6aa000 	C:\Program Files\Java\jdk-22\bin\jimage.dll
0x00007ff90ce50000 - 0x00007ff90d082000 	C:\WINDOWS\SYSTEM32\DBGHELP.DLL
0x00007ff917270000 - 0x00007ff9175ff000 	C:\WINDOWS\System32\combase.dll
0x00007ff917980000 - 0x00007ff917a57000 	C:\WINDOWS\System32\OLEAUT32.dll
0x00007ff90c6d0000 - 0x00007ff90c702000 	C:\WINDOWS\SYSTEM32\dbgcore.DLL
0x00007ff916a60000 - 0x00007ff916adb000 	C:\WINDOWS\System32\bcryptPrimitives.dll
0x00007ff90b940000 - 0x00007ff90b94f000 	C:\Program Files\Java\jdk-22\bin\instrument.dll
0x00007ff90b920000 - 0x00007ff90b93e000 	C:\Program Files\Java\jdk-22\bin\java.dll
0x00007ff917ac0000 - 0x00007ff918336000 	C:\WINDOWS\System32\SHELL32.dll
0x00007ff916ca0000 - 0x00007ff916e45000 	C:\WINDOWS\System32\ole32.dll
0x00007ff913fe0000 - 0x00007ff9148e3000 	C:\WINDOWS\SYSTEM32\windows.storage.dll
0x00007ff913ea0000 - 0x00007ff913fdf000 	C:\WINDOWS\SYSTEM32\wintypes.dll
0x00007ff9185b0000 - 0x00007ff9186a9000 	C:\WINDOWS\System32\SHCORE.dll
0x00007ff918850000 - 0x00007ff9188ae000 	C:\WINDOWS\System32\shlwapi.dll
0x00007ff916020000 - 0x00007ff91604b000 	C:\WINDOWS\SYSTEM32\profapi.dll
0x00007ff8e4510000 - 0x00007ff8e45e7000 	C:\Program Files\Java\jdk-22\bin\jsvml.dll
0x00007ff9066a0000 - 0x00007ff9066b7000 	C:\Program Files\Java\jdk-22\bin\zip.dll
0x00007ff906f80000 - 0x00007ff906f90000 	C:\Program Files\Java\jdk-22\bin\net.dll
0x00007ff915560000 - 0x00007ff9155c9000 	C:\WINDOWS\system32\mswsock.dll
0x00007ff8fb1e0000 - 0x00007ff8fb1f6000 	C:\Program Files\Java\jdk-22\bin\nio.dll
0x00007ff8f7b10000 - 0x00007ff8f7b20000 	C:\Program Files\Java\jdk-22\bin\verify.dll
0x00007ff910eb0000 - 0x00007ff910ed7000 	C:\Users\LAPTOP\.gradle\native\c067742578af261105cb4f569cf0c3c89f3d7b1fecec35dd04571415982c5e48\windows-amd64\native-platform.dll
0x00007ff8cb7a0000 - 0x00007ff8cb8e4000 	C:\Users\LAPTOP\.gradle\native\100fb08df4bc3b14c8652ba06237920a3bd2aa13389f12d3474272988ae205f9\windows-amd64-min\native-platform-file-events.dll
0x00007ff8f7b00000 - 0x00007ff8f7b0a000 	C:\Program Files\Java\jdk-22\bin\management.dll
0x00007ff8f7af0000 - 0x00007ff8f7afb000 	C:\Program Files\Java\jdk-22\bin\management_ext.dll
0x00007ff916b80000 - 0x00007ff916b88000 	C:\WINDOWS\System32\PSAPI.DLL
0x00007ff915770000 - 0x00007ff91578b000 	C:\WINDOWS\SYSTEM32\CRYPTSP.dll
0x00007ff915050000 - 0x00007ff915085000 	C:\WINDOWS\system32\rsaenh.dll
0x00007ff915610000 - 0x00007ff915638000 	C:\WINDOWS\SYSTEM32\USERENV.dll
0x00007ff915790000 - 0x00007ff91579c000 	C:\WINDOWS\SYSTEM32\CRYPTBASE.dll
0x00007ff914b50000 - 0x00007ff914b7d000 	C:\WINDOWS\SYSTEM32\IPHLPAPI.DLL
0x00007ff917030000 - 0x00007ff917039000 	C:\WINDOWS\System32\NSI.dll
0x00007ff8f7ae0000 - 0x00007ff8f7ae9000 	C:\Program Files\Java\jdk-22\bin\extnet.dll
0x00007ff8f7ad0000 - 0x00007ff8f7ade000 	C:\Program Files\Java\jdk-22\bin\sunmscapi.dll
0x00007ff916520000 - 0x00007ff916686000 	C:\WINDOWS\System32\CRYPT32.dll
0x00007ff9159a0000 - 0x00007ff9159cd000 	C:\WINDOWS\SYSTEM32\ncrypt.dll
0x00007ff915960000 - 0x00007ff915997000 	C:\WINDOWS\SYSTEM32\NTASN1.dll
0x00007ff8aba90000 - 0x00007ff8aba98000 	C:\WINDOWS\system32\wshunix.dll

dbghelp: loaded successfully - version: 4.0.5 - missing functions: none
symbol engine: initialized successfully - sym options: 0x614 - pdb path: .;C:\Program Files\Java\jdk-22\bin;C:\WINDOWS\SYSTEM32;C:\WINDOWS\WinSxS\amd64_microsoft.windows.common-controls_6595b64144ccf1df_6.0.22621.4391_none_2715d37f73803e96;C:\Program Files\Java\jdk-22\bin\server;C:\Users\LAPTOP\.gradle\native\c067742578af261105cb4f569cf0c3c89f3d7b1fecec35dd04571415982c5e48\windows-amd64;C:\Users\LAPTOP\.gradle\native\100fb08df4bc3b14c8652ba06237920a3bd2aa13389f12d3474272988ae205f9\windows-amd64-min

VM Arguments:
jvm_args: --add-opens=java.base/java.util=ALL-UNNAMED --add-opens=java.base/java.lang=ALL-UNNAMED --add-opens=java.base/java.lang.invoke=ALL-UNNAMED --add-opens=java.prefs/java.util.prefs=ALL-UNNAMED --add-exports=jdk.compiler/com.sun.tools.javac.api=ALL-UNNAMED --add-exports=jdk.compiler/com.sun.tools.javac.util=ALL-UNNAMED --add-opens=java.base/java.nio.charset=ALL-UNNAMED --add-opens=java.base/java.net=ALL-UNNAMED --add-opens=java.base/java.util.concurrent.atomic=ALL-UNNAMED -XX:MaxMetaspaceSize=384m -XX:+HeapDumpOnOutOfMemoryError -Xms256m -Xmx512m -Dfile.encoding=UTF-8 -Duser.country=GB -Duser.language=en -Duser.variant -javaagent:C:\Users\LAPTOP\.gradle\wrapper\dists\gradle-8.10.1-bin\e90i968nv55tch01zkse4avv3\gradle-8.10.1\lib\agents\gradle-instrumentation-agent-8.10.1.jar 
java_command: org.gradle.launcher.daemon.bootstrap.GradleDaemon 8.10.1
java_class_path (initial): C:\Users\LAPTOP\.gradle\wrapper\dists\gradle-8.10.1-bin\e90i968nv55tch01zkse4avv3\gradle-8.10.1\lib\gradle-daemon-main-8.10.1.jar
Launcher Type: SUN_STANDARD

[Global flags]
     intx CICompilerCount                          = 4                                         {product} {ergonomic}
   size_t CompressedClassSpaceSize                 = 335544320                                 {product} {ergonomic}
     uint ConcGCThreads                            = 2                                         {product} {ergonomic}
     uint G1ConcRefinementThreads                  = 8                                         {product} {ergonomic}
   size_t G1HeapRegionSize                         = 1048576                                   {product} {ergonomic}
     bool HeapDumpOnOutOfMemoryError               = true                                   {manageable} {command line}
   size_t InitialHeapSize                          = 268435456                                 {product} {command line}
   size_t MarkStackSize                            = 4194304                                   {product} {ergonomic}
   size_t MaxHeapSize                              = 536870912                                 {product} {command line}
   size_t MaxMetaspaceSize                         = 402653184                                 {product} {command line}
   size_t MaxNewSize                               = 321912832                                 {product} {ergonomic}
   size_t MinHeapDeltaBytes                        = 1048576                                   {product} {ergonomic}
   size_t MinHeapSize                              = 268435456                                 {product} {command line}
    uintx NonNMethodCodeHeapSize                   = 5839372                                {pd product} {ergonomic}
    uintx NonProfiledCodeHeapSize                  = 122909434                              {pd product} {ergonomic}
    uintx ProfiledCodeHeapSize                     = 122909434                              {pd product} {ergonomic}
    uintx ReservedCodeCacheSize                    = 251658240                              {pd product} {ergonomic}
     bool SegmentedCodeCache                       = true                                      {product} {ergonomic}
   size_t SoftMaxHeapSize                          = 536870912                              {manageable} {ergonomic}
     bool UseCompressedOops                        = true                           {product lp64_product} {ergonomic}
     bool UseG1GC                                  = true                                      {product} {ergonomic}
     bool UseLargePagesIndividualAllocation        = false                                  {pd product} {ergonomic}

Logging:
Log output configuration:
 #0: stdout all=warning uptime,level,tags foldmultilines=false
 #1: stderr all=off uptime,level,tags foldmultilines=false

Environment Variables:
PATH=C:\Program Files\Common Files\Oracle\Java\javapath;C:\WINDOWS\system32;C:\WINDOWS;C:\WINDOWS\System32\Wbem;C:\WINDOWS\System32\WindowsPowerShell\v1.0\;C:\WINDOWS\System32\OpenSSH\;C:\Program Files\Microsoft SQL Server\150\Tools\Binn\;C:\Program Files\Git\cmd;C:\Program Files\nodejs\;C:\Program Files (x86)\Rational\common;C:\Program Files\Docker\Docker\resources\bin;C:\Users\LAPTOP\AppData\Local\Microsoft\WindowsApps;C:\Users\LAPTOP\AppData\Local\Programs\Microsoft VS Code\bin;C:\Program Files\JetBrains\PyCharm 2024.1.4\bin;;C:\Users\LAPTOP\AppData\Roaming\npm;C:\Users\LAPTOP\AppData\Local\Programs\mongosh\;C:\Program Files\MongoDB\Server\8.0\bin;
USERNAME=LAPTOP
OS=Windows_NT
PROCESSOR_IDENTIFIER=Intel64 Family 6 Model 142 Stepping 11, GenuineIntel
TMP=C:\Users\LAPTOP\AppData\Local\Temp
TEMP=C:\Users\LAPTOP\AppData\Local\Temp




Periodic native trim disabled

---------------  S Y S T E M  ---------------

OS:
 Windows 11 , 64 bit Build 22621 (10.0.22621.4391)
OS uptime: 0 days 0:48 hours
Hyper-V role detected

CPU: total 8 (initial active 8) (4 cores per cpu, 2 threads per core) family 6 model 142 stepping 11 microcode 0xde, cx8, cmov, fxsr, ht, mmx, 3dnowpref, sse, sse2, sse3, ssse3, sse4.1, sse4.2, popcnt, lzcnt, tsc, tscinvbit, avx, avx2, aes, erms, clmul, bmi1, bmi2, adx, fma, vzeroupper, clflush, clflushopt, hv, rdtscp, f16c
Processor Information for all 8 processors :
  Max Mhz: 1800, Current Mhz: 1600, Mhz Limit: 1584

Memory: 4k page, system-wide physical 8013M (425M free)
TotalPageFile size 19271M (AvailPageFile size 6M)
current process WorkingSet (physical memory assigned to process): 199M, peak: 201M
current process commit charge ("private bytes"): 423M, peak: 424M

vm_info: Java HotSpot(TM) 64-Bit Server VM (22.0.1+8-16) for windows-amd64 JRE (22.0.1+8-16), built on 2024-03-12T10:33:16Z by "mach5one" with MS VC++ 17.6 (VS2022)

END.
